This file contains any messages produced by compilers while
running configure, to aid debugging if configure makes a mistake.

It was created by configure, which was
generated by GNU Autoconf 2.59.  Invocation command line was

  $ ./gstreamer-0.10.2/configure 

## --------- ##
## Platform. ##
## --------- ##

hostname = panda
uname -m = i686
uname -r = 2.6.32-25-generic
uname -s = Linux
uname -v = #45-Ubuntu SMP Sat Oct 16 19:48:22 UTC 2010

/usr/bin/uname -p = unknown
/bin/uname -X     = unknown

/bin/arch              = unknown
/usr/bin/arch -k       = unknown
/usr/convex/getsysinfo = unknown
hostinfo               = unknown
/bin/machine           = unknown
/usr/bin/oslevel       = unknown
/bin/universe          = unknown

PATH: /utils/em8xxx/spade/1.6/
PATH: /utils/em8xxx/spbin/1.2.16c/bin/
PATH: /utils/em8xxx/spasm/3.0.4/bin/
PATH: /users/phai/workspace/3.10.0/patch_branch_3.10.0/set_rua_test/build_configs/../xbin
PATH: /utils/release/sets/3_9_3_iptv_dev/csrootfs/cross_rootfs/bin
PATH: /utils/release/sets/3_9_3_iptv_dev/csrootfs/host/bin
PATH: /utils/release/sets/3_9_3_iptv_dev/cstoolchain/bin/
PATH: /utils/thirdparty/ccache/i686/bin
PATH: /utils/thirdparty/openssl/0.9.8a/i686/bin
PATH: /utils/thirdparty/tkcvs/7.2.4/noarch/bin
PATH: /utils/em8xxx/mdbg/bin/i686
PATH: /utils/em8xxx/mdbg/ub/1.25-14/bin
PATH: /utils/em8xxx/reference/i386/bin
PATH: /users/phai/bin
PATH: ~/bin
PATH: /usr/local/sbin
PATH: /usr/local/bin
PATH: /usr/sbin
PATH: /usr/bin
PATH: /sbin
PATH: /bin
PATH: /usr/games
PATH: ~/scripts
PATH: /utils/em8xxx/probe/bin/i686
PATH: /utils/em8xxx/shelldriver/bin
PATH: /utils/em8xxx/shelldriver/xbin
PATH: /utils/em8xxx/shelldriver/xload3
PATH: /utils/thirdparty/jtag/i686/bin
PATH: /utils/thirdparty/Acrobat7/i686/bin


## ----------- ##
## Core tests. ##
## ----------- ##

configure:1533: configuring gstreamer for release
configure:1578: checking whether to enable maintainer-specific portions of Makefiles
configure:1587: result: no
configure:1634: checking build system type
configure:1652: result: i686-pc-linux-gnu
configure:1660: checking host system type
configure:1674: result: i686-pc-linux-gnu
configure:1697: checking for a BSD-compatible install
configure:1752: result: /usr/bin/install -c
configure:1763: checking whether build environment is sane

## ---------------- ##
## Cache variables. ##
## ---------------- ##

ac_cv_build=i686-pc-linux-gnu
ac_cv_build_alias=i686-pc-linux-gnu
ac_cv_env_CCASFLAGS_set=
ac_cv_env_CCASFLAGS_value=
ac_cv_env_CCAS_set=
ac_cv_env_CCAS_value=
ac_cv_env_CC_set=
ac_cv_env_CC_value=
ac_cv_env_CFLAGS_set=
ac_cv_env_CFLAGS_value=
ac_cv_env_CPPFLAGS_set=
ac_cv_env_CPPFLAGS_value=
ac_cv_env_CPP_set=
ac_cv_env_CPP_value=
ac_cv_env_LDFLAGS_set=
ac_cv_env_LDFLAGS_value=
ac_cv_env_build_alias_set=
ac_cv_env_build_alias_value=
ac_cv_env_host_alias_set=
ac_cv_env_host_alias_value=
ac_cv_env_target_alias_set=
ac_cv_env_target_alias_value=
ac_cv_host=i686-pc-linux-gnu
ac_cv_host_alias=i686-pc-linux-gnu
ac_cv_path_install='/usr/bin/install -c'

## ----------------- ##
## Output variables. ##
## ----------------- ##

ACLOCAL=''
ACLOCAL_AMFLAGS=''
AMDEPBACKSLASH=''
AMDEP_FALSE=''
AMDEP_TRUE=''
AMTAR=''
AR=''
AUTOCONF=''
AUTOHEADER=''
AUTOMAKE=''
AWK=''
BISON_PATH=''
BUILD_EXAMPLES_FALSE=''
BUILD_EXAMPLES_TRUE=''
BUILD_FAILING_TESTS_FALSE=''
BUILD_FAILING_TESTS_TRUE=''
BUILD_TESTS_FALSE=''
BUILD_TESTS_TRUE=''
CAT_ENTRY_END=''
CAT_ENTRY_START=''
CC=''
CCAS=''
CCASFLAGS=''
CCDEPMODE=''
CFLAGS=''
CHECK_CFLAGS=''
CHECK_LIBS=''
CPP=''
CPPFLAGS=''
CYGPATH_W=''
DEFS=''
DEPDIR=''
DEPRECATED_CFLAGS=''
DOCBOOK_ROOT=''
DOC_HTML_FALSE=''
DOC_HTML_TRUE=''
DOC_PDF_FALSE=''
DOC_PDF_TRUE=''
DOC_PS_FALSE=''
DOC_PS_TRUE=''
ECHO='echo'
ECHO_C=''
ECHO_N='-n'
ECHO_T=''
EGREP=''
ENABLE_DOCBOOK_FALSE=''
ENABLE_DOCBOOK_TRUE=''
ENABLE_GTK_DOC_FALSE=''
ENABLE_GTK_DOC_TRUE=''
ERROR_CFLAGS=''
EXEEXT=''
FLEX_PATH=''
GETTEXT_PACKAGE=''
GLIB_CFLAGS=''
GLIB_LIBS=''
GLIB_ONLY_CFLAGS=''
GLIB_ONLY_LIBS=''
GLIB_REQ=''
GMSGFMT=''
GST_AGE=''
GST_ALL_CFLAGS=''
GST_ALL_LDFLAGS=''
GST_ALL_LIBS=''
GST_CACHE_DIR=''
GST_CURRENT=''
GST_DISABLE_ALLOC_TRACE_DEFINE=''
GST_DISABLE_ALLOC_TRACE_FALSE=''
GST_DISABLE_ALLOC_TRACE_TRUE=''
GST_DISABLE_ENUMTYPES_DEFINE=''
GST_DISABLE_ENUMTYPES_FALSE=''
GST_DISABLE_ENUMTYPES_TRUE=''
GST_DISABLE_GST_DEBUG_DEFINE=''
GST_DISABLE_GST_DEBUG_FALSE=''
GST_DISABLE_GST_DEBUG_TRUE=''
GST_DISABLE_INDEX_DEFINE=''
GST_DISABLE_INDEX_FALSE=''
GST_DISABLE_INDEX_TRUE=''
GST_DISABLE_LOADSAVE_DEFINE=''
GST_DISABLE_LOADSAVE_FALSE=''
GST_DISABLE_LOADSAVE_TRUE=''
GST_DISABLE_NET_DEFINE=''
GST_DISABLE_NET_FALSE=''
GST_DISABLE_NET_TRUE=''
GST_DISABLE_PARSE_DEFINE=''
GST_DISABLE_PARSE_FALSE=''
GST_DISABLE_PARSE_TRUE=''
GST_DISABLE_PLUGIN_DEFINE=''
GST_DISABLE_PLUGIN_FALSE=''
GST_DISABLE_PLUGIN_TRUE=''
GST_DISABLE_REGISTRY_DEFINE=''
GST_DISABLE_REGISTRY_FALSE=''
GST_DISABLE_REGISTRY_TRUE=''
GST_DISABLE_TRACE_DEFINE=''
GST_DISABLE_TRACE_FALSE=''
GST_DISABLE_TRACE_TRUE=''
GST_DISABLE_URI_DEFINE=''
GST_DISABLE_URI_FALSE=''
GST_DISABLE_URI_TRUE=''
GST_GCOV_ENABLED_FALSE=''
GST_GCOV_ENABLED_TRUE=''
GST_HAVE_GLIB_2_8_DEFINE=''
GST_HAVE_UNALIGNED_ACCESS_DEFINE=''
GST_LEVEL_DEFAULT=''
GST_LIBVERSION=''
GST_LIB_LDFLAGS=''
GST_LICENSE=''
GST_LOADSAVE_DOC_TYPES=''
GST_LT_LDFLAGS=''
GST_MAJORMINOR=''
GST_OBJ_CFLAGS=''
GST_OBJ_LIBS=''
GST_OPTION_CFLAGS=''
GST_PACKAGE_NAME=''
GST_PACKAGE_ORIGIN=''
GST_PKG_DEPS=''
GST_PLUGIN_LDFLAGS=''
GST_PRINTF_EXTENSION_FORMAT_DEFINE=''
GST_REGISTRY_DOC_TYPES=''
GST_REVISION=''
GST_VERSION='0.10.2'
GST_VERSION_MAJOR='0'
GST_VERSION_MICRO='2'
GST_VERSION_MINOR='10'
GST_VERSION_NANO='0'
GST_VERSION_RELEASE='1'
GTK_DOC_USE_LIBTOOL_FALSE=''
GTK_DOC_USE_LIBTOOL_TRUE=''
HAVE_CHECK_FALSE=''
HAVE_CHECK_TRUE=''
HAVE_CPU_ALPHA_FALSE=''
HAVE_CPU_ALPHA_TRUE=''
HAVE_CPU_ARM_FALSE=''
HAVE_CPU_ARM_TRUE=''
HAVE_CPU_HPPA_FALSE=''
HAVE_CPU_HPPA_TRUE=''
HAVE_CPU_I386_FALSE=''
HAVE_CPU_I386_TRUE=''
HAVE_CPU_IA64_FALSE=''
HAVE_CPU_IA64_TRUE=''
HAVE_CPU_M68K_FALSE=''
HAVE_CPU_M68K_TRUE=''
HAVE_CPU_MIPS_FALSE=''
HAVE_CPU_MIPS_TRUE=''
HAVE_CPU_PPC_FALSE=''
HAVE_CPU_PPC_TRUE=''
HAVE_CPU_S390_FALSE=''
HAVE_CPU_S390_TRUE=''
HAVE_CPU_SPARC_FALSE=''
HAVE_CPU_SPARC_TRUE=''
HAVE_CPU_X86_64_FALSE=''
HAVE_CPU_X86_64_TRUE=''
HAVE_DOCBOOK2HTML=''
HAVE_DOCBOOK2PS=''
HAVE_DVIPS=''
HAVE_EPSTOPDF=''
HAVE_FIG2DEV=''
HAVE_JADETEX=''
HAVE_LIBGNOMEUI_FALSE=''
HAVE_LIBGNOMEUI_TRUE=''
HAVE_MMAP_FALSE=''
HAVE_MMAP_TRUE=''
HAVE_PNGTOPNM=''
HAVE_PNMTOPS=''
HAVE_PS2PDF=''
HAVE_SYS_SOCKET_H_FALSE=''
HAVE_SYS_SOCKET_H_TRUE=''
HAVE_VALGRIND_FALSE=''
HAVE_VALGRIND_TRUE=''
HAVE_XMLLINT=''
HOST_CPU=''
HTML_DIR=''
INSTALL_DATA='${INSTALL} -m 644'
INSTALL_PROGRAM='${INSTALL}'
INSTALL_SCRIPT='${INSTALL}'
INSTALL_STRIP_PROGRAM=''
INTLLIBS=''
LDFLAGS=''
LIBDIR=''
LIBGNOMEUI_CFLAGS=''
LIBGNOMEUI_LIBS=''
LIBICONV=''
LIBINTL=''
LIBOBJS=''
LIBS=''
LIBTOOL=''
LIBXML2_REQ=''
LIBXML_PKG=''
LN_S=''
LOCALEDIR=''
LTLIBICONV=''
LTLIBINTL=''
LTLIBOBJS=''
MAINT='#'
MAINTAINER_MODE_FALSE=''
MAINTAINER_MODE_TRUE='#'
MAKEINFO=''
MKINSTALLDIRS=''
MSGFMT=''
MSGMERGE=''
OBJEXT=''
PACKAGE='gstreamer'
PACKAGE_BUGREPORT=''
PACKAGE_NAME=''
PACKAGE_STRING=''
PACKAGE_TARNAME=''
PACKAGE_VERSION=''
PATH_SEPARATOR=':'
PERL_PATH=''
PKG_CONFIG=''
PLUGINDIR=''
POSUB=''
PROFILE_CFLAGS=''
PYTHON=''
PYTHON_EXEC_PREFIX=''
PYTHON_PLATFORM=''
PYTHON_PREFIX=''
PYTHON_VERSION=''
RANLIB=''
SET_MAKE=''
SHELL='/bin/bash'
STRIP=''
USE_NLS=''
VALGRIND_CFLAGS=''
VALGRIND_LIBS=''
VALGRIND_PATH=''
VERSION='0.10.2'
XGETTEXT=''
XML_CATALOG=''
XML_CFLAGS=''
XML_LIBS=''
XSLTPROC=''
XSLTPROC_FLAGS=''
ac_ct_AR=''
ac_ct_CC=''
ac_ct_RANLIB=''
ac_ct_STRIP=''
am__fastdepCC_FALSE=''
am__fastdepCC_TRUE=''
am__include=''
am__leading_dot=''
am__quote=''
am__tar=''
am__untar=''
bindir='${exec_prefix}/bin'
build='i686-pc-linux-gnu'
build_alias=''
build_cpu='i686'
build_os='linux-gnu'
build_vendor='pc'
datadir='${prefix}/share'
docdir=''
exec_prefix='NONE'
host='i686-pc-linux-gnu'
host_alias=''
host_cpu='i686'
host_os='linux-gnu'
host_vendor='pc'
includedir='${prefix}/include'
infodir='${prefix}/info'
install_sh=''
libdir='${exec_prefix}/lib'
libexecdir='${exec_prefix}/libexec'
localstatedir='${prefix}/var'
mandir='${prefix}/man'
mkdir_p=''
oldincludedir='/usr/include'
pkgpyexecdir=''
pkgpythondir=''
plugindir=''
prefix='NONE'
program_transform_name='s,x,x,'
pyexecdir=''
pythondir=''
sbindir='${exec_prefix}/sbin'
sharedstatedir='${prefix}/com'
sysconfdir='${prefix}/etc'
target_alias=''

## ----------- ##
## confdefs.h. ##
## ----------- ##

#define GST_VERSION "0.10.2"
#define PACKAGE "gstreamer"
#define PACKAGE_BUGREPORT ""
#define PACKAGE_NAME ""
#define PACKAGE_STRING ""
#define PACKAGE_TARNAME ""
#define PACKAGE_VERSION ""
#define VERSION "0.10.2"

configure: caught signal 2
configure: exit 1
