This file contains any messages produced by compilers while
running configure, to aid debugging if configure makes a mistake.

It was created by amp-package configure 0.10.2, which was
generated by GNU Autoconf 2.65.  Invocation command line was

  $ ./configure --build=i486-linux-gnu --host=mips-linux-gnu --target=mips-linux-gnu --prefix=/users/phai/share/GSTReamer_compilation

## --------- ##
## Platform. ##
## --------- ##

hostname = panda
uname -m = i686
uname -r = 2.6.32-25-generic
uname -s = Linux
uname -v = #45-Ubuntu SMP Sat Oct 16 19:48:22 UTC 2010

/usr/bin/uname -p = unknown
/bin/uname -X     = unknown

/bin/arch              = unknown
/usr/bin/arch -k       = unknown
/usr/convex/getsysinfo = unknown
/usr/bin/hostinfo      = unknown
/bin/machine           = unknown
/usr/bin/oslevel       = unknown
/bin/universe          = unknown

PATH: /utils/em8xxx/spade/1.6/
PATH: /utils/em8xxx/spbin/1.2.16c/bin/
PATH: /utils/em8xxx/spasm/3.0.4/bin/
PATH: /users/phai/workspace/3.10.0/patch_branch_3.10.0/set_rua_test/build_configs/../xbin
PATH: /utils/release/sets/3_9_3_iptv_dev/csrootfs/cross_rootfs/bin
PATH: /utils/release/sets/3_9_3_iptv_dev/csrootfs/host/bin
PATH: /utils/release/sets/3_9_3_iptv_dev/cstoolchain/bin/
PATH: /utils/thirdparty/ccache/i686/bin
PATH: /utils/thirdparty/openssl/0.9.8a/i686/bin
PATH: /utils/thirdparty/tkcvs/7.2.4/noarch/bin
PATH: /utils/em8xxx/mdbg/bin/i686
PATH: /utils/em8xxx/mdbg/ub/1.25-14/bin
PATH: /utils/em8xxx/reference/i386/bin
PATH: /users/phai/bin
PATH: ~/bin
PATH: /usr/local/sbin
PATH: /usr/local/bin
PATH: /usr/sbin
PATH: /usr/bin
PATH: /sbin
PATH: /bin
PATH: /usr/games
PATH: ~/scripts
PATH: /utils/em8xxx/probe/bin/i686
PATH: /utils/em8xxx/shelldriver/bin
PATH: /utils/em8xxx/shelldriver/xbin
PATH: /utils/em8xxx/shelldriver/xload3
PATH: /utils/thirdparty/jtag/i686/bin
PATH: /utils/thirdparty/Acrobat7/i686/bin


## ----------- ##
## Core tests. ##
## ----------- ##

configure:2272: checking for a BSD-compatible install
configure:2340: result: /usr/bin/install -c
configure:2351: checking whether build environment is sane
configure:2401: result: yes
configure:2450: checking for mips-linux-gnu-strip
configure:2466: found /utils/release/sets/3_9_3_iptv_dev/cstoolchain/bin//mips-linux-gnu-strip
configure:2477: result: mips-linux-gnu-strip
configure:2542: checking for a thread-safe mkdir -p
configure:2581: result: /bin/mkdir -p
configure:2594: checking for gawk
configure:2610: found /usr/bin/gawk
configure:2621: result: gawk
configure:2632: checking whether make sets $(MAKE)
configure:2654: result: yes
configure:2736: checking whether to disable maintainer-specific portions of Makefiles
configure:2745: result: yes
configure:2767: checking for mips-linux-gnu-gcc
configure:2794: result: mips-linux-gnu-gcc -EL
configure:3063: checking for C compiler version
configure:3072: mips-linux-gnu-gcc -EL --version >&5
mips-linux-gnu-gcc (Sourcery G++ Lite 4.3-51) 4.3.2
Copyright (C) 2008 Free Software Foundation, Inc.
This is free software; see the source for copying conditions.  There is NO
warranty; not even for MERCHANTABILITY or FITNESS FOR A PARTICULAR PURPOSE.

configure:3083: $? = 0
configure:3072: mips-linux-gnu-gcc -EL -v >&5
Using built-in specs.
Target: mips-linux-gnu
Configured with: /scratch/clm/2008q3-src/src/gcc-4.3/configure --build=i686-pc-linux-gnu --host=i686-pc-linux-gnu --target=mips-linux-gnu --enable-threads --disable-libmudflap --disable-libssp --disable-libstdcxx-pch --with-arch=mips32r2 --with-float=hard --enable-mips-nonpic --enable-extra-sgxxlite-multilibs --with-gnu-as --with-gnu-ld --enable-languages=c,c++ --enable-shared --enable-symvers=gnu --enable-__cxa_atexit --with-pkgversion='Sourcery G++ Lite 4.3-51' --with-bugurl=https://support.codesourcery.com/GNUToolchain/ --disable-nls --prefix=/opt/codesourcery --with-sysroot=/opt/codesourcery/mips-linux-gnu/libc --with-build-sysroot=/scratch/clm/2008q3-lite/install/mips-linux-gnu/libc --with-gmp=/scratch/clm/2008q3-lite/obj/host-libs-4.3-51-mips-linux-gnu-i686-pc-linux-gnu/usr --with-mpfr=/scratch/clm/2008q3-lite/obj/host-libs-4.3-51-mips-linux-gnu-i686-pc-linux-gnu/usr --disable-libgomp --enable-poison-system-directories --with-build-time-tools=/scratch/clm/2008q3-lite/install/mips-linux-gnu/bin --with-build-time-tools=/scratch/clm/2008q3-lite/install/mips-linux-gnu/bin
Thread model: posix
gcc version 4.3.2 (Sourcery G++ Lite 4.3-51) 
configure:3083: $? = 0
configure:3072: mips-linux-gnu-gcc -EL -V >&5
mips-linux-gnu-gcc: '-V' must come at the start of the command line
configure:3083: $? = 1
configure:3072: mips-linux-gnu-gcc -EL -qversion >&5
mips-linux-gnu-gcc: unrecognized option '-qversion'
mips-linux-gnu-gcc: no input files
configure:3083: $? = 1
configure:3103: checking whether the C compiler works
configure:3125: mips-linux-gnu-gcc -EL -fPIC -march=mips32r2 -Wa,-mips32r2 -g  -L/users/phai/share/GSTReamer_compilation/lib 	-L/utils/release/sets/3_9_3_iptv_dev/csrootfs/cross_rootfs/lib 	-L/lib 	-Wl,-rpath-link -Wl,/lib 	-Wl,-rpath-link -Wl,/core 	-Wl,-rpath-link -Wl,/mono 	-Wl,-rpath-link -Wl,/dvdvr 	-Wl,-rpath-link -Wl,/curacao 	-Wl,-rpath-link -Wl,/curacao/lib 	-Wl,-rpath-link -Wl,/dtv 	-Wl,-rpath-link -Wl,/dtv/tuner 	-Wl,-rpath-link -Wl,/dtv/capture 	-Wl,-rpath-link -Wl,/dtv/network 	-Wl,-rpath-link -Wl,/dtv/acap 	-Wl,-rpath-link -Wl,/dcchd 	-Wl,-rpath-link -Wl,/lib conftest.c  >&5
/utils/release/sets/3_9_3_iptv_dev/mips-4.3-51-mips-linux-gnu-i686-pc-linux-gnu/bin/../lib/gcc/mips-linux-gnu/4.3.2/../../../../mips-linux-gnu/bin/ld: warning: library search path "/lib" is unsafe for cross-compilation
configure:3129: $? = 0
configure:3178: result: yes
configure:3181: checking for C compiler default output file name
configure:3183: result: a.out
configure:3189: checking for suffix of executables
configure:3196: mips-linux-gnu-gcc -EL -o conftest -fPIC -march=mips32r2 -Wa,-mips32r2 -g  -L/users/phai/share/GSTReamer_compilation/lib 	-L/utils/release/sets/3_9_3_iptv_dev/csrootfs/cross_rootfs/lib 	-L/lib 	-Wl,-rpath-link -Wl,/lib 	-Wl,-rpath-link -Wl,/core 	-Wl,-rpath-link -Wl,/mono 	-Wl,-rpath-link -Wl,/dvdvr 	-Wl,-rpath-link -Wl,/curacao 	-Wl,-rpath-link -Wl,/curacao/lib 	-Wl,-rpath-link -Wl,/dtv 	-Wl,-rpath-link -Wl,/dtv/tuner 	-Wl,-rpath-link -Wl,/dtv/capture 	-Wl,-rpath-link -Wl,/dtv/network 	-Wl,-rpath-link -Wl,/dtv/acap 	-Wl,-rpath-link -Wl,/dcchd 	-Wl,-rpath-link -Wl,/lib conftest.c  >&5
/utils/release/sets/3_9_3_iptv_dev/mips-4.3-51-mips-linux-gnu-i686-pc-linux-gnu/bin/../lib/gcc/mips-linux-gnu/4.3.2/../../../../mips-linux-gnu/bin/ld: warning: library search path "/lib" is unsafe for cross-compilation
configure:3200: $? = 0
configure:3222: result: 
configure:3244: checking whether we are cross compiling
configure:3282: result: yes
configure:3287: checking for suffix of object files
configure:3309: mips-linux-gnu-gcc -EL -c -fPIC -march=mips32r2 -Wa,-mips32r2 -g  conftest.c >&5
configure:3313: $? = 0
configure:3334: result: o
configure:3338: checking whether we are using the GNU C compiler
configure:3357: mips-linux-gnu-gcc -EL -c -fPIC -march=mips32r2 -Wa,-mips32r2 -g  conftest.c >&5
configure:3357: $? = 0
configure:3366: result: yes
configure:3375: checking whether mips-linux-gnu-gcc -EL accepts -g
configure:3395: mips-linux-gnu-gcc -EL -c -g  conftest.c >&5
configure:3395: $? = 0
configure:3436: result: yes
configure:3453: checking for mips-linux-gnu-gcc -EL option to accept ISO C89
configure:3517: mips-linux-gnu-gcc -EL  -c -fPIC -march=mips32r2 -Wa,-mips32r2 -g  conftest.c >&5
configure:3517: $? = 0
configure:3530: result: none needed
configure:3561: checking for style of include used by make
configure:3589: result: GNU
configure:3614: checking dependency style of mips-linux-gnu-gcc -EL
configure:3724: result: gcc3
configure:3770: checking build system type
configure:3784: result: i486-pc-linux-gnu
configure:3804: checking host system type
configure:3817: result: mips-unknown-linux-gnu
configure:3837: checking for a sed that does not truncate output
configure:3901: result: /utils/release/sets/3_9_3_iptv_dev/csrootfs/cross_rootfs/bin/sed
configure:3919: checking for grep that handles long lines and -e
configure:3977: result: /bin/grep
configure:3982: checking for egrep
configure:4044: result: /bin/grep -E
configure:4049: checking for fgrep
configure:4111: result: /bin/grep -F
configure:4146: checking for ld used by mips-linux-gnu-gcc -EL
configure:4213: result: /utils/release/sets/3_9_3_iptv_dev/mips-4.3-51-mips-linux-gnu-i686-pc-linux-gnu/mips-linux-gnu/bin/ld
configure:4220: checking if the linker (/utils/release/sets/3_9_3_iptv_dev/mips-4.3-51-mips-linux-gnu-i686-pc-linux-gnu/mips-linux-gnu/bin/ld) is GNU ld
configure:4235: result: yes
configure:4247: checking for BSD- or MS-compatible name lister (nm)
configure:4296: result: /utils/release/sets/3_9_3_iptv_dev/cstoolchain/bin//mips-linux-gnu-nm -B
configure:4414: checking the name lister (/utils/release/sets/3_9_3_iptv_dev/cstoolchain/bin//mips-linux-gnu-nm -B) interface
configure:4421: mips-linux-gnu-gcc -EL -c -fPIC -march=mips32r2 -Wa,-mips32r2 -g  conftest.c >&5
configure:4424: /utils/release/sets/3_9_3_iptv_dev/cstoolchain/bin//mips-linux-gnu-nm -B "conftest.o"
configure:4427: output
00000000 B some_variable
configure:4434: result: BSD nm
configure:4437: checking whether ln -s works
configure:4441: result: yes
configure:4449: checking the maximum length of command line arguments
configure:4569: result: 1572864
configure:4586: checking whether the shell understands some XSI constructs
configure:4596: result: yes
configure:4600: checking whether the shell understands "+="
configure:4606: result: yes
configure:4641: checking for /utils/release/sets/3_9_3_iptv_dev/mips-4.3-51-mips-linux-gnu-i686-pc-linux-gnu/mips-linux-gnu/bin/ld option to reload object files
configure:4648: result: -r
configure:4677: checking for mips-linux-gnu-objdump
configure:4693: found /utils/release/sets/3_9_3_iptv_dev/cstoolchain/bin//mips-linux-gnu-objdump
configure:4704: result: mips-linux-gnu-objdump
configure:4776: checking how to recognize dependent libraries
configure:4972: result: pass_all
configure:4992: checking for mips-linux-gnu-ar
configure:5008: found /utils/release/sets/3_9_3_iptv_dev/cstoolchain/bin//mips-linux-gnu-ar
configure:5019: result: mips-linux-gnu-ar
configure:5097: checking for mips-linux-gnu-strip
configure:5124: result: mips-linux-gnu-strip
configure:5196: checking for mips-linux-gnu-ranlib
configure:5212: found /utils/release/sets/3_9_3_iptv_dev/cstoolchain/bin//mips-linux-gnu-ranlib
configure:5223: result: mips-linux-gnu-ranlib
configure:5353: checking command to parse /utils/release/sets/3_9_3_iptv_dev/cstoolchain/bin//mips-linux-gnu-nm -B output from mips-linux-gnu-gcc -EL object
configure:5471: mips-linux-gnu-gcc -EL -c -fPIC -march=mips32r2 -Wa,-mips32r2 -g  conftest.c >&5
configure:5474: $? = 0
configure:5478: /utils/release/sets/3_9_3_iptv_dev/cstoolchain/bin//mips-linux-gnu-nm -B conftest.o \| sed -n -e 's/^.*[	 ]\([ABCDGIRSTW][ABCDGIRSTW]*\)[	 ][	 ]*\([_A-Za-z][_A-Za-z0-9]*\)$/\1 \2 \2/p' \> conftest.nm
configure:5481: $? = 0
configure:5535: mips-linux-gnu-gcc -EL -o conftest -fPIC -march=mips32r2 -Wa,-mips32r2 -g  -L/users/phai/share/GSTReamer_compilation/lib 	-L/utils/release/sets/3_9_3_iptv_dev/csrootfs/cross_rootfs/lib 	-L/lib 	-Wl,-rpath-link -Wl,/lib 	-Wl,-rpath-link -Wl,/core 	-Wl,-rpath-link -Wl,/mono 	-Wl,-rpath-link -Wl,/dvdvr 	-Wl,-rpath-link -Wl,/curacao 	-Wl,-rpath-link -Wl,/curacao/lib 	-Wl,-rpath-link -Wl,/dtv 	-Wl,-rpath-link -Wl,/dtv/tuner 	-Wl,-rpath-link -Wl,/dtv/capture 	-Wl,-rpath-link -Wl,/dtv/network 	-Wl,-rpath-link -Wl,/dtv/acap 	-Wl,-rpath-link -Wl,/dcchd 	-Wl,-rpath-link -Wl,/lib conftest.c conftstm.o >&5
/utils/release/sets/3_9_3_iptv_dev/mips-4.3-51-mips-linux-gnu-i686-pc-linux-gnu/bin/../lib/gcc/mips-linux-gnu/4.3.2/../../../../mips-linux-gnu/bin/ld: warning: library search path "/lib" is unsafe for cross-compilation
configure:5538: $? = 0
configure:5576: result: ok
configure:6385: checking how to run the C preprocessor
configure:6416: mips-linux-gnu-gcc -EL -E  conftest.c
configure:6416: $? = 0
configure:6430: mips-linux-gnu-gcc -EL -E  conftest.c
conftest.c:11:28: error: ac_nonexistent.h: No such file or directory
configure:6430: $? = 1
configure: failed program was:
| /* confdefs.h */
| #define PACKAGE_NAME "amp-package"
| #define PACKAGE_TARNAME "amp-package"
| #define PACKAGE_VERSION "0.10.2"
| #define PACKAGE_STRING "amp-package 0.10.2"
| #define PACKAGE_BUGREPORT ""
| #define PACKAGE_URL ""
| #define PACKAGE "amp-package"
| #define VERSION "0.10.2"
| /* end confdefs.h.  */
| #include <ac_nonexistent.h>
configure:6455: result: mips-linux-gnu-gcc -EL -E
configure:6475: mips-linux-gnu-gcc -EL -E  conftest.c
configure:6475: $? = 0
configure:6489: mips-linux-gnu-gcc -EL -E  conftest.c
conftest.c:11:28: error: ac_nonexistent.h: No such file or directory
configure:6489: $? = 1
configure: failed program was:
| /* confdefs.h */
| #define PACKAGE_NAME "amp-package"
| #define PACKAGE_TARNAME "amp-package"
| #define PACKAGE_VERSION "0.10.2"
| #define PACKAGE_STRING "amp-package 0.10.2"
| #define PACKAGE_BUGREPORT ""
| #define PACKAGE_URL ""
| #define PACKAGE "amp-package"
| #define VERSION "0.10.2"
| /* end confdefs.h.  */
| #include <ac_nonexistent.h>
configure:6518: checking for ANSI C header files
configure:6538: mips-linux-gnu-gcc -EL -c -fPIC -march=mips32r2 -Wa,-mips32r2 -g  conftest.c >&5
configure:6538: $? = 0
configure:6622: result: yes
configure:6635: checking for sys/types.h
configure:6635: mips-linux-gnu-gcc -EL -c -fPIC -march=mips32r2 -Wa,-mips32r2 -g  conftest.c >&5
configure:6635: $? = 0
configure:6635: result: yes
configure:6635: checking for sys/stat.h
configure:6635: mips-linux-gnu-gcc -EL -c -fPIC -march=mips32r2 -Wa,-mips32r2 -g  conftest.c >&5
configure:6635: $? = 0
configure:6635: result: yes
configure:6635: checking for stdlib.h
configure:6635: mips-linux-gnu-gcc -EL -c -fPIC -march=mips32r2 -Wa,-mips32r2 -g  conftest.c >&5
configure:6635: $? = 0
configure:6635: result: yes
configure:6635: checking for string.h
configure:6635: mips-linux-gnu-gcc -EL -c -fPIC -march=mips32r2 -Wa,-mips32r2 -g  conftest.c >&5
configure:6635: $? = 0
configure:6635: result: yes
configure:6635: checking for memory.h
configure:6635: mips-linux-gnu-gcc -EL -c -fPIC -march=mips32r2 -Wa,-mips32r2 -g  conftest.c >&5
configure:6635: $? = 0
configure:6635: result: yes
configure:6635: checking for strings.h
configure:6635: mips-linux-gnu-gcc -EL -c -fPIC -march=mips32r2 -Wa,-mips32r2 -g  conftest.c >&5
configure:6635: $? = 0
configure:6635: result: yes
configure:6635: checking for inttypes.h
configure:6635: mips-linux-gnu-gcc -EL -c -fPIC -march=mips32r2 -Wa,-mips32r2 -g  conftest.c >&5
configure:6635: $? = 0
configure:6635: result: yes
configure:6635: checking for stdint.h
configure:6635: mips-linux-gnu-gcc -EL -c -fPIC -march=mips32r2 -Wa,-mips32r2 -g  conftest.c >&5
configure:6635: $? = 0
configure:6635: result: yes
configure:6635: checking for unistd.h
configure:6635: mips-linux-gnu-gcc -EL -c -fPIC -march=mips32r2 -Wa,-mips32r2 -g  conftest.c >&5
configure:6635: $? = 0
configure:6635: result: yes
configure:6650: checking for dlfcn.h
configure:6650: mips-linux-gnu-gcc -EL -c -fPIC -march=mips32r2 -Wa,-mips32r2 -g  conftest.c >&5
configure:6650: $? = 0
configure:6650: result: yes
configure:6834: checking for objdir
configure:6849: result: .libs
configure:7141: checking if mips-linux-gnu-gcc -EL supports -fno-rtti -fno-exceptions
configure:7159: mips-linux-gnu-gcc -EL -c -fPIC -march=mips32r2 -Wa,-mips32r2 -g  -fno-rtti -fno-exceptions conftest.c >&5
cc1: warning: command line option "-fno-rtti" is valid for C++/ObjC++ but not for C
configure:7163: $? = 0
configure:7176: result: no
configure:7196: checking for mips-linux-gnu-gcc -EL option to produce PIC
configure:7468: result: -fPIC -DPIC
configure:7480: checking if mips-linux-gnu-gcc -EL PIC flag -fPIC -DPIC works
configure:7498: mips-linux-gnu-gcc -EL -c -fPIC -march=mips32r2 -Wa,-mips32r2 -g  -fPIC -DPIC -DPIC conftest.c >&5
configure:7502: $? = 0
configure:7515: result: yes
configure:7539: checking if mips-linux-gnu-gcc -EL static flag -static works
/utils/release/sets/3_9_3_iptv_dev/mips-4.3-51-mips-linux-gnu-i686-pc-linux-gnu/bin/../lib/gcc/mips-linux-gnu/4.3.2/../../../../mips-linux-gnu/bin/ld: warning: library search path "/lib" is unsafe for cross-compilation
configure:7567: result: yes
configure:7582: checking if mips-linux-gnu-gcc -EL supports -c -o file.o
configure:7603: mips-linux-gnu-gcc -EL -c -fPIC -march=mips32r2 -Wa,-mips32r2 -g  -o out/conftest2.o conftest.c >&5
configure:7607: $? = 0
configure:7629: result: yes
configure:7637: checking if mips-linux-gnu-gcc -EL supports -c -o file.o
configure:7684: result: yes
configure:7717: checking whether the mips-linux-gnu-gcc -EL linker (/utils/release/sets/3_9_3_iptv_dev/mips-4.3-51-mips-linux-gnu-i686-pc-linux-gnu/mips-linux-gnu/bin/ld) supports shared libraries
configure:8708: result: yes
configure:8745: checking whether -lc should be explicitly linked in
configure:8750: mips-linux-gnu-gcc -EL -c -fPIC -march=mips32r2 -Wa,-mips32r2 -g  conftest.c >&5
configure:8753: $? = 0
configure:8768: mips-linux-gnu-gcc -EL -shared conftest.o  -v -Wl,-soname -Wl,conftest -o conftest 2\>\&1 \| /bin/grep  -lc  \>/dev/null 2\>\&1
configure:8771: $? = 0
configure:8783: result: no
configure:8947: checking dynamic linker characteristics
configure:9380: mips-linux-gnu-gcc -EL -o conftest -fPIC -march=mips32r2 -Wa,-mips32r2 -g  -L/users/phai/share/GSTReamer_compilation/lib 	-L/utils/release/sets/3_9_3_iptv_dev/csrootfs/cross_rootfs/lib 	-L/lib 	-Wl,-rpath-link -Wl,/lib 	-Wl,-rpath-link -Wl,/core 	-Wl,-rpath-link -Wl,/mono 	-Wl,-rpath-link -Wl,/dvdvr 	-Wl,-rpath-link -Wl,/curacao 	-Wl,-rpath-link -Wl,/curacao/lib 	-Wl,-rpath-link -Wl,/dtv 	-Wl,-rpath-link -Wl,/dtv/tuner 	-Wl,-rpath-link -Wl,/dtv/capture 	-Wl,-rpath-link -Wl,/dtv/network 	-Wl,-rpath-link -Wl,/dtv/acap 	-Wl,-rpath-link -Wl,/dcchd 	-Wl,-rpath-link -Wl,/lib -Wl,-rpath -Wl,/foo conftest.c  >&5
/utils/release/sets/3_9_3_iptv_dev/mips-4.3-51-mips-linux-gnu-i686-pc-linux-gnu/bin/../lib/gcc/mips-linux-gnu/4.3.2/../../../../mips-linux-gnu/bin/ld: warning: library search path "/lib" is unsafe for cross-compilation
configure:9380: $? = 0
configure:9610: result: GNU/Linux ld.so
configure:9712: checking how to hardcode library paths into programs
configure:9737: result: immediate
configure:10257: checking whether stripping libraries is possible
configure:10262: result: yes
configure:10297: checking if libtool supports shared libraries
configure:10299: result: yes
configure:10302: checking whether to build shared libraries
configure:10323: result: yes
configure:10326: checking whether to build static libraries
configure:10330: result: yes
configure:10368: checking for pkg-config
configure:10384: found /usr/bin/pkg-config
configure:10398: result:  
configure:10413: checking for mips-linux-gnu-pkg-config
configure:10446: result: no
configure:10456: checking for pkg-config
configure:10474: found /usr/bin/pkg-config
configure:10486: result: /usr/bin/pkg-config
configure:10498: WARNING: using cross tools not prefixed with host triplet
configure:10511: checking pkg-config is at least version 0.9.0
configure:10514: result: yes
configure:10525: checking for GST
configure:10540: $PKG_CONFIG --exists --print-errors "
  gstreamer-0.10 >= $GST_REQUIRED
  gstreamer-base-0.10 >= $GST_REQUIRED
  gstreamer-audio-0.10 >= $GST_REQUIRED
  gstreamer-controller-0.10 >= $GST_REQUIRED
  gstreamer-pbutils-0.10 >= $GST_REQUIRED
  gstreamer-tag-0.10 >= $GST_REQUIRED
"
Package gstreamer-0.10 was not found in the pkg-config search path.
Perhaps you should add the directory containing `gstreamer-0.10.pc'
to the PKG_CONFIG_PATH environment variable
No package 'gstreamer-0.10' found
Package gstreamer-base-0.10 was not found in the pkg-config search path.
Perhaps you should add the directory containing `gstreamer-base-0.10.pc'
to the PKG_CONFIG_PATH environment variable
No package 'gstreamer-base-0.10' found
Package gstreamer-audio-0.10 was not found in the pkg-config search path.
Perhaps you should add the directory containing `gstreamer-audio-0.10.pc'
to the PKG_CONFIG_PATH environment variable
No package 'gstreamer-audio-0.10' found
Package gstreamer-controller-0.10 was not found in the pkg-config search path.
Perhaps you should add the directory containing `gstreamer-controller-0.10.pc'
to the PKG_CONFIG_PATH environment variable
No package 'gstreamer-controller-0.10' found
Package gstreamer-pbutils-0.10 was not found in the pkg-config search path.
Perhaps you should add the directory containing `gstreamer-pbutils-0.10.pc'
to the PKG_CONFIG_PATH environment variable
No package 'gstreamer-pbutils-0.10' found
Package gstreamer-tag-0.10 was not found in the pkg-config search path.
Perhaps you should add the directory containing `gstreamer-tag-0.10.pc'
to the PKG_CONFIG_PATH environment variable
No package 'gstreamer-tag-0.10' found
configure:10550: $? = 1
configure:10579: $PKG_CONFIG --exists --print-errors "
  gstreamer-0.10 >= $GST_REQUIRED
  gstreamer-base-0.10 >= $GST_REQUIRED
  gstreamer-audio-0.10 >= $GST_REQUIRED
  gstreamer-controller-0.10 >= $GST_REQUIRED
  gstreamer-pbutils-0.10 >= $GST_REQUIRED
  gstreamer-tag-0.10 >= $GST_REQUIRED
"
Package gstreamer-0.10 was not found in the pkg-config search path.
Perhaps you should add the directory containing `gstreamer-0.10.pc'
to the PKG_CONFIG_PATH environment variable
No package 'gstreamer-0.10' found
Package gstreamer-base-0.10 was not found in the pkg-config search path.
Perhaps you should add the directory containing `gstreamer-base-0.10.pc'
to the PKG_CONFIG_PATH environment variable
No package 'gstreamer-base-0.10' found
Package gstreamer-audio-0.10 was not found in the pkg-config search path.
Perhaps you should add the directory containing `gstreamer-audio-0.10.pc'
to the PKG_CONFIG_PATH environment variable
No package 'gstreamer-audio-0.10' found
Package gstreamer-controller-0.10 was not found in the pkg-config search path.
Perhaps you should add the directory containing `gstreamer-controller-0.10.pc'
to the PKG_CONFIG_PATH environment variable
No package 'gstreamer-controller-0.10' found
Package gstreamer-pbutils-0.10 was not found in the pkg-config search path.
Perhaps you should add the directory containing `gstreamer-pbutils-0.10.pc'
to the PKG_CONFIG_PATH environment variable
No package 'gstreamer-pbutils-0.10' found
Package gstreamer-tag-0.10 was not found in the pkg-config search path.
Perhaps you should add the directory containing `gstreamer-tag-0.10.pc'
to the PKG_CONFIG_PATH environment variable
No package 'gstreamer-tag-0.10' found
configure:10589: $? = 1
No package 'gstreamer-0.10' found
No package 'gstreamer-base-0.10' found
No package 'gstreamer-audio-0.10' found
No package 'gstreamer-controller-0.10' found
No package 'gstreamer-pbutils-0.10' found
No package 'gstreamer-tag-0.10' found
configure:10638: result: no
configure:10647: error: 
      You need to install or upgrade the GStreamer development
      packages on your system. On debian-based systems these are
      libgstreamer0.10-dev and libgstreamer-plugins-base0.10-dev.
      on RPM-based systems gstreamer0.10-devel, libgstreamer0.10-devel
      or similar. The minimum version required is 0.10.16.
  

## ---------------- ##
## Cache variables. ##
## ---------------- ##

ac_cv_build=i486-pc-linux-gnu
ac_cv_c_compiler_gnu=yes
ac_cv_env_CC_set=set
ac_cv_env_CC_value='mips-linux-gnu-gcc -EL'
ac_cv_env_CFLAGS_set=set
ac_cv_env_CFLAGS_value='-fPIC -march=mips32r2 -Wa,-mips32r2 -g'
ac_cv_env_CPPFLAGS_set=
ac_cv_env_CPPFLAGS_value=
ac_cv_env_CPP_set=
ac_cv_env_CPP_value=
ac_cv_env_GST_CFLAGS_set=
ac_cv_env_GST_CFLAGS_value=
ac_cv_env_GST_LIBS_set=
ac_cv_env_GST_LIBS_value=
ac_cv_env_LDFLAGS_set=set
ac_cv_env_LDFLAGS_value='-L/users/phai/share/GSTReamer_compilation/lib 	-L/utils/release/sets/3_9_3_iptv_dev/csrootfs/cross_rootfs/lib 	-L/lib 	-Wl,-rpath-link -Wl,/lib 	-Wl,-rpath-link -Wl,/core 	-Wl,-rpath-link -Wl,/mono 	-Wl,-rpath-link -Wl,/dvdvr 	-Wl,-rpath-link -Wl,/curacao 	-Wl,-rpath-link -Wl,/curacao/lib 	-Wl,-rpath-link -Wl,/dtv 	-Wl,-rpath-link -Wl,/dtv/tuner 	-Wl,-rpath-link -Wl,/dtv/capture 	-Wl,-rpath-link -Wl,/dtv/network 	-Wl,-rpath-link -Wl,/dtv/acap 	-Wl,-rpath-link -Wl,/dcchd 	-Wl,-rpath-link -Wl,/lib'
ac_cv_env_LIBS_set=
ac_cv_env_LIBS_value=
ac_cv_env_PKG_CONFIG_set=
ac_cv_env_PKG_CONFIG_value=
ac_cv_env_build_alias_set=set
ac_cv_env_build_alias_value=i486-linux-gnu
ac_cv_env_host_alias_set=set
ac_cv_env_host_alias_value=mips-linux-gnu
ac_cv_env_target_alias_set=set
ac_cv_env_target_alias_value=mips-linux-gnu
ac_cv_header_dlfcn_h=yes
ac_cv_header_inttypes_h=yes
ac_cv_header_memory_h=yes
ac_cv_header_stdc=yes
ac_cv_header_stdint_h=yes
ac_cv_header_stdlib_h=yes
ac_cv_header_string_h=yes
ac_cv_header_strings_h=yes
ac_cv_header_sys_stat_h=yes
ac_cv_header_sys_types_h=yes
ac_cv_header_unistd_h=yes
ac_cv_host=mips-unknown-linux-gnu
ac_cv_objext=o
ac_cv_path_EGREP='/bin/grep -E'
ac_cv_path_FGREP='/bin/grep -F'
ac_cv_path_GREP=/bin/grep
ac_cv_path_SED=/utils/release/sets/3_9_3_iptv_dev/csrootfs/cross_rootfs/bin/sed
ac_cv_path_ac_pt_PKG_CONFIG=/usr/bin/pkg-config
ac_cv_path_install='/usr/bin/install -c'
ac_cv_path_mkdir=/bin/mkdir
ac_cv_prog_AR=mips-linux-gnu-ar
ac_cv_prog_AWK=gawk
ac_cv_prog_CC='mips-linux-gnu-gcc -EL'
ac_cv_prog_CPP='mips-linux-gnu-gcc -EL -E'
ac_cv_prog_HAVE_PKGCONFIG=' '
ac_cv_prog_OBJDUMP=mips-linux-gnu-objdump
ac_cv_prog_RANLIB=mips-linux-gnu-ranlib
ac_cv_prog_STRIP=mips-linux-gnu-strip
ac_cv_prog_cc_c89=
ac_cv_prog_cc_g=yes
ac_cv_prog_make_make_set=yes
am_cv_CC_dependencies_compiler_type=gcc3
lt_cv_deplibs_check_method=pass_all
lt_cv_file_magic_cmd='$MAGIC_CMD'
lt_cv_file_magic_test_file=
lt_cv_ld_reload_flag=-r
lt_cv_nm_interface='BSD nm'
lt_cv_objdir=.libs
lt_cv_path_LD=/utils/release/sets/3_9_3_iptv_dev/mips-4.3-51-mips-linux-gnu-i686-pc-linux-gnu/mips-linux-gnu/bin/ld
lt_cv_path_NM='/utils/release/sets/3_9_3_iptv_dev/cstoolchain/bin//mips-linux-gnu-nm -B'
lt_cv_prog_compiler_c_o=yes
lt_cv_prog_compiler_pic_works=yes
lt_cv_prog_compiler_rtti_exceptions=no
lt_cv_prog_compiler_static_works=yes
lt_cv_prog_gnu_ld=yes
lt_cv_sys_global_symbol_pipe='sed -n -e '\''s/^.*[	 ]\([ABCDGIRSTW][ABCDGIRSTW]*\)[	 ][	 ]*\([_A-Za-z][_A-Za-z0-9]*\)$/\1 \2 \2/p'\'''
lt_cv_sys_global_symbol_to_c_name_address='sed -n -e '\''s/^: \([^ ]*\) $/  {\"\1\", (void *) 0},/p'\'' -e '\''s/^[ABCDGIRSTW]* \([^ ]*\) \([^ ]*\)$/  {"\2", (void *) \&\2},/p'\'''
lt_cv_sys_global_symbol_to_c_name_address_lib_prefix='sed -n -e '\''s/^: \([^ ]*\) $/  {\"\1\", (void *) 0},/p'\'' -e '\''s/^[ABCDGIRSTW]* \([^ ]*\) \(lib[^ ]*\)$/  {"\2", (void *) \&\2},/p'\'' -e '\''s/^[ABCDGIRSTW]* \([^ ]*\) \([^ ]*\)$/  {"lib\2", (void *) \&\2},/p'\'''
lt_cv_sys_global_symbol_to_cdecl='sed -n -e '\''s/^T .* \(.*\)$/extern int \1();/p'\'' -e '\''s/^[ABCDGIRSTW]* .* \(.*\)$/extern char \1;/p'\'''
lt_cv_sys_max_cmd_len=1572864

## ----------------- ##
## Output variables. ##
## ----------------- ##

ACLOCAL='${SHELL} /users/phai/share/GSTReamer_compilation/gst-plugins-amp-0.10.2/missing --run aclocal-1.11'
AMDEPBACKSLASH='\'
AMDEP_FALSE='#'
AMDEP_TRUE=''
AMTAR='${SHELL} /users/phai/share/GSTReamer_compilation/gst-plugins-amp-0.10.2/missing --run tar'
AR='mips-linux-gnu-ar'
AUTOCONF='${SHELL} /users/phai/share/GSTReamer_compilation/gst-plugins-amp-0.10.2/missing --run autoconf'
AUTOHEADER='${SHELL} /users/phai/share/GSTReamer_compilation/gst-plugins-amp-0.10.2/missing --run autoheader'
AUTOMAKE='${SHELL} /users/phai/share/GSTReamer_compilation/gst-plugins-amp-0.10.2/missing --run automake-1.11'
AWK='gawk'
CC='mips-linux-gnu-gcc -EL'
CCDEPMODE='depmode=gcc3'
CFLAGS='-fPIC -march=mips32r2 -Wa,-mips32r2 -g'
CPP='mips-linux-gnu-gcc -EL -E'
CPPFLAGS=''
CYGPATH_W='echo'
DEFS=''
DEPDIR='.deps'
DSYMUTIL=''
DUMPBIN=''
ECHO_C=''
ECHO_N='-n'
ECHO_T=''
EGREP='/bin/grep -E'
EXEEXT=''
FGREP='/bin/grep -F'
GREP='/bin/grep'
GST_CFLAGS=''
GST_LIBS=''
GST_PLUGIN_LDFLAGS=''
HAVE_PKGCONFIG=' '
INSTALL_DATA='${INSTALL} -m 644'
INSTALL_PROGRAM='${INSTALL}'
INSTALL_SCRIPT='${INSTALL}'
INSTALL_STRIP_PROGRAM='$(install_sh) -c -s'
LD='/utils/release/sets/3_9_3_iptv_dev/mips-4.3-51-mips-linux-gnu-i686-pc-linux-gnu/mips-linux-gnu/bin/ld'
LDFLAGS='-L/users/phai/share/GSTReamer_compilation/lib 	-L/utils/release/sets/3_9_3_iptv_dev/csrootfs/cross_rootfs/lib 	-L/lib 	-Wl,-rpath-link -Wl,/lib 	-Wl,-rpath-link -Wl,/core 	-Wl,-rpath-link -Wl,/mono 	-Wl,-rpath-link -Wl,/dvdvr 	-Wl,-rpath-link -Wl,/curacao 	-Wl,-rpath-link -Wl,/curacao/lib 	-Wl,-rpath-link -Wl,/dtv 	-Wl,-rpath-link -Wl,/dtv/tuner 	-Wl,-rpath-link -Wl,/dtv/capture 	-Wl,-rpath-link -Wl,/dtv/network 	-Wl,-rpath-link -Wl,/dtv/acap 	-Wl,-rpath-link -Wl,/dcchd 	-Wl,-rpath-link -Wl,/lib'
LIBOBJS=''
LIBS=''
LIBTOOL='$(SHELL) $(top_builddir)/libtool'
LIPO=''
LN_S='ln -s'
LTLIBOBJS=''
MAINT=''
MAINTAINER_MODE_FALSE='#'
MAINTAINER_MODE_TRUE=''
MAKEINFO='${SHELL} /users/phai/share/GSTReamer_compilation/gst-plugins-amp-0.10.2/missing --run makeinfo'
MKDIR_P='/bin/mkdir -p'
NM='/utils/release/sets/3_9_3_iptv_dev/cstoolchain/bin//mips-linux-gnu-nm -B'
NMEDIT=''
OBJDUMP='mips-linux-gnu-objdump'
OBJEXT='o'
OTOOL64=''
OTOOL=''
PACKAGE='amp-package'
PACKAGE_BUGREPORT=''
PACKAGE_NAME='amp-package'
PACKAGE_STRING='amp-package 0.10.2'
PACKAGE_TARNAME='amp-package'
PACKAGE_URL=''
PACKAGE_VERSION='0.10.2'
PATH_SEPARATOR=':'
PKG_CONFIG='/usr/bin/pkg-config'
RANLIB='mips-linux-gnu-ranlib'
SED='/utils/release/sets/3_9_3_iptv_dev/csrootfs/cross_rootfs/bin/sed'
SET_MAKE=''
SHELL='/bin/bash'
STRIP='mips-linux-gnu-strip'
VERSION='0.10.2'
ac_ct_CC=''
ac_ct_DUMPBIN=''
am__EXEEXT_FALSE=''
am__EXEEXT_TRUE=''
am__fastdepCC_FALSE='#'
am__fastdepCC_TRUE=''
am__include='include'
am__isrc=''
am__leading_dot='.'
am__quote=''
am__tar='${AMTAR} chof - "$$tardir"'
am__untar='${AMTAR} xf -'
bindir='${exec_prefix}/bin'
build='i486-pc-linux-gnu'
build_alias='i486-linux-gnu'
build_cpu='i486'
build_os='linux-gnu'
build_vendor='pc'
datadir='${datarootdir}'
datarootdir='${prefix}/share'
docdir='${datarootdir}/doc/${PACKAGE_TARNAME}'
dvidir='${docdir}'
exec_prefix='NONE'
host='mips-unknown-linux-gnu'
host_alias='mips-linux-gnu'
host_cpu='mips'
host_os='linux-gnu'
host_vendor='unknown'
htmldir='${docdir}'
includedir='${prefix}/include'
infodir='${datarootdir}/info'
install_sh='${SHELL} /users/phai/share/GSTReamer_compilation/gst-plugins-amp-0.10.2/install-sh'
libdir='${exec_prefix}/lib'
libexecdir='${exec_prefix}/libexec'
localedir='${datarootdir}/locale'
localstatedir='${prefix}/var'
lt_ECHO='echo'
mandir='${datarootdir}/man'
mkdir_p='/bin/mkdir -p'
oldincludedir='/usr/include'
pdfdir='${docdir}'
plugindir=''
prefix='/users/phai/share/GSTReamer_compilation'
program_transform_name='s,x,x,'
psdir='${docdir}'
sbindir='${exec_prefix}/sbin'
sharedstatedir='${prefix}/com'
sysconfdir='${prefix}/etc'
target_alias='mips-linux-gnu'

## ----------- ##
## confdefs.h. ##
## ----------- ##

/* confdefs.h */
#define PACKAGE_NAME "amp-package"
#define PACKAGE_TARNAME "amp-package"
#define PACKAGE_VERSION "0.10.2"
#define PACKAGE_STRING "amp-package 0.10.2"
#define PACKAGE_BUGREPORT ""
#define PACKAGE_URL ""
#define PACKAGE "amp-package"
#define VERSION "0.10.2"
#define STDC_HEADERS 1
#define HAVE_SYS_TYPES_H 1
#define HAVE_SYS_STAT_H 1
#define HAVE_STDLIB_H 1
#define HAVE_STRING_H 1
#define HAVE_MEMORY_H 1
#define HAVE_STRINGS_H 1
#define HAVE_INTTYPES_H 1
#define HAVE_STDINT_H 1
#define HAVE_UNISTD_H 1
#define HAVE_DLFCN_H 1
#define LT_OBJDIR ".libs/"

configure: exit 1
