This file contains any messages produced by compilers while
running configure, to aid debugging if configure makes a mistake.

It was created by configure, which was
generated by GNU Autoconf 2.59.  Invocation command line was

  $ ./configure --build=i486-linux-gnu --host=mips-linux-gnu --target=mips-linux-gnu --prefix=/users/phai/share/GSTReamer_compilation --enable-shared --disable-static --disable-gtk-doc --enable-debug=yes --disable-valgrind

## --------- ##
## Platform. ##
## --------- ##

hostname = panda
uname -m = i686
uname -r = 2.6.32-25-generic
uname -s = Linux
uname -v = #45-Ubuntu SMP Sat Oct 16 19:48:22 UTC 2010

/usr/bin/uname -p = unknown
/bin/uname -X     = unknown

/bin/arch              = unknown
/usr/bin/arch -k       = unknown
/usr/convex/getsysinfo = unknown
hostinfo               = unknown
/bin/machine           = unknown
/usr/bin/oslevel       = unknown
/bin/universe          = unknown

PATH: /utils/em8xxx/spade/1.6/
PATH: /utils/em8xxx/spbin/1.2.16c/bin/
PATH: /utils/em8xxx/spasm/3.0.4/bin/
PATH: /users/phai/workspace/3.10.0/patch_branch_3.10.0/set_rua_test/build_configs/../xbin
PATH: /utils/release/sets/3_9_3_iptv_dev/csrootfs/cross_rootfs/bin
PATH: /utils/release/sets/3_9_3_iptv_dev/csrootfs/host/bin
PATH: /utils/release/sets/3_9_3_iptv_dev/cstoolchain/bin/
PATH: /utils/thirdparty/ccache/i686/bin
PATH: /utils/thirdparty/openssl/0.9.8a/i686/bin
PATH: /utils/thirdparty/tkcvs/7.2.4/noarch/bin
PATH: /utils/em8xxx/mdbg/bin/i686
PATH: /utils/em8xxx/mdbg/ub/1.25-14/bin
PATH: /utils/em8xxx/reference/i386/bin
PATH: /users/phai/bin
PATH: ~/bin
PATH: /usr/local/sbin
PATH: /usr/local/bin
PATH: /usr/sbin
PATH: /usr/bin
PATH: /sbin
PATH: /bin
PATH: /usr/games
PATH: ~/scripts
PATH: /utils/em8xxx/probe/bin/i686
PATH: /utils/em8xxx/shelldriver/bin
PATH: /utils/em8xxx/shelldriver/xbin
PATH: /utils/em8xxx/shelldriver/xload3
PATH: /utils/thirdparty/jtag/i686/bin
PATH: /utils/thirdparty/Acrobat7/i686/bin


## ----------- ##
## Core tests. ##
## ----------- ##

configure:1533: configuring gstreamer for release
configure:1578: checking whether to enable maintainer-specific portions of Makefiles
configure:1587: result: no
configure:1634: checking build system type
configure:1652: result: i486-pc-linux-gnu
configure:1660: checking host system type
configure:1674: result: mips-unknown-linux-gnu
configure:1697: checking for a BSD-compatible install
configure:1752: result: /usr/bin/install -c
configure:1763: checking whether build environment is sane
configure:1806: result: yes
configure:1871: checking for gawk
configure:1887: found /usr/bin/gawk
configure:1897: result: gawk
configure:1907: checking whether make sets $(MAKE)
configure:1927: result: yes
configure:2003: checking for mips-linux-gnu-strip
configure:2019: found /utils/release/sets/3_9_3_iptv_dev/cstoolchain/bin//mips-linux-gnu-strip
configure:2029: result: mips-linux-gnu-strip
configure:2206: checking for style of include used by make
configure:2234: result: GNU
configure:2267: checking for mips-linux-gnu-gcc
configure:2293: result: mips-linux-gnu-gcc -EL
configure:2575: checking for C compiler version
configure:2578: mips-linux-gnu-gcc -EL --version </dev/null >&5
mips-linux-gnu-gcc (Sourcery G++ Lite 4.3-51) 4.3.2
Copyright (C) 2008 Free Software Foundation, Inc.
This is free software; see the source for copying conditions.  There is NO
warranty; not even for MERCHANTABILITY or FITNESS FOR A PARTICULAR PURPOSE.

configure:2581: $? = 0
configure:2583: mips-linux-gnu-gcc -EL -v </dev/null >&5
Using built-in specs.
Target: mips-linux-gnu
Configured with: /scratch/clm/2008q3-src/src/gcc-4.3/configure --build=i686-pc-linux-gnu --host=i686-pc-linux-gnu --target=mips-linux-gnu --enable-threads --disable-libmudflap --disable-libssp --disable-libstdcxx-pch --with-arch=mips32r2 --with-float=hard --enable-mips-nonpic --enable-extra-sgxxlite-multilibs --with-gnu-as --with-gnu-ld --enable-languages=c,c++ --enable-shared --enable-symvers=gnu --enable-__cxa_atexit --with-pkgversion='Sourcery G++ Lite 4.3-51' --with-bugurl=https://support.codesourcery.com/GNUToolchain/ --disable-nls --prefix=/opt/codesourcery --with-sysroot=/opt/codesourcery/mips-linux-gnu/libc --with-build-sysroot=/scratch/clm/2008q3-lite/install/mips-linux-gnu/libc --with-gmp=/scratch/clm/2008q3-lite/obj/host-libs-4.3-51-mips-linux-gnu-i686-pc-linux-gnu/usr --with-mpfr=/scratch/clm/2008q3-lite/obj/host-libs-4.3-51-mips-linux-gnu-i686-pc-linux-gnu/usr --disable-libgomp --enable-poison-system-directories --with-build-time-tools=/scratch/clm/2008q3-lite/install/mips-linux-gnu/bin --with-build-time-tools=/scratch/clm/2008q3-lite/install/mips-linux-gnu/bin
Thread model: posix
gcc version 4.3.2 (Sourcery G++ Lite 4.3-51) 
configure:2586: $? = 0
configure:2588: mips-linux-gnu-gcc -EL -V </dev/null >&5
mips-linux-gnu-gcc: '-V' must come at the start of the command line
configure:2591: $? = 1
configure:2614: checking for C compiler default output file name
configure:2617: mips-linux-gnu-gcc -EL -fPIC -march=mips32r2 -Wa,-mips32r2 -g  -L/users/phai/share/GSTReamer_compilation/lib 	-L/utils/release/sets/3_9_3_iptv_dev/csrootfs/cross_rootfs/lib conftest.c  >&5
configure:2620: $? = 0
configure:2666: result: a.out
configure:2671: checking whether the C compiler works
configure:2697: result: yes
configure:2704: checking whether we are cross compiling
configure:2706: result: yes
configure:2709: checking for suffix of executables
configure:2711: mips-linux-gnu-gcc -EL -o conftest -fPIC -march=mips32r2 -Wa,-mips32r2 -g  -L/users/phai/share/GSTReamer_compilation/lib 	-L/utils/release/sets/3_9_3_iptv_dev/csrootfs/cross_rootfs/lib conftest.c  >&5
configure:2714: $? = 0
configure:2739: result: 
configure:2745: checking for suffix of object files
configure:2766: mips-linux-gnu-gcc -EL -c -fPIC -march=mips32r2 -Wa,-mips32r2 -g  conftest.c >&5
configure:2769: $? = 0
configure:2791: result: o
configure:2795: checking whether we are using the GNU C compiler
configure:2819: mips-linux-gnu-gcc -EL -c -fPIC -march=mips32r2 -Wa,-mips32r2 -g  conftest.c >&5
configure:2825: $? = 0
configure:2829: test -z 
			 || test ! -s conftest.err
configure:2832: $? = 0
configure:2835: test -s conftest.o
configure:2838: $? = 0
configure:2851: result: yes
configure:2857: checking whether mips-linux-gnu-gcc -EL accepts -g
configure:2878: mips-linux-gnu-gcc -EL -c -g  conftest.c >&5
configure:2884: $? = 0
configure:2888: test -z 
			 || test ! -s conftest.err
configure:2891: $? = 0
configure:2894: test -s conftest.o
configure:2897: $? = 0
configure:2908: result: yes
configure:2925: checking for mips-linux-gnu-gcc -EL option to accept ANSI C
configure:2995: mips-linux-gnu-gcc -EL  -c -fPIC -march=mips32r2 -Wa,-mips32r2 -g  conftest.c >&5
configure:3001: $? = 0
configure:3005: test -z 
			 || test ! -s conftest.err
configure:3008: $? = 0
configure:3011: test -s conftest.o
configure:3014: $? = 0
configure:3032: result: none needed
configure:3050: mips-linux-gnu-gcc -EL -c -fPIC -march=mips32r2 -Wa,-mips32r2 -g  conftest.c >&5
conftest.c:2: error: expected '=', ',', ';', 'asm' or '__attribute__' before 'me'
configure:3056: $? = 1
configure: failed program was:
| #ifndef __cplusplus
|   choke me
| #endif
configure:3191: checking dependency style of mips-linux-gnu-gcc -EL
configure:3281: result: gcc3
configure:3298: checking for a sed that does not truncate output
configure:3352: result: /utils/release/sets/3_9_3_iptv_dev/csrootfs/cross_rootfs/bin/sed
configure:3355: checking for egrep
configure:3365: result: grep -E
configure:3381: checking for ld used by mips-linux-gnu-gcc -EL
configure:3448: result: /utils/release/sets/3_9_3_iptv_dev/mips-4.3-51-mips-linux-gnu-i686-pc-linux-gnu/mips-linux-gnu/bin/ld
configure:3457: checking if the linker (/utils/release/sets/3_9_3_iptv_dev/mips-4.3-51-mips-linux-gnu-i686-pc-linux-gnu/mips-linux-gnu/bin/ld) is GNU ld
configure:3472: result: yes
configure:3477: checking for /utils/release/sets/3_9_3_iptv_dev/mips-4.3-51-mips-linux-gnu-i686-pc-linux-gnu/mips-linux-gnu/bin/ld option to reload object files
configure:3484: result: -r
configure:3502: checking for BSD-compatible nm
configure:3544: result: /utils/release/sets/3_9_3_iptv_dev/cstoolchain/bin//mips-linux-gnu-nm -B
configure:3548: checking whether ln -s works
configure:3552: result: yes
configure:3559: checking how to recognise dependent libraries
configure:3731: result: pass_all
configure:3945: checking how to run the C preprocessor
configure:3980: mips-linux-gnu-gcc -EL -E  conftest.c
configure:3986: $? = 0
configure:4018: mips-linux-gnu-gcc -EL -E  conftest.c
conftest.c:14:28: error: ac_nonexistent.h: No such file or directory
configure:4024: $? = 1
configure: failed program was:
| /* confdefs.h.  */
| 
| #define PACKAGE_NAME ""
| #define PACKAGE_TARNAME ""
| #define PACKAGE_VERSION ""
| #define PACKAGE_STRING ""
| #define PACKAGE_BUGREPORT ""
| #define GST_VERSION "0.10.2"
| #define PACKAGE "gstreamer"
| #define VERSION "0.10.2"
| #define PACKAGE "gstreamer"
| #define VERSION "0.10.2"
| /* end confdefs.h.  */
| #include <ac_nonexistent.h>
configure:4063: result: mips-linux-gnu-gcc -EL -E
configure:4087: mips-linux-gnu-gcc -EL -E  conftest.c
configure:4093: $? = 0
configure:4125: mips-linux-gnu-gcc -EL -E  conftest.c
conftest.c:14:28: error: ac_nonexistent.h: No such file or directory
configure:4131: $? = 1
configure: failed program was:
| /* confdefs.h.  */
| 
| #define PACKAGE_NAME ""
| #define PACKAGE_TARNAME ""
| #define PACKAGE_VERSION ""
| #define PACKAGE_STRING ""
| #define PACKAGE_BUGREPORT ""
| #define GST_VERSION "0.10.2"
| #define PACKAGE "gstreamer"
| #define VERSION "0.10.2"
| #define PACKAGE "gstreamer"
| #define VERSION "0.10.2"
| /* end confdefs.h.  */
| #include <ac_nonexistent.h>
configure:4175: checking for ANSI C header files
configure:4200: mips-linux-gnu-gcc -EL -c -fPIC -march=mips32r2 -Wa,-mips32r2 -g  conftest.c >&5
configure:4206: $? = 0
configure:4210: test -z 
			 || test ! -s conftest.err
configure:4213: $? = 0
configure:4216: test -s conftest.o
configure:4219: $? = 0
configure:4331: result: yes
configure:4355: checking for sys/types.h
configure:4371: mips-linux-gnu-gcc -EL -c -fPIC -march=mips32r2 -Wa,-mips32r2 -g  conftest.c >&5
configure:4377: $? = 0
configure:4381: test -z 
			 || test ! -s conftest.err
configure:4384: $? = 0
configure:4387: test -s conftest.o
configure:4390: $? = 0
configure:4401: result: yes
configure:4355: checking for sys/stat.h
configure:4371: mips-linux-gnu-gcc -EL -c -fPIC -march=mips32r2 -Wa,-mips32r2 -g  conftest.c >&5
configure:4377: $? = 0
configure:4381: test -z 
			 || test ! -s conftest.err
configure:4384: $? = 0
configure:4387: test -s conftest.o
configure:4390: $? = 0
configure:4401: result: yes
configure:4355: checking for stdlib.h
configure:4371: mips-linux-gnu-gcc -EL -c -fPIC -march=mips32r2 -Wa,-mips32r2 -g  conftest.c >&5
configure:4377: $? = 0
configure:4381: test -z 
			 || test ! -s conftest.err
configure:4384: $? = 0
configure:4387: test -s conftest.o
configure:4390: $? = 0
configure:4401: result: yes
configure:4355: checking for string.h
configure:4371: mips-linux-gnu-gcc -EL -c -fPIC -march=mips32r2 -Wa,-mips32r2 -g  conftest.c >&5
configure:4377: $? = 0
configure:4381: test -z 
			 || test ! -s conftest.err
configure:4384: $? = 0
configure:4387: test -s conftest.o
configure:4390: $? = 0
configure:4401: result: yes
configure:4355: checking for memory.h
configure:4371: mips-linux-gnu-gcc -EL -c -fPIC -march=mips32r2 -Wa,-mips32r2 -g  conftest.c >&5
configure:4377: $? = 0
configure:4381: test -z 
			 || test ! -s conftest.err
configure:4384: $? = 0
configure:4387: test -s conftest.o
configure:4390: $? = 0
configure:4401: result: yes
configure:4355: checking for strings.h
configure:4371: mips-linux-gnu-gcc -EL -c -fPIC -march=mips32r2 -Wa,-mips32r2 -g  conftest.c >&5
configure:4377: $? = 0
configure:4381: test -z 
			 || test ! -s conftest.err
configure:4384: $? = 0
configure:4387: test -s conftest.o
configure:4390: $? = 0
configure:4401: result: yes
configure:4355: checking for inttypes.h
configure:4371: mips-linux-gnu-gcc -EL -c -fPIC -march=mips32r2 -Wa,-mips32r2 -g  conftest.c >&5
configure:4377: $? = 0
configure:4381: test -z 
			 || test ! -s conftest.err
configure:4384: $? = 0
configure:4387: test -s conftest.o
configure:4390: $? = 0
configure:4401: result: yes
configure:4355: checking for stdint.h
configure:4371: mips-linux-gnu-gcc -EL -c -fPIC -march=mips32r2 -Wa,-mips32r2 -g  conftest.c >&5
configure:4377: $? = 0
configure:4381: test -z 
			 || test ! -s conftest.err
configure:4384: $? = 0
configure:4387: test -s conftest.o
configure:4390: $? = 0
configure:4401: result: yes
configure:4355: checking for unistd.h
configure:4371: mips-linux-gnu-gcc -EL -c -fPIC -march=mips32r2 -Wa,-mips32r2 -g  conftest.c >&5
configure:4377: $? = 0
configure:4381: test -z 
			 || test ! -s conftest.err
configure:4384: $? = 0
configure:4387: test -s conftest.o
configure:4390: $? = 0
configure:4401: result: yes
configure:4427: checking dlfcn.h usability
configure:4439: mips-linux-gnu-gcc -EL -c -fPIC -march=mips32r2 -Wa,-mips32r2 -g  conftest.c >&5
configure:4445: $? = 0
configure:4449: test -z 
			 || test ! -s conftest.err
configure:4452: $? = 0
configure:4455: test -s conftest.o
configure:4458: $? = 0
configure:4468: result: yes
configure:4472: checking dlfcn.h presence
configure:4482: mips-linux-gnu-gcc -EL -E  conftest.c
configure:4488: $? = 0
configure:4508: result: yes
configure:4543: checking for dlfcn.h
configure:4550: result: yes
configure:4567: checking the maximum length of command line arguments
configure:4659: result: 32768
configure:4670: checking command to parse /utils/release/sets/3_9_3_iptv_dev/cstoolchain/bin//mips-linux-gnu-nm -B output from mips-linux-gnu-gcc -EL object
configure:4766: mips-linux-gnu-gcc -EL -c -fPIC -march=mips32r2 -Wa,-mips32r2 -g  conftest.c >&5
configure:4769: $? = 0
configure:4773: /utils/release/sets/3_9_3_iptv_dev/cstoolchain/bin//mips-linux-gnu-nm -B conftest.o \| sed -n -e 's/^.*[ 	]\([ABCDGIRSTW][ABCDGIRSTW]*\)[ 	][ 	]*\([_A-Za-z][_A-Za-z0-9]*\)$/\1 \2 \2/p' \> conftest.nm
configure:4776: $? = 0
configure:4828: mips-linux-gnu-gcc -EL -o conftest -fPIC -march=mips32r2 -Wa,-mips32r2 -g  -L/users/phai/share/GSTReamer_compilation/lib 	-L/utils/release/sets/3_9_3_iptv_dev/csrootfs/cross_rootfs/lib conftest.c conftstm.o >&5
configure:4831: $? = 0
configure:4869: result: ok
configure:4873: checking for objdir
configure:4888: result: .libs
configure:4940: checking for mips-linux-gnu-ar
configure:4956: found /utils/release/sets/3_9_3_iptv_dev/cstoolchain/bin//mips-linux-gnu-ar
configure:4966: result: mips-linux-gnu-ar
configure:5020: checking for mips-linux-gnu-ranlib
configure:5036: found /utils/release/sets/3_9_3_iptv_dev/cstoolchain/bin//mips-linux-gnu-ranlib
configure:5046: result: mips-linux-gnu-ranlib
configure:5100: checking for mips-linux-gnu-strip
configure:5126: result: mips-linux-gnu-strip
configure:5452: checking if mips-linux-gnu-gcc -EL static flag  works
configure:5480: result: yes
configure:5498: checking if mips-linux-gnu-gcc -EL supports -fno-rtti -fno-exceptions
configure:5516: mips-linux-gnu-gcc -EL -c -fPIC -march=mips32r2 -Wa,-mips32r2 -g  -fno-rtti -fno-exceptions conftest.c >&5
cc1: warning: command line option "-fno-rtti" is valid for C++/ObjC++ but not for C
configure:5520: $? = 0
configure:5533: result: no
configure:5548: checking for mips-linux-gnu-gcc -EL option to produce PIC
configure:5752: result: -fPIC
configure:5760: checking if mips-linux-gnu-gcc -EL PIC flag -fPIC works
configure:5778: mips-linux-gnu-gcc -EL -c -fPIC -march=mips32r2 -Wa,-mips32r2 -g  -fPIC -DPIC conftest.c >&5
configure:5782: $? = 0
configure:5795: result: yes
configure:5819: checking if mips-linux-gnu-gcc -EL supports -c -o file.o
configure:5840: mips-linux-gnu-gcc -EL -c -fPIC -march=mips32r2 -Wa,-mips32r2 -g  -o out/conftest2.o conftest.c >&5
configure:5844: $? = 0
configure:5866: result: yes
configure:5892: checking whether the mips-linux-gnu-gcc -EL linker (/utils/release/sets/3_9_3_iptv_dev/mips-4.3-51-mips-linux-gnu-i686-pc-linux-gnu/mips-linux-gnu/bin/ld) supports shared libraries
configure:6787: result: yes
configure:6813: checking whether -lc should be explicitly linked in
configure:6818: mips-linux-gnu-gcc -EL -c -fPIC -march=mips32r2 -Wa,-mips32r2 -g  conftest.c >&5
configure:6821: $? = 0
configure:6835: mips-linux-gnu-gcc -EL -shared conftest.o  -v -Wl,-soname -Wl,conftest -o conftest 2\>\&1 \| grep  -lc  \>/dev/null 2\>\&1
configure:6838: $? = 0
configure:6850: result: no
configure:6858: checking dynamic linker characteristics
configure:7421: result: GNU/Linux ld.so
configure:7425: checking how to hardcode library paths into programs
configure:7450: result: immediate
configure:7464: checking whether stripping libraries is possible
configure:7469: result: yes
configure:7595: checking for shl_load
configure:7652: mips-linux-gnu-gcc -EL -o conftest -fPIC -march=mips32r2 -Wa,-mips32r2 -g  -L/users/phai/share/GSTReamer_compilation/lib 	-L/utils/release/sets/3_9_3_iptv_dev/csrootfs/cross_rootfs/lib conftest.c  >&5
/tmp/ccYQDDM5.o: In function `main':
/users/phai/share/GSTReamer_compilation/gstreamer-0.10.2/conftest.c:65: undefined reference to `shl_load'
/tmp/ccYQDDM5.o:(.data.rel+0x0): undefined reference to `shl_load'
collect2: ld returned 1 exit status
configure:7658: $? = 1
configure: failed program was:
| /* confdefs.h.  */
| 
| #define PACKAGE_NAME ""
| #define PACKAGE_TARNAME ""
| #define PACKAGE_VERSION ""
| #define PACKAGE_STRING ""
| #define PACKAGE_BUGREPORT ""
| #define GST_VERSION "0.10.2"
| #define PACKAGE "gstreamer"
| #define VERSION "0.10.2"
| #define PACKAGE "gstreamer"
| #define VERSION "0.10.2"
| #define STDC_HEADERS 1
| #define HAVE_SYS_TYPES_H 1
| #define HAVE_SYS_STAT_H 1
| #define HAVE_STDLIB_H 1
| #define HAVE_STRING_H 1
| #define HAVE_MEMORY_H 1
| #define HAVE_STRINGS_H 1
| #define HAVE_INTTYPES_H 1
| #define HAVE_STDINT_H 1
| #define HAVE_UNISTD_H 1
| #define HAVE_DLFCN_H 1
| /* end confdefs.h.  */
| /* Define shl_load to an innocuous variant, in case <limits.h> declares shl_load.
|    For example, HP-UX 11i <limits.h> declares gettimeofday.  */
| #define shl_load innocuous_shl_load
| 
| /* System header to define __stub macros and hopefully few prototypes,
|     which can conflict with char shl_load (); below.
|     Prefer <limits.h> to <assert.h> if __STDC__ is defined, since
|     <limits.h> exists even on freestanding compilers.  */
| 
| #ifdef __STDC__
| # include <limits.h>
| #else
| # include <assert.h>
| #endif
| 
| #undef shl_load
| 
| /* Override any gcc2 internal prototype to avoid an error.  */
| #ifdef __cplusplus
| extern "C"
| {
| #endif
| /* We use char because int might match the return type of a gcc2
|    builtin and then its argument prototype would still apply.  */
| char shl_load ();
| /* The GNU C library defines this for functions which it implements
|     to always fail with ENOSYS.  Some functions are actually named
|     something starting with __ and the normal name is an alias.  */
| #if defined (__stub_shl_load) || defined (__stub___shl_load)
| choke me
| #else
| char (*f) () = shl_load;
| #endif
| #ifdef __cplusplus
| }
| #endif
| 
| int
| main ()
| {
| return f != shl_load;
|   ;
|   return 0;
| }
configure:7683: result: no
configure:7688: checking for shl_load in -ldld
configure:7718: mips-linux-gnu-gcc -EL -o conftest -fPIC -march=mips32r2 -Wa,-mips32r2 -g  -L/users/phai/share/GSTReamer_compilation/lib 	-L/utils/release/sets/3_9_3_iptv_dev/csrootfs/cross_rootfs/lib conftest.c -ldld   >&5
/utils/release/sets/3_9_3_iptv_dev/mips-4.3-51-mips-linux-gnu-i686-pc-linux-gnu/bin/../lib/gcc/mips-linux-gnu/4.3.2/../../../../mips-linux-gnu/bin/ld: cannot find -ldld
collect2: ld returned 1 exit status
configure:7724: $? = 1
configure: failed program was:
| /* confdefs.h.  */
| 
| #define PACKAGE_NAME ""
| #define PACKAGE_TARNAME ""
| #define PACKAGE_VERSION ""
| #define PACKAGE_STRING ""
| #define PACKAGE_BUGREPORT ""
| #define GST_VERSION "0.10.2"
| #define PACKAGE "gstreamer"
| #define VERSION "0.10.2"
| #define PACKAGE "gstreamer"
| #define VERSION "0.10.2"
| #define STDC_HEADERS 1
| #define HAVE_SYS_TYPES_H 1
| #define HAVE_SYS_STAT_H 1
| #define HAVE_STDLIB_H 1
| #define HAVE_STRING_H 1
| #define HAVE_MEMORY_H 1
| #define HAVE_STRINGS_H 1
| #define HAVE_INTTYPES_H 1
| #define HAVE_STDINT_H 1
| #define HAVE_UNISTD_H 1
| #define HAVE_DLFCN_H 1
| /* end confdefs.h.  */
| 
| /* Override any gcc2 internal prototype to avoid an error.  */
| #ifdef __cplusplus
| extern "C"
| #endif
| /* We use char because int might match the return type of a gcc2
|    builtin and then its argument prototype would still apply.  */
| char shl_load ();
| int
| main ()
| {
| shl_load ();
|   ;
|   return 0;
| }
configure:7750: result: no
configure:7755: checking for dlopen
configure:7812: mips-linux-gnu-gcc -EL -o conftest -fPIC -march=mips32r2 -Wa,-mips32r2 -g  -L/users/phai/share/GSTReamer_compilation/lib 	-L/utils/release/sets/3_9_3_iptv_dev/csrootfs/cross_rootfs/lib conftest.c  >&5
/tmp/cci5004p.o: In function `main':
/users/phai/share/GSTReamer_compilation/gstreamer-0.10.2/conftest.c:65: undefined reference to `dlopen'
/tmp/cci5004p.o:(.data.rel+0x0): undefined reference to `dlopen'
collect2: ld returned 1 exit status
configure:7818: $? = 1
configure: failed program was:
| /* confdefs.h.  */
| 
| #define PACKAGE_NAME ""
| #define PACKAGE_TARNAME ""
| #define PACKAGE_VERSION ""
| #define PACKAGE_STRING ""
| #define PACKAGE_BUGREPORT ""
| #define GST_VERSION "0.10.2"
| #define PACKAGE "gstreamer"
| #define VERSION "0.10.2"
| #define PACKAGE "gstreamer"
| #define VERSION "0.10.2"
| #define STDC_HEADERS 1
| #define HAVE_SYS_TYPES_H 1
| #define HAVE_SYS_STAT_H 1
| #define HAVE_STDLIB_H 1
| #define HAVE_STRING_H 1
| #define HAVE_MEMORY_H 1
| #define HAVE_STRINGS_H 1
| #define HAVE_INTTYPES_H 1
| #define HAVE_STDINT_H 1
| #define HAVE_UNISTD_H 1
| #define HAVE_DLFCN_H 1
| /* end confdefs.h.  */
| /* Define dlopen to an innocuous variant, in case <limits.h> declares dlopen.
|    For example, HP-UX 11i <limits.h> declares gettimeofday.  */
| #define dlopen innocuous_dlopen
| 
| /* System header to define __stub macros and hopefully few prototypes,
|     which can conflict with char dlopen (); below.
|     Prefer <limits.h> to <assert.h> if __STDC__ is defined, since
|     <limits.h> exists even on freestanding compilers.  */
| 
| #ifdef __STDC__
| # include <limits.h>
| #else
| # include <assert.h>
| #endif
| 
| #undef dlopen
| 
| /* Override any gcc2 internal prototype to avoid an error.  */
| #ifdef __cplusplus
| extern "C"
| {
| #endif
| /* We use char because int might match the return type of a gcc2
|    builtin and then its argument prototype would still apply.  */
| char dlopen ();
| /* The GNU C library defines this for functions which it implements
|     to always fail with ENOSYS.  Some functions are actually named
|     something starting with __ and the normal name is an alias.  */
| #if defined (__stub_dlopen) || defined (__stub___dlopen)
| choke me
| #else
| char (*f) () = dlopen;
| #endif
| #ifdef __cplusplus
| }
| #endif
| 
| int
| main ()
| {
| return f != dlopen;
|   ;
|   return 0;
| }
configure:7843: result: no
configure:7848: checking for dlopen in -ldl
configure:7878: mips-linux-gnu-gcc -EL -o conftest -fPIC -march=mips32r2 -Wa,-mips32r2 -g  -L/users/phai/share/GSTReamer_compilation/lib 	-L/utils/release/sets/3_9_3_iptv_dev/csrootfs/cross_rootfs/lib conftest.c -ldl   >&5
configure:7884: $? = 0
configure:7888: test -z 
			 || test ! -s conftest.err
configure:7891: $? = 0
configure:7894: test -s conftest
configure:7897: $? = 0
configure:7910: result: yes
configure:8085: checking whether a program can dlopen itself
configure:8178: result: cross
configure:8299: checking if libtool supports shared libraries
configure:8301: result: yes
configure:8304: checking whether to build shared libraries
configure:8325: result: yes
configure:8328: checking whether to build static libraries
configure:8332: result: no
configure:8424: creating libtool
configure:8940: checking for msgfmt
configure:8968: result: /usr/bin/msgfmt
configure:8977: checking for gmsgfmt
configure:9008: result: /usr/bin/msgfmt
configure:9018: checking for xgettext
configure:9046: result: /usr/bin/xgettext
configure:9057: checking for msgmerge
configure:9084: result: /usr/bin/msgmerge
configure:9146: checking for ld used by GCC
configure:9209: result: /utils/release/sets/3_9_3_iptv_dev/mips-4.3-51-mips-linux-gnu-i686-pc-linux-gnu/mips-linux-gnu/bin/ld
configure:9218: checking if the linker (/utils/release/sets/3_9_3_iptv_dev/mips-4.3-51-mips-linux-gnu-i686-pc-linux-gnu/mips-linux-gnu/bin/ld) is GNU ld
GNU ld (Sourcery G++ Lite 4.3-51) 2.18.50.20080215
configure:9230: result: yes
configure:9236: checking for shared library run path origin
configure:9249: result: done
configure:9666: checking whether NLS is requested
configure:9675: result: yes
configure:9692: checking for GNU gettext in libc
configure:9716: mips-linux-gnu-gcc -EL -o conftest -fPIC -march=mips32r2 -Wa,-mips32r2 -g  -L/users/phai/share/GSTReamer_compilation/lib 	-L/utils/release/sets/3_9_3_iptv_dev/csrootfs/cross_rootfs/lib conftest.c  >&5
configure:9722: $? = 0
configure:9726: test -z 
			 || test ! -s conftest.err
configure:9729: $? = 0
configure:9732: test -s conftest
configure:9735: $? = 0
configure:9747: result: yes
configure:11355: Using GStreamer source release as package name
configure:11383: Using Unknown package origin as package origin
configure:11446: Using /users/phai/share/GSTReamer_compilation/var/cache/gstreamer-0.10 as registry cache dir
configure:11502: WARNING: Sissy ! By asking to not build the tests known to fail, you hereby waive your right to customer support.  If you do not agree with this EULA, please press Ctrl-C before the next line is printed.  By allowing the next line to be printed, you expressly acknowledge your acceptance of this EULA.
configure:11622: checking whether byte ordering is bigendian
configure:11649: mips-linux-gnu-gcc -EL -c -fPIC -march=mips32r2 -Wa,-mips32r2 -g  conftest.c >&5
configure:11655: $? = 0
configure:11659: test -z 
			 || test ! -s conftest.err
configure:11662: $? = 0
configure:11665: test -s conftest.o
configure:11668: $? = 0
configure:11692: mips-linux-gnu-gcc -EL -c -fPIC -march=mips32r2 -Wa,-mips32r2 -g  conftest.c >&5
conftest.c: In function 'main':
conftest.c:41: error: 'not' undeclared (first use in this function)
conftest.c:41: error: (Each undeclared identifier is reported only once
conftest.c:41: error: for each function it appears in.)
conftest.c:41: error: expected ';' before 'big'
configure:11698: $? = 1
configure: failed program was:
| /* confdefs.h.  */
| 
| #define PACKAGE_NAME ""
| #define PACKAGE_TARNAME ""
| #define PACKAGE_VERSION ""
| #define PACKAGE_STRING ""
| #define PACKAGE_BUGREPORT ""
| #define GST_VERSION "0.10.2"
| #define PACKAGE "gstreamer"
| #define VERSION "0.10.2"
| #define PACKAGE "gstreamer"
| #define VERSION "0.10.2"
| #define STDC_HEADERS 1
| #define HAVE_SYS_TYPES_H 1
| #define HAVE_SYS_STAT_H 1
| #define HAVE_STDLIB_H 1
| #define HAVE_STRING_H 1
| #define HAVE_MEMORY_H 1
| #define HAVE_STRINGS_H 1
| #define HAVE_INTTYPES_H 1
| #define HAVE_STDINT_H 1
| #define HAVE_UNISTD_H 1
| #define HAVE_DLFCN_H 1
| #define ENABLE_NLS 1
| #define HAVE_GETTEXT 1
| #define HAVE_DCGETTEXT 1
| #define GETTEXT_PACKAGE "gstreamer-0.10"
| #define LOCALEDIR "/users/phai/share/GSTReamer_compilation/share/locale"
| #define GST_PACKAGE_NAME "GStreamer source release"
| #define GST_PACKAGE_ORIGIN "Unknown package origin"
| #define GST_CACHE_DIR "/users/phai/share/GSTReamer_compilation/var/cache/gstreamer-0.10"
| #define HAVE_CPU_MIPS 1
| /* end confdefs.h.  */
| #include <sys/types.h>
| #include <sys/param.h>
| 
| int
| main ()
| {
| #if BYTE_ORDER != BIG_ENDIAN
|  not big endian
| #endif
| 
|   ;
|   return 0;
| }
configure:11833: result: no
configure:11969: checking if unaligned memory access works correctly
configure:12037: result: no
configure:12067: checking for special C compiler options needed for large files
configure:12166: result: no
configure:12172: checking for _FILE_OFFSET_BITS value needed for large files
configure:12203: mips-linux-gnu-gcc -EL -c -fPIC -march=mips32r2 -Wa,-mips32r2 -g  conftest.c >&5
conftest.c:41: warning: left shift count >= width of type
conftest.c:41: warning: left shift count >= width of type
conftest.c:43: error: size of array 'off_t_is_large' is negative
configure:12209: $? = 1
configure: failed program was:
| /* confdefs.h.  */
| 
| #define PACKAGE_NAME ""
| #define PACKAGE_TARNAME ""
| #define PACKAGE_VERSION ""
| #define PACKAGE_STRING ""
| #define PACKAGE_BUGREPORT ""
| #define GST_VERSION "0.10.2"
| #define PACKAGE "gstreamer"
| #define VERSION "0.10.2"
| #define PACKAGE "gstreamer"
| #define VERSION "0.10.2"
| #define STDC_HEADERS 1
| #define HAVE_SYS_TYPES_H 1
| #define HAVE_SYS_STAT_H 1
| #define HAVE_STDLIB_H 1
| #define HAVE_STRING_H 1
| #define HAVE_MEMORY_H 1
| #define HAVE_STRINGS_H 1
| #define HAVE_INTTYPES_H 1
| #define HAVE_STDINT_H 1
| #define HAVE_UNISTD_H 1
| #define HAVE_DLFCN_H 1
| #define ENABLE_NLS 1
| #define HAVE_GETTEXT 1
| #define HAVE_DCGETTEXT 1
| #define GETTEXT_PACKAGE "gstreamer-0.10"
| #define LOCALEDIR "/users/phai/share/GSTReamer_compilation/share/locale"
| #define GST_PACKAGE_NAME "GStreamer source release"
| #define GST_PACKAGE_ORIGIN "Unknown package origin"
| #define GST_CACHE_DIR "/users/phai/share/GSTReamer_compilation/var/cache/gstreamer-0.10"
| #define HAVE_CPU_MIPS 1
| #define HOST_CPU "mips"
| /* end confdefs.h.  */
| #include <sys/types.h>
|  /* Check that off_t can represent 2**63 - 1 correctly.
|     We can't simply define LARGE_OFF_T to be 9223372036854775807,
|     since some C++ compilers masquerading as C compilers
|     incorrectly reject 9223372036854775807.  */
| #define LARGE_OFF_T (((off_t) 1 << 62) - 1 + ((off_t) 1 << 62))
|   int off_t_is_large[(LARGE_OFF_T % 2147483629 == 721
| 		       && LARGE_OFF_T % 2147483647 == 1)
| 		      ? 1 : -1];
| int
| main ()
| {
| 
|   ;
|   return 0;
| }
configure:12256: mips-linux-gnu-gcc -EL -c -fPIC -march=mips32r2 -Wa,-mips32r2 -g  conftest.c >&5
configure:12262: $? = 0
configure:12266: test -z 
			 || test ! -s conftest.err
configure:12269: $? = 0
configure:12272: test -s conftest.o
configure:12275: $? = 0
configure:12287: result: 64
configure:12297: checking for _LARGE_FILES value needed for large files
configure:12328: mips-linux-gnu-gcc -EL -c -fPIC -march=mips32r2 -Wa,-mips32r2 -g  conftest.c >&5
configure:12334: $? = 0
configure:12338: test -z 
			 || test ! -s conftest.err
configure:12341: $? = 0
configure:12344: test -s conftest.o
configure:12347: $? = 0
configure:12412: result: no
configure:12446: checking for mips-linux-gnu-gcc
configure:12472: result: mips-linux-gnu-gcc -EL
configure:12754: checking for C compiler version
configure:12757: mips-linux-gnu-gcc -EL --version </dev/null >&5
mips-linux-gnu-gcc (Sourcery G++ Lite 4.3-51) 4.3.2
Copyright (C) 2008 Free Software Foundation, Inc.
This is free software; see the source for copying conditions.  There is NO
warranty; not even for MERCHANTABILITY or FITNESS FOR A PARTICULAR PURPOSE.

configure:12760: $? = 0
configure:12762: mips-linux-gnu-gcc -EL -v </dev/null >&5
Using built-in specs.
Target: mips-linux-gnu
Configured with: /scratch/clm/2008q3-src/src/gcc-4.3/configure --build=i686-pc-linux-gnu --host=i686-pc-linux-gnu --target=mips-linux-gnu --enable-threads --disable-libmudflap --disable-libssp --disable-libstdcxx-pch --with-arch=mips32r2 --with-float=hard --enable-mips-nonpic --enable-extra-sgxxlite-multilibs --with-gnu-as --with-gnu-ld --enable-languages=c,c++ --enable-shared --enable-symvers=gnu --enable-__cxa_atexit --with-pkgversion='Sourcery G++ Lite 4.3-51' --with-bugurl=https://support.codesourcery.com/GNUToolchain/ --disable-nls --prefix=/opt/codesourcery --with-sysroot=/opt/codesourcery/mips-linux-gnu/libc --with-build-sysroot=/scratch/clm/2008q3-lite/install/mips-linux-gnu/libc --with-gmp=/scratch/clm/2008q3-lite/obj/host-libs-4.3-51-mips-linux-gnu-i686-pc-linux-gnu/usr --with-mpfr=/scratch/clm/2008q3-lite/obj/host-libs-4.3-51-mips-linux-gnu-i686-pc-linux-gnu/usr --disable-libgomp --enable-poison-system-directories --with-build-time-tools=/scratch/clm/2008q3-lite/install/mips-linux-gnu/bin --with-build-time-tools=/scratch/clm/2008q3-lite/install/mips-linux-gnu/bin
Thread model: posix
gcc version 4.3.2 (Sourcery G++ Lite 4.3-51) 
configure:12765: $? = 0
configure:12767: mips-linux-gnu-gcc -EL -V </dev/null >&5
mips-linux-gnu-gcc: '-V' must come at the start of the command line
configure:12770: $? = 1
configure:12773: checking whether we are using the GNU C compiler
configure:12829: result: yes
configure:12835: checking whether mips-linux-gnu-gcc -EL accepts -g
configure:12886: result: yes
configure:12903: checking for mips-linux-gnu-gcc -EL option to accept ANSI C
configure:13010: result: none needed
configure:13028: mips-linux-gnu-gcc -EL -c -fPIC -march=mips32r2 -Wa,-mips32r2 -g  conftest.c >&5
conftest.c:2: error: expected '=', ',', ';', 'asm' or '__attribute__' before 'me'
configure:13034: $? = 1
configure: failed program was:
| #ifndef __cplusplus
|   choke me
| #endif
configure:13169: checking dependency style of mips-linux-gnu-gcc -EL
configure:13259: result: gcc3
configure:13289: checking for gawk
configure:13315: result: gawk
configure:13328: checking for bison
configure:13346: found /usr/bin/bison
configure:13359: result: /usr/bin/bison
configure:13372: checking bison version
configure:13377: result: ok
configure:13389: checking for flex
configure:13407: found /usr/bin/flex
configure:13420: result: /usr/bin/flex
configure:13435: checking for perl
configure:13453: found /usr/bin/perl
configure:13466: result: /usr/bin/perl
configure:13481: checking for valgrind
configure:13499: found /usr/bin/valgrind
configure:13512: result: /usr/bin/valgrind
configure:14261: Looking for Python version >= 2.1
configure:14279: checking for python
configure:14297: found /usr/bin/python
configure:14309: result: /usr/bin/python
configure:14320: checking "/usr/bin/python":
configure:14322: result: okay
configure:14338: checking local Python configuration
configure:14375: result: looks good
configure:14382: checking for library containing strerror
configure:14412: mips-linux-gnu-gcc -EL -o conftest -fPIC -march=mips32r2 -Wa,-mips32r2 -g  -L/users/phai/share/GSTReamer_compilation/lib 	-L/utils/release/sets/3_9_3_iptv_dev/csrootfs/cross_rootfs/lib conftest.c  >&5
configure:14418: $? = 0
configure:14422: test -z 
			 || test ! -s conftest.err
configure:14425: $? = 0
configure:14428: test -s conftest
configure:14431: $? = 0
configure:14501: result: none required
configure:14510: checking for ANSI C header files
configure:14666: result: yes
configure:14691: checking ucontext.h usability
configure:14703: mips-linux-gnu-gcc -EL -c -fPIC -march=mips32r2 -Wa,-mips32r2 -g  conftest.c >&5
configure:14709: $? = 0
configure:14713: test -z 
			 || test ! -s conftest.err
configure:14716: $? = 0
configure:14719: test -s conftest.o
configure:14722: $? = 0
configure:14732: result: yes
configure:14736: checking ucontext.h presence
configure:14746: mips-linux-gnu-gcc -EL -E  conftest.c
configure:14752: $? = 0
configure:14772: result: yes
configure:14807: checking for ucontext.h
configure:14814: result: yes
configure:14841: checking sys/socket.h usability
configure:14853: mips-linux-gnu-gcc -EL -c -fPIC -march=mips32r2 -Wa,-mips32r2 -g  conftest.c >&5
configure:14859: $? = 0
configure:14863: test -z 
			 || test ! -s conftest.err
configure:14866: $? = 0
configure:14869: test -s conftest.o
configure:14872: $? = 0
configure:14882: result: yes
configure:14886: checking sys/socket.h presence
configure:14896: mips-linux-gnu-gcc -EL -E  conftest.c
configure:14902: $? = 0
configure:14922: result: yes
configure:14957: checking for sys/socket.h
configure:14964: result: yes
configure:15001: checking process.h usability
configure:15013: mips-linux-gnu-gcc -EL -c -fPIC -march=mips32r2 -Wa,-mips32r2 -g  conftest.c >&5
conftest.c:73:21: error: process.h: No such file or directory
configure:15019: $? = 1
configure: failed program was:
| /* confdefs.h.  */
| 
| #define PACKAGE_NAME ""
| #define PACKAGE_TARNAME ""
| #define PACKAGE_VERSION ""
| #define PACKAGE_STRING ""
| #define PACKAGE_BUGREPORT ""
| #define GST_VERSION "0.10.2"
| #define PACKAGE "gstreamer"
| #define VERSION "0.10.2"
| #define PACKAGE "gstreamer"
| #define VERSION "0.10.2"
| #define STDC_HEADERS 1
| #define HAVE_SYS_TYPES_H 1
| #define HAVE_SYS_STAT_H 1
| #define HAVE_STDLIB_H 1
| #define HAVE_STRING_H 1
| #define HAVE_MEMORY_H 1
| #define HAVE_STRINGS_H 1
| #define HAVE_INTTYPES_H 1
| #define HAVE_STDINT_H 1
| #define HAVE_UNISTD_H 1
| #define HAVE_DLFCN_H 1
| #define ENABLE_NLS 1
| #define HAVE_GETTEXT 1
| #define HAVE_DCGETTEXT 1
| #define GETTEXT_PACKAGE "gstreamer-0.10"
| #define LOCALEDIR "/users/phai/share/GSTReamer_compilation/share/locale"
| #define GST_PACKAGE_NAME "GStreamer source release"
| #define GST_PACKAGE_ORIGIN "Unknown package origin"
| #define GST_CACHE_DIR "/users/phai/share/GSTReamer_compilation/var/cache/gstreamer-0.10"
| #define HAVE_CPU_MIPS 1
| #define HOST_CPU "mips"
| #define _FILE_OFFSET_BITS 64
| #define STDC_HEADERS 1
| #define HAVE_UCONTEXT_H 1
| #define HAVE_SYS_SOCKET_H 1
| /* end confdefs.h.  */
| #include <stdio.h>
| #if HAVE_SYS_TYPES_H
| # include <sys/types.h>
| #endif
| #if HAVE_SYS_STAT_H
| # include <sys/stat.h>
| #endif
| #if STDC_HEADERS
| # include <stdlib.h>
| # include <stddef.h>
| #else
| # if HAVE_STDLIB_H
| #  include <stdlib.h>
| # endif
| #endif
| #if HAVE_STRING_H
| # if !STDC_HEADERS && HAVE_MEMORY_H
| #  include <memory.h>
| # endif
| # include <string.h>
| #endif
| #if HAVE_STRINGS_H
| # include <strings.h>
| #endif
| #if HAVE_INTTYPES_H
| # include <inttypes.h>
| #else
| # if HAVE_STDINT_H
| #  include <stdint.h>
| # endif
| #endif
| #if HAVE_UNISTD_H
| # include <unistd.h>
| #endif
| #include <process.h>
configure:15042: result: no
configure:15046: checking process.h presence
configure:15056: mips-linux-gnu-gcc -EL -E  conftest.c
conftest.c:39:21: error: process.h: No such file or directory
configure:15062: $? = 1
configure: failed program was:
| /* confdefs.h.  */
| 
| #define PACKAGE_NAME ""
| #define PACKAGE_TARNAME ""
| #define PACKAGE_VERSION ""
| #define PACKAGE_STRING ""
| #define PACKAGE_BUGREPORT ""
| #define GST_VERSION "0.10.2"
| #define PACKAGE "gstreamer"
| #define VERSION "0.10.2"
| #define PACKAGE "gstreamer"
| #define VERSION "0.10.2"
| #define STDC_HEADERS 1
| #define HAVE_SYS_TYPES_H 1
| #define HAVE_SYS_STAT_H 1
| #define HAVE_STDLIB_H 1
| #define HAVE_STRING_H 1
| #define HAVE_MEMORY_H 1
| #define HAVE_STRINGS_H 1
| #define HAVE_INTTYPES_H 1
| #define HAVE_STDINT_H 1
| #define HAVE_UNISTD_H 1
| #define HAVE_DLFCN_H 1
| #define ENABLE_NLS 1
| #define HAVE_GETTEXT 1
| #define HAVE_DCGETTEXT 1
| #define GETTEXT_PACKAGE "gstreamer-0.10"
| #define LOCALEDIR "/users/phai/share/GSTReamer_compilation/share/locale"
| #define GST_PACKAGE_NAME "GStreamer source release"
| #define GST_PACKAGE_ORIGIN "Unknown package origin"
| #define GST_CACHE_DIR "/users/phai/share/GSTReamer_compilation/var/cache/gstreamer-0.10"
| #define HAVE_CPU_MIPS 1
| #define HOST_CPU "mips"
| #define _FILE_OFFSET_BITS 64
| #define STDC_HEADERS 1
| #define HAVE_UCONTEXT_H 1
| #define HAVE_SYS_SOCKET_H 1
| /* end confdefs.h.  */
| #include <process.h>
configure:15082: result: no
configure:15117: checking for process.h
configure:15124: result: no
configure:15141: checking for inline
configure:15162: mips-linux-gnu-gcc -EL -c -fPIC -march=mips32r2 -Wa,-mips32r2 -g  conftest.c >&5
configure:15168: $? = 0
configure:15172: test -z 
			 || test ! -s conftest.err
configure:15175: $? = 0
configure:15178: test -s conftest.o
configure:15181: $? = 0
configure:15193: result: inline
configure:15216: checking to see if compiler understands -fno-common
configure:15238: mips-linux-gnu-gcc -EL -c -fPIC -march=mips32r2 -Wa,-mips32r2 -g -fno-common  conftest.c >&5
configure:15244: $? = 0
configure:15248: test -z 
			 || test ! -s conftest.err
configure:15251: $? = 0
configure:15254: test -s conftest.o
configure:15257: $? = 0
configure:15276: result: yes
configure:15353: checking for sigaction
configure:15410: mips-linux-gnu-gcc -EL -o conftest -fPIC -march=mips32r2 -Wa,-mips32r2 -g  -L/users/phai/share/GSTReamer_compilation/lib 	-L/utils/release/sets/3_9_3_iptv_dev/csrootfs/cross_rootfs/lib conftest.c  >&5
configure:15416: $? = 0
configure:15420: test -z 
			 || test ! -s conftest.err
configure:15423: $? = 0
configure:15426: test -s conftest
configure:15429: $? = 0
configure:15441: result: yes
configure:15452: checking for _LARGEFILE_SOURCE value needed for large files
configure:15475: mips-linux-gnu-gcc -EL -c -fPIC -march=mips32r2 -Wa,-mips32r2 -g  conftest.c >&5
configure:15481: $? = 0
configure:15485: test -z 
			 || test ! -s conftest.err
configure:15488: $? = 0
configure:15491: test -s conftest.o
configure:15494: $? = 0
configure:15551: result: no
configure:15565: checking for fseeko
configure:15586: mips-linux-gnu-gcc -EL -o conftest -fPIC -march=mips32r2 -Wa,-mips32r2 -g  -L/users/phai/share/GSTReamer_compilation/lib 	-L/utils/release/sets/3_9_3_iptv_dev/csrootfs/cross_rootfs/lib conftest.c  >&5
configure:15592: $? = 0
configure:15596: test -z 
			 || test ! -s conftest.err
configure:15599: $? = 0
configure:15602: test -s conftest
configure:15605: $? = 0
configure:15617: result: yes
configure:15631: checking for ftello
configure:15688: mips-linux-gnu-gcc -EL -o conftest -fPIC -march=mips32r2 -Wa,-mips32r2 -g  -L/users/phai/share/GSTReamer_compilation/lib 	-L/utils/release/sets/3_9_3_iptv_dev/csrootfs/cross_rootfs/lib conftest.c  >&5
configure:15694: $? = 0
configure:15698: test -z 
			 || test ! -s conftest.err
configure:15701: $? = 0
configure:15704: test -s conftest
configure:15707: $? = 0
configure:15719: result: yes
configure:15734: checking for fgetpos
configure:15791: mips-linux-gnu-gcc -EL -o conftest -fPIC -march=mips32r2 -Wa,-mips32r2 -g  -L/users/phai/share/GSTReamer_compilation/lib 	-L/utils/release/sets/3_9_3_iptv_dev/csrootfs/cross_rootfs/lib conftest.c  >&5
configure:15797: $? = 0
configure:15801: test -z 
			 || test ! -s conftest.err
configure:15804: $? = 0
configure:15807: test -s conftest
configure:15810: $? = 0
configure:15822: result: yes
configure:15836: checking for fsetpos
configure:15893: mips-linux-gnu-gcc -EL -o conftest -fPIC -march=mips32r2 -Wa,-mips32r2 -g  -L/users/phai/share/GSTReamer_compilation/lib 	-L/utils/release/sets/3_9_3_iptv_dev/csrootfs/cross_rootfs/lib conftest.c  >&5
configure:15899: $? = 0
configure:15903: test -z 
			 || test ! -s conftest.err
configure:15906: $? = 0
configure:15909: test -s conftest
configure:15912: $? = 0
configure:15924: result: yes
configure:15941: checking for stdlib.h
configure:15946: result: yes
configure:15941: checking for unistd.h
configure:15946: result: yes
configure:16090: checking for getpagesize
configure:16147: mips-linux-gnu-gcc -EL -o conftest -fPIC -march=mips32r2 -Wa,-mips32r2 -g  -L/users/phai/share/GSTReamer_compilation/lib 	-L/utils/release/sets/3_9_3_iptv_dev/csrootfs/cross_rootfs/lib conftest.c  >&5
configure:16153: $? = 0
configure:16157: test -z 
			 || test ! -s conftest.err
configure:16160: $? = 0
configure:16163: test -s conftest
configure:16166: $? = 0
configure:16178: result: yes
configure:16188: checking for working mmap
configure:16352: result: no
configure:16375: checking whether mips-linux-gnu-gcc -EL implements __PRETTY_FUNCTION__
configure:16397: mips-linux-gnu-gcc -EL -o conftest -fPIC -march=mips32r2 -Wa,-mips32r2 -g  -L/users/phai/share/GSTReamer_compilation/lib 	-L/utils/release/sets/3_9_3_iptv_dev/csrootfs/cross_rootfs/lib conftest.c  >&5
configure:16403: $? = 0
configure:16407: test -z 
			 || test ! -s conftest.err
configure:16410: $? = 0
configure:16413: test -s conftest
configure:16416: $? = 0
configure:16430: result: yes
configure:16440: checking whether mips-linux-gnu-gcc -EL implements __FUNCTION__
configure:16462: mips-linux-gnu-gcc -EL -o conftest -fPIC -march=mips32r2 -Wa,-mips32r2 -g  -L/users/phai/share/GSTReamer_compilation/lib 	-L/utils/release/sets/3_9_3_iptv_dev/csrootfs/cross_rootfs/lib conftest.c  >&5
configure:16468: $? = 0
configure:16472: test -z 
			 || test ! -s conftest.err
configure:16475: $? = 0
configure:16478: test -s conftest
configure:16481: $? = 0
configure:16495: result: yes
configure:16505: checking whether mips-linux-gnu-gcc -EL implements __func__
configure:16527: mips-linux-gnu-gcc -EL -o conftest -fPIC -march=mips32r2 -Wa,-mips32r2 -g  -L/users/phai/share/GSTReamer_compilation/lib 	-L/utils/release/sets/3_9_3_iptv_dev/csrootfs/cross_rootfs/lib conftest.c  >&5
configure:16533: $? = 0
configure:16537: test -z 
			 || test ! -s conftest.err
configure:16540: $? = 0
configure:16543: test -s conftest
configure:16546: $? = 0
configure:16560: result: yes
configure:16590: checking for register_printf_function
configure:16647: mips-linux-gnu-gcc -EL -o conftest -fPIC -march=mips32r2 -Wa,-mips32r2 -g  -L/users/phai/share/GSTReamer_compilation/lib 	-L/utils/release/sets/3_9_3_iptv_dev/csrootfs/cross_rootfs/lib conftest.c  >&5
configure:16653: $? = 0
configure:16657: test -z 
			 || test ! -s conftest.err
configure:16660: $? = 0
configure:16663: test -s conftest
configure:16666: $? = 0
configure:16678: result: yes
configure:16698: checking for dladdr in -ldl
configure:16728: mips-linux-gnu-gcc -EL -o conftest -fPIC -march=mips32r2 -Wa,-mips32r2 -g -D_GNU_SOURCE  -L/users/phai/share/GSTReamer_compilation/lib 	-L/utils/release/sets/3_9_3_iptv_dev/csrootfs/cross_rootfs/lib conftest.c -ldl   >&5
configure:16734: $? = 0
configure:16738: test -z 
			 || test ! -s conftest.err
configure:16741: $? = 0
configure:16744: test -s conftest
configure:16747: $? = 0
configure:16760: result: yes
configure:16790: checking for pkg-config
configure:16808: found /usr/bin/pkg-config
configure:16821: result: /usr/bin/pkg-config
configure:16838: checking for glib-2.0 >= 2.6 gobject-2.0 gthread-2.0 gmodule-2.0
configure:16842: result: yes
configure:16846: checking GLIB_CFLAGS
configure:16849: result: -pthread -I/users/phai/share/GSTReamer_compilation/include/glib-2.0 -I/users/phai/share/GSTReamer_compilation/lib/glib-2.0/include  
configure:16852: checking GLIB_LIBS
configure:16855: result: -pthread -Wl,--export-dynamic -L/users/phai/share/GSTReamer_compilation/lib -lgobject-2.0 -lgthread-2.0 -lgmodule-2.0 -lrt -lglib-2.0  
configure:16899: checking glib version >= 2.8
configure:16902: result: yes
configure:16966: checking for glib-2.0 >= 2.6
configure:16970: result: yes
configure:16974: checking GLIB_ONLY_CFLAGS
configure:16977: result: -I/users/phai/share/GSTReamer_compilation/include/glib-2.0 -I/users/phai/share/GSTReamer_compilation/lib/glib-2.0/include  
configure:16980: checking GLIB_ONLY_LIBS
configure:16983: result: -L/users/phai/share/GSTReamer_compilation/lib -lglib-2.0  
configure:17075: checking for libxml-2.0 >= 2.4.9
configure:17079: result: yes
configure:17083: checking XML_CFLAGS
configure:17086: result: -I/users/phai/share/GSTReamer_compilation/include/libxml2  
configure:17089: checking XML_LIBS
configure:17092: result: -L/users/phai/share/GSTReamer_compilation/lib -lxml2  
configure:17158: mips-linux-gnu-gcc -EL -o conftest -fPIC -march=mips32r2 -Wa,-mips32r2 -g -I/users/phai/share/GSTReamer_compilation/include/libxml2    -L/users/phai/share/GSTReamer_compilation/lib 	-L/utils/release/sets/3_9_3_iptv_dev/csrootfs/cross_rootfs/lib conftest.c  -L/users/phai/share/GSTReamer_compilation/lib -lxml2   >&5
configure:17164: $? = 0
configure:17168: test -z 
			 || test ! -s conftest.err
configure:17171: $? = 0
configure:17174: test -s conftest
configure:17177: $? = 0
configure:17179: Test xml2 program linked
configure:17207: checking for check - version >= 0.9.2
configure:17319: result: yes
configure:17323: CHECK_CFLAGS: 
configure:17325: CHECK_LIBS: -lcheck
configure:17503: Using /users/phai/share/GSTReamer_compilation/lib/gstreamer-0.10 as the plugin install location
configure:17518: checking to see if compiler understands -Wall
configure:17540: mips-linux-gnu-gcc -EL -c -fPIC -march=mips32r2 -Wa,-mips32r2 -g -Wall  conftest.c >&5
configure:17546: $? = 0
configure:17550: test -z 
			 || test ! -s conftest.err
configure:17553: $? = 0
configure:17556: test -s conftest.o
configure:17559: $? = 0
configure:17578: result: yes
configure:17651: set ERROR_CFLAGS to -Wall
configure:17757: checking for libgnomeui-2.0
configure:18195: creating ./config.status

## ---------------------- ##
## Running config.status. ##
## ---------------------- ##

This file was extended by config.status, which was
generated by GNU Autoconf 2.59.  Invocation command line was

  CONFIG_FILES    = 
  CONFIG_HEADERS  = 
  CONFIG_LINKS    = 
  CONFIG_COMMANDS = 
  $ ./config.status 

on panda

config.status:958: creating Makefile
config.status:958: creating gst/Makefile
config.status:958: creating gst/gstconfig.h
config.status:958: creating gst/gstversion.h
config.status:958: creating gst/parse/Makefile
config.status:958: creating libs/Makefile
config.status:958: creating libs/gst/Makefile
config.status:958: creating libs/gst/base/Makefile
config.status:958: creating libs/gst/check/Makefile
config.status:958: creating libs/gst/controller/Makefile
config.status:958: creating libs/gst/dataprotocol/Makefile
config.status:958: creating libs/gst/net/Makefile
config.status:958: creating plugins/Makefile
config.status:958: creating plugins/indexers/Makefile
config.status:958: creating plugins/elements/Makefile
config.status:958: creating po/Makefile.in
config.status:958: creating tests/Makefile
config.status:958: creating tests/benchmarks/Makefile
config.status:958: creating tests/check/Makefile
config.status:958: creating tests/misc/Makefile
config.status:958: creating tests/examples/Makefile
config.status:958: creating tests/examples/controller/Makefile
config.status:958: creating tests/examples/helloworld/Makefile
config.status:958: creating tests/examples/launch/Makefile
config.status:958: creating tests/examples/metadata/Makefile
config.status:958: creating tests/examples/queue/Makefile
config.status:958: creating tests/examples/typefind/Makefile
config.status:958: creating tests/examples/xml/Makefile
config.status:958: creating tools/Makefile
config.status:958: creating common/Makefile
config.status:958: creating common/m4/Makefile
config.status:958: creating docs/Makefile
config.status:958: creating docs/faq/Makefile
config.status:958: creating docs/gst/Makefile
config.status:958: creating docs/gst/gstreamer.types
config.status:958: creating docs/libs/Makefile
config.status:958: creating docs/plugins/Makefile
config.status:958: creating docs/manual/Makefile
config.status:958: creating docs/pwg/Makefile
config.status:958: creating docs/xsl/Makefile
config.status:958: creating docs/version.entities
config.status:958: creating win32/common/config.h
config.status:958: creating pkgconfig/Makefile
config.status:958: creating stamp.h
config.status:958: creating pkgconfig/gstreamer.pc
config.status:958: creating pkgconfig/gstreamer-uninstalled.pc
config.status:958: creating pkgconfig/gstreamer-base.pc
config.status:958: creating pkgconfig/gstreamer-base-uninstalled.pc
config.status:958: creating pkgconfig/gstreamer-check.pc
config.status:958: creating pkgconfig/gstreamer-check-uninstalled.pc
config.status:958: creating pkgconfig/gstreamer-controller.pc
config.status:958: creating pkgconfig/gstreamer-controller-uninstalled.pc
config.status:958: creating pkgconfig/gstreamer-dataprotocol.pc
config.status:958: creating pkgconfig/gstreamer-dataprotocol-uninstalled.pc
config.status:958: creating pkgconfig/gstreamer-net.pc
config.status:958: creating pkgconfig/gstreamer-net-uninstalled.pc
config.status:958: creating gstreamer.spec
config.status:1062: creating config.h
config.status:1260: config.h is unchanged
config.status:1440: executing depfiles commands
config.status:1440: executing default-1 commands

## ---------------- ##
## Cache variables. ##
## ---------------- ##

ac_cv_build=i486-pc-linux-gnu
ac_cv_build_alias=i486-linux-gnu
ac_cv_c_bigendian=no
ac_cv_c_compiler_gnu=yes
ac_cv_c_inline=inline
ac_cv_env_CCASFLAGS_set=
ac_cv_env_CCASFLAGS_value=
ac_cv_env_CCAS_set=
ac_cv_env_CCAS_value=
ac_cv_env_CC_set=set
ac_cv_env_CC_value='mips-linux-gnu-gcc -EL'
ac_cv_env_CFLAGS_set=set
ac_cv_env_CFLAGS_value='-fPIC -march=mips32r2 -Wa,-mips32r2 -g'
ac_cv_env_CPPFLAGS_set=
ac_cv_env_CPPFLAGS_value=
ac_cv_env_CPP_set=
ac_cv_env_CPP_value=
ac_cv_env_LDFLAGS_set=set
ac_cv_env_LDFLAGS_value='-L/users/phai/share/GSTReamer_compilation/lib 	-L/utils/release/sets/3_9_3_iptv_dev/csrootfs/cross_rootfs/lib'
ac_cv_env_build_alias_set=set
ac_cv_env_build_alias_value=i486-linux-gnu
ac_cv_env_host_alias_set=set
ac_cv_env_host_alias_value=mips-linux-gnu
ac_cv_env_target_alias_set=set
ac_cv_env_target_alias_value=mips-linux-gnu
ac_cv_exeext=
ac_cv_func_dlopen=no
ac_cv_func_fgetpos=yes
ac_cv_func_fseeko=yes
ac_cv_func_fsetpos=yes
ac_cv_func_ftello=yes
ac_cv_func_getpagesize=yes
ac_cv_func_mmap_fixed_mapped=no
ac_cv_func_register_printf_function=yes
ac_cv_func_shl_load=no
ac_cv_func_sigaction=yes
ac_cv_header_dlfcn_h=yes
ac_cv_header_inttypes_h=yes
ac_cv_header_memory_h=yes
ac_cv_header_process_h=no
ac_cv_header_stdc=yes
ac_cv_header_stdint_h=yes
ac_cv_header_stdlib_h=yes
ac_cv_header_string_h=yes
ac_cv_header_strings_h=yes
ac_cv_header_sys_socket_h=yes
ac_cv_header_sys_stat_h=yes
ac_cv_header_sys_types_h=yes
ac_cv_header_ucontext_h=yes
ac_cv_header_unistd_h=yes
ac_cv_host=mips-unknown-linux-gnu
ac_cv_host_alias=mips-linux-gnu
ac_cv_lib_dl_dladdr=yes
ac_cv_lib_dl_dlopen=yes
ac_cv_lib_dld_shl_load=no
ac_cv_objext=o
ac_cv_path_BISON_PATH=/usr/bin/bison
ac_cv_path_FLEX_PATH=/usr/bin/flex
ac_cv_path_GMSGFMT=/usr/bin/msgfmt
ac_cv_path_MSGFMT=/usr/bin/msgfmt
ac_cv_path_MSGMERGE=/usr/bin/msgmerge
ac_cv_path_PERL_PATH=/usr/bin/perl
ac_cv_path_PKG_CONFIG=/usr/bin/pkg-config
ac_cv_path_PYTHON=/usr/bin/python
ac_cv_path_VALGRIND_PATH=/usr/bin/valgrind
ac_cv_path_XGETTEXT=/usr/bin/xgettext
ac_cv_path_install='/usr/bin/install -c'
ac_cv_prog_AR=mips-linux-gnu-ar
ac_cv_prog_AWK=gawk
ac_cv_prog_CC='mips-linux-gnu-gcc -EL'
ac_cv_prog_CPP='mips-linux-gnu-gcc -EL -E'
ac_cv_prog_RANLIB=mips-linux-gnu-ranlib
ac_cv_prog_STRIP=mips-linux-gnu-strip
ac_cv_prog_cc_g=yes
ac_cv_prog_cc_stdc=
ac_cv_prog_egrep='grep -E'
ac_cv_prog_make_make_set=yes
ac_cv_search_strerror='none required'
ac_cv_sys_file_offset_bits=64
ac_cv_sys_large_files=no
ac_cv_sys_largefile_CC=no
ac_cv_sys_largefile_source=no
acl_cv_hardcode_direct=no
acl_cv_hardcode_libdir_flag_spec='${wl}-rpath ${wl}$libdir'
acl_cv_hardcode_libdir_separator=
acl_cv_hardcode_minus_L=no
acl_cv_libext=a
acl_cv_path_LD=/utils/release/sets/3_9_3_iptv_dev/mips-4.3-51-mips-linux-gnu-i686-pc-linux-gnu/mips-linux-gnu/bin/ld
acl_cv_prog_gnu_ld=yes
acl_cv_rpath=done
acl_cv_shlibext=so
acl_cv_sys_lib_dlsearch_path_spec='/lib /usr/lib'
acl_cv_sys_lib_search_path_spec='/lib /usr/lib /usr/local/lib'
acl_cv_wl=-Wl,
am_cv_CC_dependencies_compiler_type=gcc3
as_cv_unaligned_access=no
gt_cv_func_gnugettext1_libc=yes
lt_cv_deplibs_check_method=pass_all
lt_cv_dlopen=dlopen
lt_cv_dlopen_libs=-ldl
lt_cv_dlopen_self=cross
lt_cv_file_magic_cmd='$MAGIC_CMD'
lt_cv_file_magic_test_file=
lt_cv_ld_reload_flag=-r
lt_cv_objdir=.libs
lt_cv_path_LD=/utils/release/sets/3_9_3_iptv_dev/mips-4.3-51-mips-linux-gnu-i686-pc-linux-gnu/mips-linux-gnu/bin/ld
lt_cv_path_NM='/utils/release/sets/3_9_3_iptv_dev/cstoolchain/bin//mips-linux-gnu-nm -B'
lt_cv_path_SED=/utils/release/sets/3_9_3_iptv_dev/csrootfs/cross_rootfs/bin/sed
lt_cv_prog_compiler_c_o=yes
lt_cv_prog_compiler_rtti_exceptions=no
lt_cv_prog_gnu_ld=yes
lt_cv_sys_global_symbol_pipe='sed -n -e '\''s/^.*[ 	]\([ABCDGIRSTW][ABCDGIRSTW]*\)[ 	][ 	]*\([_A-Za-z][_A-Za-z0-9]*\)$/\1 \2 \2/p'\'''
lt_cv_sys_global_symbol_to_c_name_address='sed -n -e '\''s/^: \([^ ]*\) $/  {\"\1\", (lt_ptr) 0},/p'\'' -e '\''s/^[BCDEGRST] \([^ ]*\) \([^ ]*\)$/  {"\2", (lt_ptr) \&\2},/p'\'''
lt_cv_sys_global_symbol_to_cdecl='sed -n -e '\''s/^. .* \(.*\)$/extern int \1;/p'\'''
lt_cv_sys_max_cmd_len=32768
lt_lt_cv_prog_compiler_c_o='"yes"'
lt_lt_cv_sys_global_symbol_pipe='"sed -n -e '\''s/^.*[ 	]\\([ABCDGIRSTW][ABCDGIRSTW]*\\)[ 	][ 	]*\\([_A-Za-z][_A-Za-z0-9]*\\)\$/\\1 \\2 \\2/p'\''"'
lt_lt_cv_sys_global_symbol_to_c_name_address='"sed -n -e '\''s/^: \\([^ ]*\\) \$/  {\\\"\\1\\\", (lt_ptr) 0},/p'\'' -e '\''s/^[BCDEGRST] \\([^ ]*\\) \\([^ ]*\\)\$/  {\"\\2\", (lt_ptr) \\&\\2},/p'\''"'
lt_lt_cv_sys_global_symbol_to_cdecl='"sed -n -e '\''s/^. .* \\(.*\\)\$/extern int \\1;/p'\''"'

## ----------------- ##
## Output variables. ##
## ----------------- ##

ACLOCAL='${SHELL} /users/phai/share/GSTReamer_compilation/gstreamer-0.10.2/missing --run aclocal-1.9'
ACLOCAL_AMFLAGS='-I common/m4'
AMDEPBACKSLASH='\'
AMDEP_FALSE='#'
AMDEP_TRUE=''
AMTAR='${SHELL} /users/phai/share/GSTReamer_compilation/gstreamer-0.10.2/missing --run tar'
AR='mips-linux-gnu-ar'
AUTOCONF='${SHELL} /users/phai/share/GSTReamer_compilation/gstreamer-0.10.2/missing --run autoconf'
AUTOHEADER='${SHELL} /users/phai/share/GSTReamer_compilation/gstreamer-0.10.2/missing --run autoheader'
AUTOMAKE='${SHELL} /users/phai/share/GSTReamer_compilation/gstreamer-0.10.2/missing --run automake-1.9'
AWK='gawk'
BISON_PATH='/usr/bin/bison'
BUILD_EXAMPLES_FALSE='#'
BUILD_EXAMPLES_TRUE=''
BUILD_FAILING_TESTS_FALSE=''
BUILD_FAILING_TESTS_TRUE='#'
BUILD_TESTS_FALSE='#'
BUILD_TESTS_TRUE=''
CAT_ENTRY_END=''
CAT_ENTRY_START=''
CC='mips-linux-gnu-gcc -EL'
CCAS='mips-linux-gnu-gcc -EL'
CCASFLAGS='-fPIC -march=mips32r2 -Wa,-mips32r2 -g'
CCDEPMODE='depmode=gcc3'
CFLAGS='-fPIC -march=mips32r2 -Wa,-mips32r2 -g'
CHECK_CFLAGS=''
CHECK_LIBS='-lcheck'
CPP='mips-linux-gnu-gcc -EL -E'
CPPFLAGS=''
CYGPATH_W='echo'
DEFS='-DHAVE_CONFIG_H'
DEPDIR='.deps'
DEPRECATED_CFLAGS='-DGST_DISABLE_DEPRECATED'
DOCBOOK_ROOT=''
DOC_HTML_FALSE=''
DOC_HTML_TRUE='#'
DOC_PDF_FALSE=''
DOC_PDF_TRUE='#'
DOC_PS_FALSE=''
DOC_PS_TRUE='#'
ECHO='echo'
ECHO_C=''
ECHO_N='-n'
ECHO_T=''
EGREP='grep -E'
ENABLE_DOCBOOK_FALSE=''
ENABLE_DOCBOOK_TRUE='#'
ENABLE_GTK_DOC_FALSE=''
ENABLE_GTK_DOC_TRUE='#'
ERROR_CFLAGS='-Wall'
EXEEXT=''
FLEX_PATH='/usr/bin/flex'
GETTEXT_PACKAGE='gstreamer-0.10'
GLIB_CFLAGS='-pthread -I/users/phai/share/GSTReamer_compilation/include/glib-2.0 -I/users/phai/share/GSTReamer_compilation/lib/glib-2.0/include'
GLIB_LIBS='-pthread -Wl,--export-dynamic -L/users/phai/share/GSTReamer_compilation/lib -lgobject-2.0 -lgthread-2.0 -lgmodule-2.0 -lrt -lglib-2.0  '
GLIB_ONLY_CFLAGS='-I/users/phai/share/GSTReamer_compilation/include/glib-2.0 -I/users/phai/share/GSTReamer_compilation/lib/glib-2.0/include  '
GLIB_ONLY_LIBS='-L/users/phai/share/GSTReamer_compilation/lib -lglib-2.0  '
GLIB_REQ='2.6'
GMSGFMT='/usr/bin/msgfmt'
GST_AGE='2'
GST_ALL_CFLAGS='-I$(top_srcdir)/libs -I$(top_srcdir) -I$(top_builddir) -pthread -I/users/phai/share/GSTReamer_compilation/include/glib-2.0 -I/users/phai/share/GSTReamer_compilation/lib/glib-2.0/include -I/users/phai/share/GSTReamer_compilation/include/libxml2   $(GST_OPTION_CFLAGS)'
GST_ALL_LDFLAGS='-no-undefined'
GST_ALL_LIBS='-pthread -Wl,--export-dynamic -L/users/phai/share/GSTReamer_compilation/lib -lgobject-2.0 -lgthread-2.0 -lgmodule-2.0 -lrt -lglib-2.0   '
GST_CACHE_DIR='/users/phai/share/GSTReamer_compilation/var/cache/gstreamer-0.10'
GST_CURRENT='2'
GST_DISABLE_ALLOC_TRACE_DEFINE='/* #undef GST_DISABLE_ALLOC_TRACE */'
GST_DISABLE_ALLOC_TRACE_FALSE=''
GST_DISABLE_ALLOC_TRACE_TRUE='#'
GST_DISABLE_ENUMTYPES_DEFINE='/* #undef GST_DISABLE_ENUMTYPES */'
GST_DISABLE_ENUMTYPES_FALSE=''
GST_DISABLE_ENUMTYPES_TRUE='#'
GST_DISABLE_GST_DEBUG_DEFINE='/* #undef GST_DISABLE_GST_DEBUG */'
GST_DISABLE_GST_DEBUG_FALSE=''
GST_DISABLE_GST_DEBUG_TRUE='#'
GST_DISABLE_INDEX_DEFINE='/* #undef GST_DISABLE_INDEX */'
GST_DISABLE_INDEX_FALSE=''
GST_DISABLE_INDEX_TRUE='#'
GST_DISABLE_LOADSAVE_DEFINE='/* #undef GST_DISABLE_LOADSAVE */'
GST_DISABLE_LOADSAVE_FALSE=''
GST_DISABLE_LOADSAVE_TRUE='#'
GST_DISABLE_NET_DEFINE='/* #undef GST_DISABLE_NET */'
GST_DISABLE_NET_FALSE=''
GST_DISABLE_NET_TRUE='#'
GST_DISABLE_PARSE_DEFINE='/* #undef GST_DISABLE_PARSE */'
GST_DISABLE_PARSE_FALSE=''
GST_DISABLE_PARSE_TRUE='#'
GST_DISABLE_PLUGIN_DEFINE='/* #undef GST_DISABLE_PLUGIN */'
GST_DISABLE_PLUGIN_FALSE=''
GST_DISABLE_PLUGIN_TRUE='#'
GST_DISABLE_REGISTRY_DEFINE='/* #undef GST_DISABLE_REGISTRY */'
GST_DISABLE_REGISTRY_FALSE=''
GST_DISABLE_REGISTRY_TRUE='#'
GST_DISABLE_TRACE_DEFINE='/* #undef GST_DISABLE_TRACE */'
GST_DISABLE_TRACE_FALSE=''
GST_DISABLE_TRACE_TRUE='#'
GST_DISABLE_URI_DEFINE='/* #undef GST_DISABLE_URI */'
GST_DISABLE_URI_FALSE=''
GST_DISABLE_URI_TRUE='#'
GST_GCOV_ENABLED_FALSE=''
GST_GCOV_ENABLED_TRUE='#'
GST_HAVE_GLIB_2_8_DEFINE='#define GST_HAVE_GLIB_2_8 1'
GST_HAVE_UNALIGNED_ACCESS_DEFINE='#define GST_HAVE_UNALIGNED_ACCESS 0'
GST_LEVEL_DEFAULT='GST_LEVEL_NONE'
GST_LIBVERSION='2:0:2'
GST_LIB_LDFLAGS='-export-symbols-regex _*\(gst_\|Gst\|GST_\).*'
GST_LICENSE='LGPL'
GST_LOADSAVE_DOC_TYPES=''
GST_LT_LDFLAGS=' -version-info 2:0:2'
GST_MAJORMINOR='0.10'
GST_OBJ_CFLAGS='$(GST_ALL_CFLAGS)'
GST_OBJ_LIBS='$(top_builddir)/gst/libgstreamer-0.10.la $(GST_ALL_LIBS)'
GST_OPTION_CFLAGS='$(ERROR_CFLAGS) $(DEBUG_CFLAGS) $(PROFILE_CFLAGS) $(GCOV_CFLAGS) $(OPT_CFLAGS) $(DEPRECATED_CFLAGS)'
GST_PACKAGE_NAME='GStreamer source release'
GST_PACKAGE_ORIGIN='Unknown package origin'
GST_PKG_DEPS='glib-2.0, gobject-2.0, gmodule-2.0, gthread-2.0'
GST_PLUGIN_LDFLAGS='-module -avoid-version -export-symbols-regex '^_*gst_plugin_desc$$' -no-undefined'
GST_PRINTF_EXTENSION_FORMAT_DEFINE='#define GST_PTR_FORMAT "P"'
GST_REGISTRY_DOC_TYPES=''
GST_REVISION='0'
GST_VERSION='0.10.2'
GST_VERSION_MAJOR='0'
GST_VERSION_MICRO='2'
GST_VERSION_MINOR='10'
GST_VERSION_NANO='0'
GST_VERSION_RELEASE='1'
GTK_DOC_USE_LIBTOOL_FALSE='#'
GTK_DOC_USE_LIBTOOL_TRUE=''
HAVE_CHECK_FALSE='#'
HAVE_CHECK_TRUE=''
HAVE_CPU_ALPHA_FALSE=''
HAVE_CPU_ALPHA_TRUE='#'
HAVE_CPU_ARM_FALSE=''
HAVE_CPU_ARM_TRUE='#'
HAVE_CPU_HPPA_FALSE=''
HAVE_CPU_HPPA_TRUE='#'
HAVE_CPU_I386_FALSE=''
HAVE_CPU_I386_TRUE='#'
HAVE_CPU_IA64_FALSE=''
HAVE_CPU_IA64_TRUE='#'
HAVE_CPU_M68K_FALSE=''
HAVE_CPU_M68K_TRUE='#'
HAVE_CPU_MIPS_FALSE='#'
HAVE_CPU_MIPS_TRUE=''
HAVE_CPU_PPC_FALSE=''
HAVE_CPU_PPC_TRUE='#'
HAVE_CPU_S390_FALSE=''
HAVE_CPU_S390_TRUE='#'
HAVE_CPU_SPARC_FALSE=''
HAVE_CPU_SPARC_TRUE='#'
HAVE_CPU_X86_64_FALSE=''
HAVE_CPU_X86_64_TRUE='#'
HAVE_DOCBOOK2HTML=''
HAVE_DOCBOOK2PS=''
HAVE_DVIPS=''
HAVE_EPSTOPDF=''
HAVE_FIG2DEV=''
HAVE_JADETEX=''
HAVE_LIBGNOMEUI_FALSE=''
HAVE_LIBGNOMEUI_TRUE='#'
HAVE_MMAP_FALSE=''
HAVE_MMAP_TRUE='#'
HAVE_PNGTOPNM=''
HAVE_PNMTOPS=''
HAVE_PS2PDF=''
HAVE_SYS_SOCKET_H_FALSE='#'
HAVE_SYS_SOCKET_H_TRUE=''
HAVE_VALGRIND_FALSE='#'
HAVE_VALGRIND_TRUE=''
HAVE_XMLLINT=''
HOST_CPU='mips'
HTML_DIR='${datadir}/gtk-doc/html'
INSTALL_DATA='${INSTALL} -m 644'
INSTALL_PROGRAM='${INSTALL}'
INSTALL_SCRIPT='${INSTALL}'
INSTALL_STRIP_PROGRAM='${SHELL} $(install_sh) -c -s'
INTLLIBS=''
LDFLAGS='-L/users/phai/share/GSTReamer_compilation/lib 	-L/utils/release/sets/3_9_3_iptv_dev/csrootfs/cross_rootfs/lib'
LIBDIR='/users/phai/share/GSTReamer_compilation/lib'
LIBGNOMEUI_CFLAGS=''
LIBGNOMEUI_LIBS=''
LIBICONV='-liconv'
LIBINTL=''
LIBOBJS=''
LIBS=''
LIBTOOL='$(SHELL) $(top_builddir)/libtool'
LIBXML2_REQ='2.4.9'
LIBXML_PKG=', libxml-2.0'
LN_S='ln -s'
LOCALEDIR='/users/phai/share/GSTReamer_compilation/share/locale'
LTLIBICONV='-liconv'
LTLIBINTL=''
LTLIBOBJS=''
MAINT='#'
MAINTAINER_MODE_FALSE=''
MAINTAINER_MODE_TRUE='#'
MAKEINFO='${SHELL} /users/phai/share/GSTReamer_compilation/gstreamer-0.10.2/missing --run makeinfo'
MKINSTALLDIRS='./mkinstalldirs'
MSGFMT='/usr/bin/msgfmt'
MSGMERGE='/usr/bin/msgmerge'
OBJEXT='o'
PACKAGE='gstreamer'
PACKAGE_BUGREPORT=''
PACKAGE_NAME=''
PACKAGE_STRING=''
PACKAGE_TARNAME=''
PACKAGE_VERSION=''
PATH_SEPARATOR=':'
PERL_PATH='/usr/bin/perl'
PKG_CONFIG='/usr/bin/pkg-config'
PLUGINDIR='/users/phai/share/GSTReamer_compilation/lib/gstreamer-0.10'
POSUB='po'
PROFILE_CFLAGS='-g'
PYTHON='/usr/bin/python'
PYTHON_EXEC_PREFIX='${exec_prefix}'
PYTHON_PLATFORM='linux2'
PYTHON_PREFIX='${prefix}'
PYTHON_VERSION='2.6'
RANLIB='mips-linux-gnu-ranlib'
SET_MAKE=''
SHELL='/bin/bash'
STRIP='mips-linux-gnu-strip'
USE_NLS='yes'
VALGRIND_CFLAGS=''
VALGRIND_LIBS=''
VALGRIND_PATH='/usr/bin/valgrind'
VERSION='0.10.2'
XGETTEXT='/usr/bin/xgettext'
XML_CATALOG=''
XML_CFLAGS='-I/users/phai/share/GSTReamer_compilation/include/libxml2  '
XML_LIBS='-L/users/phai/share/GSTReamer_compilation/lib -lxml2  '
XSLTPROC=''
XSLTPROC_FLAGS=''
ac_ct_AR=''
ac_ct_CC=''
ac_ct_RANLIB=''
ac_ct_STRIP=''
am__fastdepCC_FALSE='#'
am__fastdepCC_TRUE=''
am__include='include'
am__leading_dot='.'
am__quote=''
am__tar='${AMTAR} chof - "$$tardir"'
am__untar='${AMTAR} xf -'
bindir='${exec_prefix}/bin'
build='i486-pc-linux-gnu'
build_alias='i486-linux-gnu'
build_cpu='i486'
build_os='linux-gnu'
build_vendor='pc'
datadir='${prefix}/share'
docdir='$(datadir)/doc/gstreamer-0.10'
exec_prefix='${prefix}'
host='mips-unknown-linux-gnu'
host_alias='mips-linux-gnu'
host_cpu='mips'
host_os='linux-gnu'
host_vendor='unknown'
includedir='${prefix}/include'
infodir='${prefix}/info'
install_sh='/users/phai/share/GSTReamer_compilation/gstreamer-0.10.2/install-sh'
libdir='${exec_prefix}/lib'
libexecdir='${exec_prefix}/libexec'
localstatedir='${prefix}/var'
mandir='${prefix}/man'
mkdir_p='mkdir -p --'
oldincludedir='/usr/include'
pkgpyexecdir='${pyexecdir}/gstreamer'
pkgpythondir='${pythondir}/gstreamer'
plugindir='$(libdir)/gstreamer-0.10'
prefix='/users/phai/share/GSTReamer_compilation'
program_transform_name='s,x,x,'
pyexecdir='${exec_prefix}/lib/python2.6/site-packages'
pythondir='${prefix}/lib/python2.6/site-packages'
sbindir='${exec_prefix}/sbin'
sharedstatedir='${prefix}/com'
sysconfdir='${prefix}/etc'
target_alias='mips-linux-gnu'

## ----------- ##
## confdefs.h. ##
## ----------- ##

#define ENABLE_NLS 1
#define GETTEXT_PACKAGE "gstreamer-0.10"
#define GST_CACHE_DIR "/users/phai/share/GSTReamer_compilation/var/cache/gstreamer-0.10"
#define GST_FUNCTION __PRETTY_FUNCTION__
#define GST_LEVEL_DEFAULT GST_LEVEL_NONE
#define GST_LICENSE "LGPL"
#define GST_PACKAGE_NAME "GStreamer source release"
#define GST_PACKAGE_ORIGIN "Unknown package origin"
#define GST_VERSION "0.10.2"
#define HAVE_CPU_MIPS 1
#define HAVE_DCGETTEXT 1
#define HAVE_DLADDR 1
#define HAVE_DLFCN_H 1
#define HAVE_FGETPOS 1
#define HAVE_FSEEKO 1
#define HAVE_FSETPOS 1
#define HAVE_FTELLO 1
#define HAVE_FUNC 1
#define HAVE_FUNCTION 1
#define HAVE_GETPAGESIZE 1
#define HAVE_GETTEXT 1
#define HAVE_INTTYPES_H 1
#define HAVE_LIBXML2 1
#define HAVE_MEMORY_H 1
#define HAVE_PRETTY_FUNCTION 1
#define HAVE_PRINTF_EXTENSION 1
#define HAVE_SIGACTION 1
#define HAVE_STDINT_H 1
#define HAVE_STDLIB_H 1
#define HAVE_STDLIB_H 1
#define HAVE_STRINGS_H 1
#define HAVE_STRING_H 1
#define HAVE_SYS_SOCKET_H 1
#define HAVE_SYS_STAT_H 1
#define HAVE_SYS_TYPES_H 1
#define HAVE_UCONTEXT_H 1
#define HAVE_UNISTD_H 1
#define HAVE_UNISTD_H 1
#define HOST_CPU "mips"
#define LIBDIR "/users/phai/share/GSTReamer_compilation/lib"
#define LOCALEDIR "/users/phai/share/GSTReamer_compilation/share/locale"
#define PACKAGE "gstreamer"
#define PACKAGE "gstreamer"
#define PACKAGE_BUGREPORT ""
#define PACKAGE_NAME ""
#define PACKAGE_STRING ""
#define PACKAGE_TARNAME ""
#define PACKAGE_VERSION ""
#define PLUGINDIR "/users/phai/share/GSTReamer_compilation/lib/gstreamer-0.10"
#define STDC_HEADERS 1
#define STDC_HEADERS 1
#define VERSION "0.10.2"
#define VERSION "0.10.2"
#define _FILE_OFFSET_BITS 64

configure: exit 0
