This file contains any messages produced by compilers while
running configure, to aid debugging if configure makes a mistake.

It was created by configure, which was
generated by GNU Autoconf 2.65.  Invocation command line was

  $ ./configure --build=i486-linux-gnu --host=mips-linux-gnu --target=mips-linux-gnu --prefix=/users/phai/share/GSTReamer_compilation --with-installed-glib

## --------- ##
## Platform. ##
## --------- ##

hostname = panda
uname -m = i686
uname -r = 2.6.32-25-generic
uname -s = Linux
uname -v = #45-Ubuntu SMP Sat Oct 16 19:48:22 UTC 2010

/usr/bin/uname -p = unknown
/bin/uname -X     = unknown

/bin/arch              = unknown
/usr/bin/arch -k       = unknown
/usr/convex/getsysinfo = unknown
/usr/bin/hostinfo      = unknown
/bin/machine           = unknown
/usr/bin/oslevel       = unknown
/bin/universe          = unknown

PATH: /utils/em8xxx/spade/1.6/
PATH: /utils/em8xxx/spbin/1.2.16c/bin/
PATH: /utils/em8xxx/spasm/3.0.4/bin/
PATH: /users/phai/workspace/3.10.0/patch_branch_3.10.0/set_rua_test/build_configs/../xbin
PATH: /utils/release/sets/3_9_3_iptv_dev/csrootfs/cross_rootfs/bin
PATH: /utils/release/sets/3_9_3_iptv_dev/csrootfs/host/bin
PATH: /utils/release/sets/3_9_3_iptv_dev/cstoolchain/bin/
PATH: /utils/thirdparty/ccache/i686/bin
PATH: /utils/thirdparty/openssl/0.9.8a/i686/bin
PATH: /utils/thirdparty/tkcvs/7.2.4/noarch/bin
PATH: /utils/em8xxx/mdbg/bin/i686
PATH: /utils/em8xxx/mdbg/ub/1.25-14/bin
PATH: /utils/em8xxx/reference/i386/bin
PATH: /users/phai/bin
PATH: ~/bin
PATH: /usr/local/sbin
PATH: /usr/local/bin
PATH: /usr/sbin
PATH: /usr/bin
PATH: /sbin
PATH: /bin
PATH: /usr/games
PATH: ~/scripts
PATH: /utils/em8xxx/probe/bin/i686
PATH: /utils/em8xxx/shelldriver/bin
PATH: /utils/em8xxx/shelldriver/xbin
PATH: /utils/em8xxx/shelldriver/xload3
PATH: /utils/thirdparty/jtag/i686/bin
PATH: /utils/thirdparty/Acrobat7/i686/bin


## ----------- ##
## Core tests. ##
## ----------- ##

configure:2362: checking for a BSD-compatible install
configure:2430: result: /usr/bin/install -c
configure:2441: checking whether build environment is sane
configure:2491: result: yes
configure:2540: checking for mips-linux-gnu-strip
configure:2556: found /utils/release/sets/3_9_3_iptv_dev/cstoolchain/bin//mips-linux-gnu-strip
configure:2567: result: mips-linux-gnu-strip
configure:2632: checking for a thread-safe mkdir -p
configure:2671: result: /bin/mkdir -p
configure:2684: checking for gawk
configure:2700: found /usr/bin/gawk
configure:2711: result: gawk
configure:2722: checking whether make sets $(MAKE)
configure:2744: result: yes
configure:2825: checking whether to enable maintainer-specific portions of Makefiles
configure:2834: result: no
configure:2880: checking build system type
configure:2894: result: i486-pc-linux-gnu
configure:2914: checking host system type
configure:2927: result: mips-unknown-linux-gnu
configure:2959: checking for style of include used by make
configure:2987: result: GNU
configure:3017: checking for mips-linux-gnu-gcc
configure:3044: result: mips-linux-gnu-gcc -EL
configure:3313: checking for C compiler version
configure:3322: mips-linux-gnu-gcc -EL --version >&5
mips-linux-gnu-gcc (Sourcery G++ Lite 4.3-51) 4.3.2
Copyright (C) 2008 Free Software Foundation, Inc.
This is free software; see the source for copying conditions.  There is NO
warranty; not even for MERCHANTABILITY or FITNESS FOR A PARTICULAR PURPOSE.

configure:3333: $? = 0
configure:3322: mips-linux-gnu-gcc -EL -v >&5
Using built-in specs.
Target: mips-linux-gnu
Configured with: /scratch/clm/2008q3-src/src/gcc-4.3/configure --build=i686-pc-linux-gnu --host=i686-pc-linux-gnu --target=mips-linux-gnu --enable-threads --disable-libmudflap --disable-libssp --disable-libstdcxx-pch --with-arch=mips32r2 --with-float=hard --enable-mips-nonpic --enable-extra-sgxxlite-multilibs --with-gnu-as --with-gnu-ld --enable-languages=c,c++ --enable-shared --enable-symvers=gnu --enable-__cxa_atexit --with-pkgversion='Sourcery G++ Lite 4.3-51' --with-bugurl=https://support.codesourcery.com/GNUToolchain/ --disable-nls --prefix=/opt/codesourcery --with-sysroot=/opt/codesourcery/mips-linux-gnu/libc --with-build-sysroot=/scratch/clm/2008q3-lite/install/mips-linux-gnu/libc --with-gmp=/scratch/clm/2008q3-lite/obj/host-libs-4.3-51-mips-linux-gnu-i686-pc-linux-gnu/usr --with-mpfr=/scratch/clm/2008q3-lite/obj/host-libs-4.3-51-mips-linux-gnu-i686-pc-linux-gnu/usr --disable-libgomp --enable-poison-system-directories --with-build-time-tools=/scratch/clm/2008q3-lite/install/mips-linux-gnu/bin --with-build-time-tools=/scratch/clm/2008q3-lite/install/mips-linux-gnu/bin
Thread model: posix
gcc version 4.3.2 (Sourcery G++ Lite 4.3-51) 
configure:3333: $? = 0
configure:3322: mips-linux-gnu-gcc -EL -V >&5
mips-linux-gnu-gcc: '-V' must come at the start of the command line
configure:3333: $? = 1
configure:3322: mips-linux-gnu-gcc -EL -qversion >&5
mips-linux-gnu-gcc: unrecognized option '-qversion'
mips-linux-gnu-gcc: no input files
configure:3333: $? = 1
configure:3353: checking whether the C compiler works
configure:3375: mips-linux-gnu-gcc -EL -fPIC -march=mips32r2 -Wa,-mips32r2 -g  -L/users/phai/share/GSTReamer_compilation/lib 	-L/utils/release/sets/3_9_3_iptv_dev/csrootfs/cross_rootfs/lib conftest.c  >&5
configure:3379: $? = 0
configure:3428: result: yes
configure:3431: checking for C compiler default output file name
configure:3433: result: a.out
configure:3439: checking for suffix of executables
configure:3446: mips-linux-gnu-gcc -EL -o conftest -fPIC -march=mips32r2 -Wa,-mips32r2 -g  -L/users/phai/share/GSTReamer_compilation/lib 	-L/utils/release/sets/3_9_3_iptv_dev/csrootfs/cross_rootfs/lib conftest.c  >&5
configure:3450: $? = 0
configure:3472: result: 
configure:3494: checking whether we are cross compiling
configure:3532: result: yes
configure:3537: checking for suffix of object files
configure:3559: mips-linux-gnu-gcc -EL -c -fPIC -march=mips32r2 -Wa,-mips32r2 -g  conftest.c >&5
configure:3563: $? = 0
configure:3584: result: o
configure:3588: checking whether we are using the GNU C compiler
configure:3607: mips-linux-gnu-gcc -EL -c -fPIC -march=mips32r2 -Wa,-mips32r2 -g  conftest.c >&5
configure:3607: $? = 0
configure:3616: result: yes
configure:3625: checking whether mips-linux-gnu-gcc -EL accepts -g
configure:3645: mips-linux-gnu-gcc -EL -c -g  conftest.c >&5
configure:3645: $? = 0
configure:3686: result: yes
configure:3703: checking for mips-linux-gnu-gcc -EL option to accept ISO C89
configure:3767: mips-linux-gnu-gcc -EL  -c -fPIC -march=mips32r2 -Wa,-mips32r2 -g  conftest.c >&5
configure:3767: $? = 0
configure:3780: result: none needed
configure:3802: checking dependency style of mips-linux-gnu-gcc -EL
configure:3912: result: gcc3
configure:3927: checking for a sed that does not truncate output
configure:3991: result: /utils/release/sets/3_9_3_iptv_dev/csrootfs/cross_rootfs/bin/sed
configure:4009: checking for grep that handles long lines and -e
configure:4067: result: /bin/grep
configure:4072: checking for egrep
configure:4134: result: /bin/grep -E
configure:4139: checking for fgrep
configure:4201: result: /bin/grep -F
configure:4236: checking for ld used by mips-linux-gnu-gcc -EL
configure:4303: result: /utils/release/sets/3_9_3_iptv_dev/mips-4.3-51-mips-linux-gnu-i686-pc-linux-gnu/mips-linux-gnu/bin/ld
configure:4310: checking if the linker (/utils/release/sets/3_9_3_iptv_dev/mips-4.3-51-mips-linux-gnu-i686-pc-linux-gnu/mips-linux-gnu/bin/ld) is GNU ld
configure:4325: result: yes
configure:4337: checking for BSD- or MS-compatible name lister (nm)
configure:4386: result: /utils/release/sets/3_9_3_iptv_dev/cstoolchain/bin//mips-linux-gnu-nm -B
configure:4504: checking the name lister (/utils/release/sets/3_9_3_iptv_dev/cstoolchain/bin//mips-linux-gnu-nm -B) interface
configure:4511: mips-linux-gnu-gcc -EL -c -fPIC -march=mips32r2 -Wa,-mips32r2 -g  conftest.c >&5
configure:4514: /utils/release/sets/3_9_3_iptv_dev/cstoolchain/bin//mips-linux-gnu-nm -B "conftest.o"
configure:4517: output
00000000 B some_variable
configure:4524: result: BSD nm
configure:4527: checking whether ln -s works
configure:4531: result: yes
configure:4539: checking the maximum length of command line arguments
configure:4659: result: 1572864
configure:4676: checking whether the shell understands some XSI constructs
configure:4686: result: yes
configure:4690: checking whether the shell understands "+="
configure:4696: result: yes
configure:4731: checking for /utils/release/sets/3_9_3_iptv_dev/mips-4.3-51-mips-linux-gnu-i686-pc-linux-gnu/mips-linux-gnu/bin/ld option to reload object files
configure:4738: result: -r
configure:4767: checking for mips-linux-gnu-objdump
configure:4783: found /utils/release/sets/3_9_3_iptv_dev/cstoolchain/bin//mips-linux-gnu-objdump
configure:4794: result: mips-linux-gnu-objdump
configure:4866: checking how to recognize dependent libraries
configure:5062: result: pass_all
configure:5082: checking for mips-linux-gnu-ar
configure:5098: found /utils/release/sets/3_9_3_iptv_dev/cstoolchain/bin//mips-linux-gnu-ar
configure:5109: result: mips-linux-gnu-ar
configure:5187: checking for mips-linux-gnu-strip
configure:5214: result: mips-linux-gnu-strip
configure:5286: checking for mips-linux-gnu-ranlib
configure:5302: found /utils/release/sets/3_9_3_iptv_dev/cstoolchain/bin//mips-linux-gnu-ranlib
configure:5313: result: mips-linux-gnu-ranlib
configure:5443: checking command to parse /utils/release/sets/3_9_3_iptv_dev/cstoolchain/bin//mips-linux-gnu-nm -B output from mips-linux-gnu-gcc -EL object
configure:5561: mips-linux-gnu-gcc -EL -c -fPIC -march=mips32r2 -Wa,-mips32r2 -g  conftest.c >&5
configure:5564: $? = 0
configure:5568: /utils/release/sets/3_9_3_iptv_dev/cstoolchain/bin//mips-linux-gnu-nm -B conftest.o \| sed -n -e 's/^.*[	 ]\([ABCDGIRSTW][ABCDGIRSTW]*\)[	 ][	 ]*\([_A-Za-z][_A-Za-z0-9]*\)$/\1 \2 \2/p' \> conftest.nm
configure:5571: $? = 0
configure:5625: mips-linux-gnu-gcc -EL -o conftest -fPIC -march=mips32r2 -Wa,-mips32r2 -g  -L/users/phai/share/GSTReamer_compilation/lib 	-L/utils/release/sets/3_9_3_iptv_dev/csrootfs/cross_rootfs/lib conftest.c conftstm.o >&5
configure:5628: $? = 0
configure:5666: result: ok
configure:6475: checking how to run the C preprocessor
configure:6506: mips-linux-gnu-gcc -EL -E  conftest.c
configure:6506: $? = 0
configure:6520: mips-linux-gnu-gcc -EL -E  conftest.c
conftest.c:11:28: error: ac_nonexistent.h: No such file or directory
configure:6520: $? = 1
configure: failed program was:
| /* confdefs.h */
| #define PACKAGE_NAME ""
| #define PACKAGE_TARNAME ""
| #define PACKAGE_VERSION ""
| #define PACKAGE_STRING ""
| #define PACKAGE_BUGREPORT ""
| #define PACKAGE_URL ""
| #define PACKAGE "pkg-config"
| #define VERSION "0.25"
| /* end confdefs.h.  */
| #include <ac_nonexistent.h>
configure:6545: result: mips-linux-gnu-gcc -EL -E
configure:6565: mips-linux-gnu-gcc -EL -E  conftest.c
configure:6565: $? = 0
configure:6579: mips-linux-gnu-gcc -EL -E  conftest.c
conftest.c:11:28: error: ac_nonexistent.h: No such file or directory
configure:6579: $? = 1
configure: failed program was:
| /* confdefs.h */
| #define PACKAGE_NAME ""
| #define PACKAGE_TARNAME ""
| #define PACKAGE_VERSION ""
| #define PACKAGE_STRING ""
| #define PACKAGE_BUGREPORT ""
| #define PACKAGE_URL ""
| #define PACKAGE "pkg-config"
| #define VERSION "0.25"
| /* end confdefs.h.  */
| #include <ac_nonexistent.h>
configure:6608: checking for ANSI C header files
configure:6628: mips-linux-gnu-gcc -EL -c -fPIC -march=mips32r2 -Wa,-mips32r2 -g  conftest.c >&5
configure:6628: $? = 0
configure:6712: result: yes
configure:6725: checking for sys/types.h
configure:6725: mips-linux-gnu-gcc -EL -c -fPIC -march=mips32r2 -Wa,-mips32r2 -g  conftest.c >&5
configure:6725: $? = 0
configure:6725: result: yes
configure:6725: checking for sys/stat.h
configure:6725: mips-linux-gnu-gcc -EL -c -fPIC -march=mips32r2 -Wa,-mips32r2 -g  conftest.c >&5
configure:6725: $? = 0
configure:6725: result: yes
configure:6725: checking for stdlib.h
configure:6725: mips-linux-gnu-gcc -EL -c -fPIC -march=mips32r2 -Wa,-mips32r2 -g  conftest.c >&5
configure:6725: $? = 0
configure:6725: result: yes
configure:6725: checking for string.h
configure:6725: mips-linux-gnu-gcc -EL -c -fPIC -march=mips32r2 -Wa,-mips32r2 -g  conftest.c >&5
configure:6725: $? = 0
configure:6725: result: yes
configure:6725: checking for memory.h
configure:6725: mips-linux-gnu-gcc -EL -c -fPIC -march=mips32r2 -Wa,-mips32r2 -g  conftest.c >&5
configure:6725: $? = 0
configure:6725: result: yes
configure:6725: checking for strings.h
configure:6725: mips-linux-gnu-gcc -EL -c -fPIC -march=mips32r2 -Wa,-mips32r2 -g  conftest.c >&5
configure:6725: $? = 0
configure:6725: result: yes
configure:6725: checking for inttypes.h
configure:6725: mips-linux-gnu-gcc -EL -c -fPIC -march=mips32r2 -Wa,-mips32r2 -g  conftest.c >&5
configure:6725: $? = 0
configure:6725: result: yes
configure:6725: checking for stdint.h
configure:6725: mips-linux-gnu-gcc -EL -c -fPIC -march=mips32r2 -Wa,-mips32r2 -g  conftest.c >&5
configure:6725: $? = 0
configure:6725: result: yes
configure:6725: checking for unistd.h
configure:6725: mips-linux-gnu-gcc -EL -c -fPIC -march=mips32r2 -Wa,-mips32r2 -g  conftest.c >&5
configure:6725: $? = 0
configure:6725: result: yes
configure:6740: checking for dlfcn.h
configure:6740: mips-linux-gnu-gcc -EL -c -fPIC -march=mips32r2 -Wa,-mips32r2 -g  conftest.c >&5
configure:6740: $? = 0
configure:6740: result: yes
configure:6924: checking for objdir
configure:6939: result: .libs
configure:7231: checking if mips-linux-gnu-gcc -EL supports -fno-rtti -fno-exceptions
configure:7249: mips-linux-gnu-gcc -EL -c -fPIC -march=mips32r2 -Wa,-mips32r2 -g  -fno-rtti -fno-exceptions conftest.c >&5
cc1: warning: command line option "-fno-rtti" is valid for C++/ObjC++ but not for C
configure:7253: $? = 0
configure:7266: result: no
configure:7286: checking for mips-linux-gnu-gcc -EL option to produce PIC
configure:7558: result: -fPIC -DPIC
configure:7570: checking if mips-linux-gnu-gcc -EL PIC flag -fPIC -DPIC works
configure:7588: mips-linux-gnu-gcc -EL -c -fPIC -march=mips32r2 -Wa,-mips32r2 -g  -fPIC -DPIC -DPIC conftest.c >&5
configure:7592: $? = 0
configure:7605: result: yes
configure:7629: checking if mips-linux-gnu-gcc -EL static flag -static works
configure:7657: result: yes
configure:7672: checking if mips-linux-gnu-gcc -EL supports -c -o file.o
configure:7693: mips-linux-gnu-gcc -EL -c -fPIC -march=mips32r2 -Wa,-mips32r2 -g  -o out/conftest2.o conftest.c >&5
configure:7697: $? = 0
configure:7719: result: yes
configure:7727: checking if mips-linux-gnu-gcc -EL supports -c -o file.o
configure:7774: result: yes
configure:7807: checking whether the mips-linux-gnu-gcc -EL linker (/utils/release/sets/3_9_3_iptv_dev/mips-4.3-51-mips-linux-gnu-i686-pc-linux-gnu/mips-linux-gnu/bin/ld) supports shared libraries
configure:8798: result: yes
configure:8835: checking whether -lc should be explicitly linked in
configure:8840: mips-linux-gnu-gcc -EL -c -fPIC -march=mips32r2 -Wa,-mips32r2 -g  conftest.c >&5
configure:8843: $? = 0
configure:8858: mips-linux-gnu-gcc -EL -shared conftest.o  -v -Wl,-soname -Wl,conftest -o conftest 2\>\&1 \| /bin/grep  -lc  \>/dev/null 2\>\&1
configure:8861: $? = 0
configure:8873: result: no
configure:9037: checking dynamic linker characteristics
configure:9470: mips-linux-gnu-gcc -EL -o conftest -fPIC -march=mips32r2 -Wa,-mips32r2 -g  -L/users/phai/share/GSTReamer_compilation/lib 	-L/utils/release/sets/3_9_3_iptv_dev/csrootfs/cross_rootfs/lib -Wl,-rpath -Wl,/foo conftest.c  >&5
configure:9470: $? = 0
configure:9700: result: GNU/Linux ld.so
configure:9802: checking how to hardcode library paths into programs
configure:9827: result: immediate
configure:10347: checking whether stripping libraries is possible
configure:10352: result: yes
configure:10387: checking if libtool supports shared libraries
configure:10389: result: yes
configure:10392: checking whether to build shared libraries
configure:10413: result: yes
configure:10416: checking whether to build static libraries
configure:10420: result: yes
configure:10464: checking for mips-linux-gnu-gcc
configure:10491: result: mips-linux-gnu-gcc -EL
configure:10760: checking for C compiler version
configure:10769: mips-linux-gnu-gcc -EL --version >&5
mips-linux-gnu-gcc (Sourcery G++ Lite 4.3-51) 4.3.2
Copyright (C) 2008 Free Software Foundation, Inc.
This is free software; see the source for copying conditions.  There is NO
warranty; not even for MERCHANTABILITY or FITNESS FOR A PARTICULAR PURPOSE.

configure:10780: $? = 0
configure:10769: mips-linux-gnu-gcc -EL -v >&5
Using built-in specs.
Target: mips-linux-gnu
Configured with: /scratch/clm/2008q3-src/src/gcc-4.3/configure --build=i686-pc-linux-gnu --host=i686-pc-linux-gnu --target=mips-linux-gnu --enable-threads --disable-libmudflap --disable-libssp --disable-libstdcxx-pch --with-arch=mips32r2 --with-float=hard --enable-mips-nonpic --enable-extra-sgxxlite-multilibs --with-gnu-as --with-gnu-ld --enable-languages=c,c++ --enable-shared --enable-symvers=gnu --enable-__cxa_atexit --with-pkgversion='Sourcery G++ Lite 4.3-51' --with-bugurl=https://support.codesourcery.com/GNUToolchain/ --disable-nls --prefix=/opt/codesourcery --with-sysroot=/opt/codesourcery/mips-linux-gnu/libc --with-build-sysroot=/scratch/clm/2008q3-lite/install/mips-linux-gnu/libc --with-gmp=/scratch/clm/2008q3-lite/obj/host-libs-4.3-51-mips-linux-gnu-i686-pc-linux-gnu/usr --with-mpfr=/scratch/clm/2008q3-lite/obj/host-libs-4.3-51-mips-linux-gnu-i686-pc-linux-gnu/usr --disable-libgomp --enable-poison-system-directories --with-build-time-tools=/scratch/clm/2008q3-lite/install/mips-linux-gnu/bin --with-build-time-tools=/scratch/clm/2008q3-lite/install/mips-linux-gnu/bin
Thread model: posix
gcc version 4.3.2 (Sourcery G++ Lite 4.3-51) 
configure:10780: $? = 0
configure:10769: mips-linux-gnu-gcc -EL -V >&5
mips-linux-gnu-gcc: '-V' must come at the start of the command line
configure:10780: $? = 1
configure:10769: mips-linux-gnu-gcc -EL -qversion >&5
mips-linux-gnu-gcc: unrecognized option '-qversion'
mips-linux-gnu-gcc: no input files
configure:10780: $? = 1
configure:10784: checking whether we are using the GNU C compiler
configure:10812: result: yes
configure:10821: checking whether mips-linux-gnu-gcc -EL accepts -g
configure:10882: result: yes
configure:10899: checking for mips-linux-gnu-gcc -EL option to accept ISO C89
configure:10976: result: none needed
configure:10998: checking dependency style of mips-linux-gnu-gcc -EL
configure:11108: result: gcc3
configure:11127: checking for default search path for .pc files
configure:11145: result: ${libdir}/pkgconfig:${datadir}/pkgconfig
use_indirect_deps=auto
configure:11166: checking whether to list both direct and indirect dependencies
configure:11184: result: no
configure:11204: checking for Win32
configure:11214: result: no
configure:11249: checking for pkg-config
configure:11265: found /usr/bin/pkg-config
configure:11276: result: pkg-config
configure:11390: checking for working alloca.h
configure:11407: mips-linux-gnu-gcc -EL -o conftest -fPIC -march=mips32r2 -Wa,-mips32r2 -g  -L/users/phai/share/GSTReamer_compilation/lib 	-L/utils/release/sets/3_9_3_iptv_dev/csrootfs/cross_rootfs/lib conftest.c  >&5
configure:11407: $? = 0
configure:11415: result: yes
configure:11423: checking for alloca
configure:11460: mips-linux-gnu-gcc -EL -o conftest -fPIC -march=mips32r2 -Wa,-mips32r2 -g  -L/users/phai/share/GSTReamer_compilation/lib 	-L/utils/release/sets/3_9_3_iptv_dev/csrootfs/cross_rootfs/lib conftest.c  >&5
configure:11460: $? = 0
configure:11468: result: yes
configure:11582: checking for setresuid
configure:11582: mips-linux-gnu-gcc -EL -o conftest -fPIC -march=mips32r2 -Wa,-mips32r2 -g  -L/users/phai/share/GSTReamer_compilation/lib 	-L/utils/release/sets/3_9_3_iptv_dev/csrootfs/cross_rootfs/lib conftest.c  >&5
configure:11582: $? = 0
configure:11582: result: yes
configure:11595: checking dirent.h usability
configure:11595: mips-linux-gnu-gcc -EL -c -fPIC -march=mips32r2 -Wa,-mips32r2 -g  conftest.c >&5
configure:11595: $? = 0
configure:11595: result: yes
configure:11595: checking dirent.h presence
configure:11595: mips-linux-gnu-gcc -EL -E  conftest.c
configure:11595: $? = 0
configure:11595: result: yes
configure:11595: checking for dirent.h
configure:11595: result: yes
configure:11595: checking for unistd.h
configure:11595: result: yes
configure:11595: checking sys/wait.h usability
configure:11595: mips-linux-gnu-gcc -EL -c -fPIC -march=mips32r2 -Wa,-mips32r2 -g  conftest.c >&5
configure:11595: $? = 0
configure:11595: result: yes
configure:11595: checking sys/wait.h presence
configure:11595: mips-linux-gnu-gcc -EL -E  conftest.c
configure:11595: $? = 0
configure:11595: result: yes
configure:11595: checking for sys/wait.h
configure:11595: result: yes
configure:11595: checking malloc.h usability
configure:11595: mips-linux-gnu-gcc -EL -c -fPIC -march=mips32r2 -Wa,-mips32r2 -g  conftest.c >&5
configure:11595: $? = 0
configure:11595: result: yes
configure:11595: checking malloc.h presence
configure:11595: mips-linux-gnu-gcc -EL -E  conftest.c
configure:11595: $? = 0
configure:11595: result: yes
configure:11595: checking for malloc.h
configure:11595: result: yes
configure:11743: creating ./config.status

## ---------------------- ##
## Running config.status. ##
## ---------------------- ##

This file was extended by config.status, which was
generated by GNU Autoconf 2.65.  Invocation command line was

  CONFIG_FILES    = 
  CONFIG_HEADERS  = 
  CONFIG_LINKS    = 
  CONFIG_COMMANDS = 
  $ ./config.status 

on panda

config.status:1090: creating Makefile
config.status:1090: creating popt/Makefile
config.status:1090: creating check/Makefile
config.status:1090: creating check/config.sh
config.status:1090: creating config.h
config.status:1262: config.h is unchanged
config.status:1310: executing depfiles commands
config.status:1310: executing libtool commands

## ---------------- ##
## Cache variables. ##
## ---------------- ##

ac_cv_build=i486-pc-linux-gnu
ac_cv_c_compiler_gnu=yes
ac_cv_env_CC_set=set
ac_cv_env_CC_value='mips-linux-gnu-gcc -EL'
ac_cv_env_CFLAGS_set=set
ac_cv_env_CFLAGS_value='-fPIC -march=mips32r2 -Wa,-mips32r2 -g'
ac_cv_env_CPPFLAGS_set=
ac_cv_env_CPPFLAGS_value=
ac_cv_env_CPP_set=
ac_cv_env_CPP_value=
ac_cv_env_LDFLAGS_set=set
ac_cv_env_LDFLAGS_value='-L/users/phai/share/GSTReamer_compilation/lib 	-L/utils/release/sets/3_9_3_iptv_dev/csrootfs/cross_rootfs/lib'
ac_cv_env_LIBS_set=
ac_cv_env_LIBS_value=
ac_cv_env_build_alias_set=set
ac_cv_env_build_alias_value=i486-linux-gnu
ac_cv_env_host_alias_set=set
ac_cv_env_host_alias_value=mips-linux-gnu
ac_cv_env_target_alias_set=set
ac_cv_env_target_alias_value=mips-linux-gnu
ac_cv_func_alloca_works=yes
ac_cv_func_setresuid=yes
ac_cv_header_dirent_h=yes
ac_cv_header_dlfcn_h=yes
ac_cv_header_inttypes_h=yes
ac_cv_header_malloc_h=yes
ac_cv_header_memory_h=yes
ac_cv_header_stdc=yes
ac_cv_header_stdint_h=yes
ac_cv_header_stdlib_h=yes
ac_cv_header_string_h=yes
ac_cv_header_strings_h=yes
ac_cv_header_sys_stat_h=yes
ac_cv_header_sys_types_h=yes
ac_cv_header_sys_wait_h=yes
ac_cv_header_unistd_h=yes
ac_cv_host=mips-unknown-linux-gnu
ac_cv_objext=o
ac_cv_path_EGREP='/bin/grep -E'
ac_cv_path_FGREP='/bin/grep -F'
ac_cv_path_GREP=/bin/grep
ac_cv_path_SED=/utils/release/sets/3_9_3_iptv_dev/csrootfs/cross_rootfs/bin/sed
ac_cv_path_install='/usr/bin/install -c'
ac_cv_path_mkdir=/bin/mkdir
ac_cv_prog_AR=mips-linux-gnu-ar
ac_cv_prog_AWK=gawk
ac_cv_prog_CC='mips-linux-gnu-gcc -EL'
ac_cv_prog_CPP='mips-linux-gnu-gcc -EL -E'
ac_cv_prog_OBJDUMP=mips-linux-gnu-objdump
ac_cv_prog_PKG_CONFIG=pkg-config
ac_cv_prog_RANLIB=mips-linux-gnu-ranlib
ac_cv_prog_STRIP=mips-linux-gnu-strip
ac_cv_prog_cc_c89=
ac_cv_prog_cc_g=yes
ac_cv_prog_make_make_set=yes
ac_cv_working_alloca_h=yes
am_cv_CC_dependencies_compiler_type=gcc3
lt_cv_deplibs_check_method=pass_all
lt_cv_file_magic_cmd='$MAGIC_CMD'
lt_cv_file_magic_test_file=
lt_cv_ld_reload_flag=-r
lt_cv_nm_interface='BSD nm'
lt_cv_objdir=.libs
lt_cv_path_LD=/utils/release/sets/3_9_3_iptv_dev/mips-4.3-51-mips-linux-gnu-i686-pc-linux-gnu/mips-linux-gnu/bin/ld
lt_cv_path_NM='/utils/release/sets/3_9_3_iptv_dev/cstoolchain/bin//mips-linux-gnu-nm -B'
lt_cv_prog_compiler_c_o=yes
lt_cv_prog_compiler_pic_works=yes
lt_cv_prog_compiler_rtti_exceptions=no
lt_cv_prog_compiler_static_works=yes
lt_cv_prog_gnu_ld=yes
lt_cv_sys_global_symbol_pipe='sed -n -e '\''s/^.*[	 ]\([ABCDGIRSTW][ABCDGIRSTW]*\)[	 ][	 ]*\([_A-Za-z][_A-Za-z0-9]*\)$/\1 \2 \2/p'\'''
lt_cv_sys_global_symbol_to_c_name_address='sed -n -e '\''s/^: \([^ ]*\) $/  {\"\1\", (void *) 0},/p'\'' -e '\''s/^[ABCDGIRSTW]* \([^ ]*\) \([^ ]*\)$/  {"\2", (void *) \&\2},/p'\'''
lt_cv_sys_global_symbol_to_c_name_address_lib_prefix='sed -n -e '\''s/^: \([^ ]*\) $/  {\"\1\", (void *) 0},/p'\'' -e '\''s/^[ABCDGIRSTW]* \([^ ]*\) \(lib[^ ]*\)$/  {"\2", (void *) \&\2},/p'\'' -e '\''s/^[ABCDGIRSTW]* \([^ ]*\) \([^ ]*\)$/  {"lib\2", (void *) \&\2},/p'\'''
lt_cv_sys_global_symbol_to_cdecl='sed -n -e '\''s/^T .* \(.*\)$/extern int \1();/p'\'' -e '\''s/^[ABCDGIRSTW]* .* \(.*\)$/extern char \1;/p'\'''
lt_cv_sys_max_cmd_len=1572864

## ----------------- ##
## Output variables. ##
## ----------------- ##

ACLOCAL='${SHELL} /users/phai/share/GSTReamer_compilation/pkg-config-0.25/missing --run aclocal-1.11'
ALLOCA=''
AMDEPBACKSLASH='\'
AMDEP_FALSE='#'
AMDEP_TRUE=''
AMTAR='${SHELL} /users/phai/share/GSTReamer_compilation/pkg-config-0.25/missing --run tar'
AR='mips-linux-gnu-ar'
AUTOCONF='${SHELL} /users/phai/share/GSTReamer_compilation/pkg-config-0.25/missing --run autoconf'
AUTOHEADER='${SHELL} /users/phai/share/GSTReamer_compilation/pkg-config-0.25/missing --run autoheader'
AUTOMAKE='${SHELL} /users/phai/share/GSTReamer_compilation/pkg-config-0.25/missing --run automake-1.11'
AWK='gawk'
CC='mips-linux-gnu-gcc -EL'
CCDEPMODE='depmode=gcc3'
CFLAGS='-fPIC -march=mips32r2 -Wa,-mips32r2 -g'
CPP='mips-linux-gnu-gcc -EL -E'
CPPFLAGS=''
CYGPATH_W='echo'
DEFS='-DHAVE_CONFIG_H'
DEPDIR='.deps'
DSYMUTIL=''
DUMPBIN=''
ECHO_C=''
ECHO_N='-n'
ECHO_T=''
EGREP='/bin/grep -E'
EXEEXT=''
FGREP='/bin/grep -F'
GLIB_CFLAGS='-I/usr/include/glib-2.0 -I/usr/lib/glib-2.0/include  '
GLIB_LIBS='-lglib-2.0  '
GREP='/bin/grep'
INSTALL_DATA='${INSTALL} -m 644'
INSTALL_PROGRAM='${INSTALL}'
INSTALL_SCRIPT='${INSTALL}'
INSTALL_STRIP_PROGRAM='$(install_sh) -c -s'
LD='/utils/release/sets/3_9_3_iptv_dev/mips-4.3-51-mips-linux-gnu-i686-pc-linux-gnu/mips-linux-gnu/bin/ld'
LDFLAGS='-L/users/phai/share/GSTReamer_compilation/lib 	-L/utils/release/sets/3_9_3_iptv_dev/csrootfs/cross_rootfs/lib'
LIBOBJS=''
LIBS=''
LIBTOOL='$(SHELL) $(top_builddir)/libtool'
LIPO=''
LN_S='ln -s'
LTLIBOBJS=''
MAINT='#'
MAINTAINER_MODE_FALSE=''
MAINTAINER_MODE_TRUE='#'
MAKEINFO='${SHELL} /users/phai/share/GSTReamer_compilation/pkg-config-0.25/missing --run makeinfo'
MKDIR_P='/bin/mkdir -p'
NM='/utils/release/sets/3_9_3_iptv_dev/cstoolchain/bin//mips-linux-gnu-nm -B'
NMEDIT=''
OBJDUMP='mips-linux-gnu-objdump'
OBJEXT='o'
OTOOL64=''
OTOOL=''
PACKAGE='pkg-config'
PACKAGE_BUGREPORT=''
PACKAGE_NAME=''
PACKAGE_STRING=''
PACKAGE_TARNAME=''
PACKAGE_URL=''
PACKAGE_VERSION=''
PATH_SEPARATOR=':'
PKG_CONFIG='pkg-config'
POPT_LIBS=''
RANLIB='mips-linux-gnu-ranlib'
SED='/utils/release/sets/3_9_3_iptv_dev/csrootfs/cross_rootfs/bin/sed'
SET_MAKE=''
SHELL='/bin/bash'
STRIP='mips-linux-gnu-strip'
USE_INSTALLED_GLIB_FALSE='#'
USE_INSTALLED_GLIB_TRUE=''
USE_INSTALLED_POPT_FALSE=''
USE_INSTALLED_POPT_TRUE='#'
VERSION='0.25'
WARN_CFLAGS=''
ac_ct_CC=''
ac_ct_DUMPBIN=''
am__EXEEXT_FALSE=''
am__EXEEXT_TRUE='#'
am__fastdepCC_FALSE='#'
am__fastdepCC_TRUE=''
am__include='include'
am__isrc=''
am__leading_dot='.'
am__quote=''
am__tar='${AMTAR} chof - "$$tardir"'
am__untar='${AMTAR} xf -'
bindir='${exec_prefix}/bin'
build='i486-pc-linux-gnu'
build_alias='i486-linux-gnu'
build_cpu='i486'
build_os='linux-gnu'
build_vendor='pc'
datadir='${datarootdir}'
datarootdir='${prefix}/share'
docdir='${datarootdir}/doc/${PACKAGE}'
dvidir='${docdir}'
exec_prefix='${prefix}'
host='mips-unknown-linux-gnu'
host_alias='mips-linux-gnu'
host_cpu='mips'
host_os='linux-gnu'
host_vendor='unknown'
htmldir='${docdir}'
includedir='${prefix}/include'
infodir='${datarootdir}/info'
install_sh='${SHELL} /users/phai/share/GSTReamer_compilation/pkg-config-0.25/install-sh'
libdir='${exec_prefix}/lib'
libexecdir='${exec_prefix}/libexec'
localedir='${datarootdir}/locale'
localstatedir='${prefix}/var'
lt_ECHO='echo'
mandir='${datarootdir}/man'
mkdir_p='/bin/mkdir -p'
oldincludedir='/usr/include'
pc_path='${libdir}/pkgconfig:${datadir}/pkgconfig'
pdfdir='${docdir}'
prefix='/users/phai/share/GSTReamer_compilation'
program_transform_name='s,x,x,'
psdir='${docdir}'
sbindir='${exec_prefix}/sbin'
sharedstatedir='${prefix}/com'
subdirs=''
sysconfdir='${prefix}/etc'
target_alias='mips-linux-gnu'
use_indirect_deps='no'

## ----------- ##
## confdefs.h. ##
## ----------- ##

/* confdefs.h */
#define PACKAGE_NAME ""
#define PACKAGE_TARNAME ""
#define PACKAGE_VERSION ""
#define PACKAGE_STRING ""
#define PACKAGE_BUGREPORT ""
#define PACKAGE_URL ""
#define PACKAGE "pkg-config"
#define VERSION "0.25"
#define STDC_HEADERS 1
#define HAVE_SYS_TYPES_H 1
#define HAVE_SYS_STAT_H 1
#define HAVE_STDLIB_H 1
#define HAVE_STRING_H 1
#define HAVE_MEMORY_H 1
#define HAVE_STRINGS_H 1
#define HAVE_INTTYPES_H 1
#define HAVE_STDINT_H 1
#define HAVE_UNISTD_H 1
#define HAVE_DLFCN_H 1
#define LT_OBJDIR ".libs/"
#define ENABLE_INDIRECT_DEPS 0
#define USE_INSTALLED_GLIB 1
#define HAVE_ALLOCA_H 1
#define HAVE_ALLOCA 1
#define HAVE_SETRESUID 1
#define HAVE_DIRENT_H 1
#define HAVE_UNISTD_H 1
#define HAVE_SYS_WAIT_H 1
#define HAVE_MALLOC_H 1

configure: exit 0
