This file contains any messages produced by compilers while
running configure, to aid debugging if configure makes a mistake.

It was created by GStreamer FFMpeg configure 0.10.11, which was
generated by GNU Autoconf 2.65.  Invocation command line was

  $ ./configure --host=mips-linux-gnu --target=mips-linux-gnu --prefix=/users/phai/share/GSTReamer_compilation --enable-shared --disable-static --disable-valgrind --enable-debug=yes

## --------- ##
## Platform. ##
## --------- ##

hostname = panda
uname -m = i686
uname -r = 2.6.32-25-generic
uname -s = Linux
uname -v = #45-Ubuntu SMP Sat Oct 16 19:48:22 UTC 2010

/usr/bin/uname -p = unknown
/bin/uname -X     = unknown

/bin/arch              = unknown
/usr/bin/arch -k       = unknown
/usr/convex/getsysinfo = unknown
/usr/bin/hostinfo      = unknown
/bin/machine           = unknown
/usr/bin/oslevel       = unknown
/bin/universe          = unknown

PATH: /utils/em8xxx/spade/1.6/
PATH: /utils/em8xxx/spbin/1.2.16c/bin/
PATH: /utils/em8xxx/spasm/3.0.4/bin/
PATH: /users/phai/workspace/3.10.0/patch_branch_3.10.0/set_rua_test/build_configs/../xbin
PATH: /utils/release/sets/3_9_3_iptv_dev/csrootfs/cross_rootfs/bin
PATH: /utils/release/sets/3_9_3_iptv_dev/csrootfs/host/bin
PATH: /utils/release/sets/3_9_3_iptv_dev/cstoolchain/bin/
PATH: /utils/thirdparty/ccache/i686/bin
PATH: /utils/thirdparty/openssl/0.9.8a/i686/bin
PATH: /utils/thirdparty/tkcvs/7.2.4/noarch/bin
PATH: /utils/em8xxx/mdbg/bin/i686
PATH: /utils/em8xxx/mdbg/ub/1.25-14/bin
PATH: /utils/em8xxx/reference/i386/bin
PATH: /users/phai/bin
PATH: ~/bin
PATH: /usr/local/sbin
PATH: /usr/local/bin
PATH: /usr/sbin
PATH: /usr/bin
PATH: /sbin
PATH: /bin
PATH: /usr/games
PATH: ~/scripts
PATH: /utils/em8xxx/probe/bin/i686
PATH: /utils/em8xxx/shelldriver/bin
PATH: /utils/em8xxx/shelldriver/xbin
PATH: /utils/em8xxx/shelldriver/xload3
PATH: /utils/thirdparty/jtag/i686/bin
PATH: /utils/thirdparty/Acrobat7/i686/bin


## ----------- ##
## Core tests. ##
## ----------- ##

configure:2476: checking for a BSD-compatible install
configure:2544: result: /usr/bin/install -c
configure:2555: checking whether build environment is sane
configure:2605: result: yes
configure:2654: checking for mips-linux-gnu-strip
configure:2670: found /utils/release/sets/3_9_3_iptv_dev/cstoolchain/bin//mips-linux-gnu-strip
configure:2681: result: mips-linux-gnu-strip
configure:2746: checking for a thread-safe mkdir -p
configure:2785: result: /bin/mkdir -p
configure:2798: checking for gawk
configure:2814: found /usr/bin/gawk
configure:2825: result: gawk
configure:2836: checking whether make sets $(MAKE)
configure:2858: result: yes
configure:2950: checking nano version
configure:2956: result: 0 (release)
configure:2982: checking whether to enable maintainer-specific portions of Makefiles
configure:2991: result: no
configure:3009: checking build system type
configure:3023: result: i686-pc-linux-gnu
configure:3043: checking host system type
configure:3056: result: mips-unknown-linux-gnu
configure:3443: checking how to print strings
configure:3470: result: printf
configure:3503: checking for style of include used by make
configure:3531: result: GNU
configure:3561: checking for mips-linux-gnu-gcc
configure:3588: result: mips-linux-gnu-gcc -EL
configure:3857: checking for C compiler version
configure:3866: mips-linux-gnu-gcc -EL --version >&5
mips-linux-gnu-gcc (Sourcery G++ Lite 4.3-51) 4.3.2
Copyright (C) 2008 Free Software Foundation, Inc.
This is free software; see the source for copying conditions.  There is NO
warranty; not even for MERCHANTABILITY or FITNESS FOR A PARTICULAR PURPOSE.

configure:3877: $? = 0
configure:3866: mips-linux-gnu-gcc -EL -v >&5
Using built-in specs.
Target: mips-linux-gnu
Configured with: /scratch/clm/2008q3-src/src/gcc-4.3/configure --build=i686-pc-linux-gnu --host=i686-pc-linux-gnu --target=mips-linux-gnu --enable-threads --disable-libmudflap --disable-libssp --disable-libstdcxx-pch --with-arch=mips32r2 --with-float=hard --enable-mips-nonpic --enable-extra-sgxxlite-multilibs --with-gnu-as --with-gnu-ld --enable-languages=c,c++ --enable-shared --enable-symvers=gnu --enable-__cxa_atexit --with-pkgversion='Sourcery G++ Lite 4.3-51' --with-bugurl=https://support.codesourcery.com/GNUToolchain/ --disable-nls --prefix=/opt/codesourcery --with-sysroot=/opt/codesourcery/mips-linux-gnu/libc --with-build-sysroot=/scratch/clm/2008q3-lite/install/mips-linux-gnu/libc --with-gmp=/scratch/clm/2008q3-lite/obj/host-libs-4.3-51-mips-linux-gnu-i686-pc-linux-gnu/usr --with-mpfr=/scratch/clm/2008q3-lite/obj/host-libs-4.3-51-mips-linux-gnu-i686-pc-linux-gnu/usr --disable-libgomp --enable-poison-system-directories --with-build-time-tools=/scratch/clm/2008q3-lite/install/mips-linux-gnu/bin --with-build-time-tools=/scratch/clm/2008q3-lite/install/mips-linux-gnu/bin
Thread model: posix
gcc version 4.3.2 (Sourcery G++ Lite 4.3-51) 
configure:3877: $? = 0
configure:3866: mips-linux-gnu-gcc -EL -V >&5
mips-linux-gnu-gcc: '-V' must come at the start of the command line
configure:3877: $? = 1
configure:3866: mips-linux-gnu-gcc -EL -qversion >&5
mips-linux-gnu-gcc: unrecognized option '-qversion'
mips-linux-gnu-gcc: no input files
configure:3877: $? = 1
configure:3897: checking whether the C compiler works
configure:3919: mips-linux-gnu-gcc -EL -fPIC -march=mips32r2 -Wa,-mips32r2 -g -I/utils/release/sets/3_9_3_iptv_dev/csrootfs/cross_rootfs/include -L/users/phai/share/GSTReamer_compilation/lib 	-L/utils/release/sets/3_9_3_iptv_dev/csrootfs/cross_rootfs/lib conftest.c -lz >&5
configure:3923: $? = 0
configure:3972: result: yes
configure:3975: checking for C compiler default output file name
configure:3977: result: a.out
configure:3983: checking for suffix of executables
configure:3990: mips-linux-gnu-gcc -EL -o conftest -fPIC -march=mips32r2 -Wa,-mips32r2 -g -I/utils/release/sets/3_9_3_iptv_dev/csrootfs/cross_rootfs/include -L/users/phai/share/GSTReamer_compilation/lib 	-L/utils/release/sets/3_9_3_iptv_dev/csrootfs/cross_rootfs/lib conftest.c -lz >&5
configure:3994: $? = 0
configure:4016: result: 
configure:4038: checking whether we are cross compiling
configure:4046: mips-linux-gnu-gcc -EL -o conftest -fPIC -march=mips32r2 -Wa,-mips32r2 -g -I/utils/release/sets/3_9_3_iptv_dev/csrootfs/cross_rootfs/include -L/users/phai/share/GSTReamer_compilation/lib 	-L/utils/release/sets/3_9_3_iptv_dev/csrootfs/cross_rootfs/lib conftest.c -lz >&5
configure:4050: $? = 0
configure:4057: ./conftest
./configure: line 4059: ./conftest: cannot execute binary file
configure:4061: $? = 126
configure:4076: result: yes
configure:4081: checking for suffix of object files
configure:4103: mips-linux-gnu-gcc -EL -c -fPIC -march=mips32r2 -Wa,-mips32r2 -g -I/utils/release/sets/3_9_3_iptv_dev/csrootfs/cross_rootfs/include conftest.c >&5
configure:4107: $? = 0
configure:4128: result: o
configure:4132: checking whether we are using the GNU C compiler
configure:4151: mips-linux-gnu-gcc -EL -c -fPIC -march=mips32r2 -Wa,-mips32r2 -g -I/utils/release/sets/3_9_3_iptv_dev/csrootfs/cross_rootfs/include conftest.c >&5
configure:4151: $? = 0
configure:4160: result: yes
configure:4169: checking whether mips-linux-gnu-gcc -EL accepts -g
configure:4189: mips-linux-gnu-gcc -EL -c -g -I/utils/release/sets/3_9_3_iptv_dev/csrootfs/cross_rootfs/include conftest.c >&5
configure:4189: $? = 0
configure:4230: result: yes
configure:4247: checking for mips-linux-gnu-gcc -EL option to accept ISO C89
configure:4311: mips-linux-gnu-gcc -EL  -c -fPIC -march=mips32r2 -Wa,-mips32r2 -g -I/utils/release/sets/3_9_3_iptv_dev/csrootfs/cross_rootfs/include conftest.c >&5
configure:4311: $? = 0
configure:4324: result: none needed
configure:4346: checking dependency style of mips-linux-gnu-gcc -EL
configure:4456: result: gcc3
configure:4471: checking for a sed that does not truncate output
configure:4535: result: /utils/release/sets/3_9_3_iptv_dev/csrootfs/cross_rootfs/bin/sed
configure:4553: checking for grep that handles long lines and -e
configure:4611: result: /bin/grep
configure:4616: checking for egrep
configure:4678: result: /bin/grep -E
configure:4683: checking for fgrep
configure:4745: result: /bin/grep -F
configure:4780: checking for ld used by mips-linux-gnu-gcc -EL
configure:4847: result: /utils/release/sets/3_9_3_iptv_dev/mips-4.3-51-mips-linux-gnu-i686-pc-linux-gnu/mips-linux-gnu/bin/ld
configure:4854: checking if the linker (/utils/release/sets/3_9_3_iptv_dev/mips-4.3-51-mips-linux-gnu-i686-pc-linux-gnu/mips-linux-gnu/bin/ld) is GNU ld
configure:4869: result: yes
configure:4881: checking for BSD- or MS-compatible name lister (nm)
configure:4930: result: /utils/release/sets/3_9_3_iptv_dev/cstoolchain/bin//mips-linux-gnu-nm -B
configure:5060: checking the name lister (/utils/release/sets/3_9_3_iptv_dev/cstoolchain/bin//mips-linux-gnu-nm -B) interface
configure:5067: mips-linux-gnu-gcc -EL -c -fPIC -march=mips32r2 -Wa,-mips32r2 -g -I/utils/release/sets/3_9_3_iptv_dev/csrootfs/cross_rootfs/include conftest.c >&5
configure:5070: /utils/release/sets/3_9_3_iptv_dev/cstoolchain/bin//mips-linux-gnu-nm -B "conftest.o"
configure:5073: output
00000000 B some_variable
configure:5080: result: BSD nm
configure:5083: checking whether ln -s works
configure:5087: result: yes
configure:5095: checking the maximum length of command line arguments
configure:5220: result: 1572864
configure:5237: checking whether the shell understands some XSI constructs
configure:5247: result: yes
configure:5251: checking whether the shell understands "+="
configure:5257: result: yes
configure:5292: checking for /utils/release/sets/3_9_3_iptv_dev/mips-4.3-51-mips-linux-gnu-i686-pc-linux-gnu/mips-linux-gnu/bin/ld option to reload object files
configure:5299: result: -r
configure:5328: checking for mips-linux-gnu-objdump
configure:5355: result: objdump
configure:5424: checking how to recognize dependent libraries
configure:5626: result: pass_all
configure:5646: checking for mips-linux-gnu-ar
configure:5662: found /utils/release/sets/3_9_3_iptv_dev/cstoolchain/bin//mips-linux-gnu-ar
configure:5673: result: mips-linux-gnu-ar
configure:5751: checking for mips-linux-gnu-strip
configure:5778: result: mips-linux-gnu-strip
configure:5850: checking for mips-linux-gnu-ranlib
configure:5866: found /utils/release/sets/3_9_3_iptv_dev/cstoolchain/bin//mips-linux-gnu-ranlib
configure:5877: result: mips-linux-gnu-ranlib
configure:6019: checking command to parse /utils/release/sets/3_9_3_iptv_dev/cstoolchain/bin//mips-linux-gnu-nm -B output from mips-linux-gnu-gcc -EL object
configure:6137: mips-linux-gnu-gcc -EL -c -fPIC -march=mips32r2 -Wa,-mips32r2 -g -I/utils/release/sets/3_9_3_iptv_dev/csrootfs/cross_rootfs/include conftest.c >&5
configure:6140: $? = 0
configure:6144: /utils/release/sets/3_9_3_iptv_dev/cstoolchain/bin//mips-linux-gnu-nm -B conftest.o \| sed -n -e 's/^.*[ ]\([ABCDGIRSTW][ABCDGIRSTW]*\)[ ][ ]*\([_A-Za-z][_A-Za-z0-9]*\)$/\1 \2 \2/p' \> conftest.nm
configure:6147: $? = 0
configure:6201: mips-linux-gnu-gcc -EL -o conftest -fPIC -march=mips32r2 -Wa,-mips32r2 -g -I/utils/release/sets/3_9_3_iptv_dev/csrootfs/cross_rootfs/include -L/users/phai/share/GSTReamer_compilation/lib 	-L/utils/release/sets/3_9_3_iptv_dev/csrootfs/cross_rootfs/lib conftest.c conftstm.o >&5
configure:6204: $? = 0
configure:6242: result: ok
configure:7083: checking how to run the C preprocessor
configure:7114: mips-linux-gnu-gcc -EL -E -I/utils/release/sets/3_9_3_iptv_dev/csrootfs/cross_rootfs/include conftest.c
configure:7114: $? = 0
configure:7128: mips-linux-gnu-gcc -EL -E -I/utils/release/sets/3_9_3_iptv_dev/csrootfs/cross_rootfs/include conftest.c
conftest.c:11:28: error: ac_nonexistent.h: No such file or directory
configure:7128: $? = 1
configure: failed program was:
| /* confdefs.h */
| #define PACKAGE_NAME "GStreamer FFMpeg"
| #define PACKAGE_TARNAME "gst-ffmpeg"
| #define PACKAGE_VERSION "0.10.11"
| #define PACKAGE_STRING "GStreamer FFMpeg 0.10.11"
| #define PACKAGE_BUGREPORT "http://bugzilla.gnome.org/enter_bug.cgi?product=GStreamer"
| #define PACKAGE_URL ""
| #define PACKAGE "gst-ffmpeg"
| #define VERSION "0.10.11"
| /* end confdefs.h.  */
| #include <ac_nonexistent.h>
configure:7153: result: mips-linux-gnu-gcc -EL -E
configure:7173: mips-linux-gnu-gcc -EL -E -I/utils/release/sets/3_9_3_iptv_dev/csrootfs/cross_rootfs/include conftest.c
configure:7173: $? = 0
configure:7187: mips-linux-gnu-gcc -EL -E -I/utils/release/sets/3_9_3_iptv_dev/csrootfs/cross_rootfs/include conftest.c
conftest.c:11:28: error: ac_nonexistent.h: No such file or directory
configure:7187: $? = 1
configure: failed program was:
| /* confdefs.h */
| #define PACKAGE_NAME "GStreamer FFMpeg"
| #define PACKAGE_TARNAME "gst-ffmpeg"
| #define PACKAGE_VERSION "0.10.11"
| #define PACKAGE_STRING "GStreamer FFMpeg 0.10.11"
| #define PACKAGE_BUGREPORT "http://bugzilla.gnome.org/enter_bug.cgi?product=GStreamer"
| #define PACKAGE_URL ""
| #define PACKAGE "gst-ffmpeg"
| #define VERSION "0.10.11"
| /* end confdefs.h.  */
| #include <ac_nonexistent.h>
configure:7216: checking for ANSI C header files
configure:7236: mips-linux-gnu-gcc -EL -c -fPIC -march=mips32r2 -Wa,-mips32r2 -g -I/utils/release/sets/3_9_3_iptv_dev/csrootfs/cross_rootfs/include conftest.c >&5
configure:7236: $? = 0
configure:7320: result: yes
configure:7333: checking for sys/types.h
configure:7333: mips-linux-gnu-gcc -EL -c -fPIC -march=mips32r2 -Wa,-mips32r2 -g -I/utils/release/sets/3_9_3_iptv_dev/csrootfs/cross_rootfs/include conftest.c >&5
configure:7333: $? = 0
configure:7333: result: yes
configure:7333: checking for sys/stat.h
configure:7333: mips-linux-gnu-gcc -EL -c -fPIC -march=mips32r2 -Wa,-mips32r2 -g -I/utils/release/sets/3_9_3_iptv_dev/csrootfs/cross_rootfs/include conftest.c >&5
configure:7333: $? = 0
configure:7333: result: yes
configure:7333: checking for stdlib.h
configure:7333: mips-linux-gnu-gcc -EL -c -fPIC -march=mips32r2 -Wa,-mips32r2 -g -I/utils/release/sets/3_9_3_iptv_dev/csrootfs/cross_rootfs/include conftest.c >&5
configure:7333: $? = 0
configure:7333: result: yes
configure:7333: checking for string.h
configure:7333: mips-linux-gnu-gcc -EL -c -fPIC -march=mips32r2 -Wa,-mips32r2 -g -I/utils/release/sets/3_9_3_iptv_dev/csrootfs/cross_rootfs/include conftest.c >&5
configure:7333: $? = 0
configure:7333: result: yes
configure:7333: checking for memory.h
configure:7333: mips-linux-gnu-gcc -EL -c -fPIC -march=mips32r2 -Wa,-mips32r2 -g -I/utils/release/sets/3_9_3_iptv_dev/csrootfs/cross_rootfs/include conftest.c >&5
configure:7333: $? = 0
configure:7333: result: yes
configure:7333: checking for strings.h
configure:7333: mips-linux-gnu-gcc -EL -c -fPIC -march=mips32r2 -Wa,-mips32r2 -g -I/utils/release/sets/3_9_3_iptv_dev/csrootfs/cross_rootfs/include conftest.c >&5
configure:7333: $? = 0
configure:7333: result: yes
configure:7333: checking for inttypes.h
configure:7333: mips-linux-gnu-gcc -EL -c -fPIC -march=mips32r2 -Wa,-mips32r2 -g -I/utils/release/sets/3_9_3_iptv_dev/csrootfs/cross_rootfs/include conftest.c >&5
configure:7333: $? = 0
configure:7333: result: yes
configure:7333: checking for stdint.h
configure:7333: mips-linux-gnu-gcc -EL -c -fPIC -march=mips32r2 -Wa,-mips32r2 -g -I/utils/release/sets/3_9_3_iptv_dev/csrootfs/cross_rootfs/include conftest.c >&5
configure:7333: $? = 0
configure:7333: result: yes
configure:7333: checking for unistd.h
configure:7333: mips-linux-gnu-gcc -EL -c -fPIC -march=mips32r2 -Wa,-mips32r2 -g -I/utils/release/sets/3_9_3_iptv_dev/csrootfs/cross_rootfs/include conftest.c >&5
configure:7333: $? = 0
configure:7333: result: yes
configure:7348: checking for dlfcn.h
configure:7348: mips-linux-gnu-gcc -EL -c -fPIC -march=mips32r2 -Wa,-mips32r2 -g -I/utils/release/sets/3_9_3_iptv_dev/csrootfs/cross_rootfs/include conftest.c >&5
configure:7348: $? = 0
configure:7348: result: yes
configure:7533: checking for objdir
configure:7548: result: .libs
configure:7819: checking if mips-linux-gnu-gcc -EL supports -fno-rtti -fno-exceptions
configure:7837: mips-linux-gnu-gcc -EL -c -fPIC -march=mips32r2 -Wa,-mips32r2 -g -I/utils/release/sets/3_9_3_iptv_dev/csrootfs/cross_rootfs/include -fno-rtti -fno-exceptions conftest.c >&5
cc1: warning: command line option "-fno-rtti" is valid for C++/ObjC++ but not for C
configure:7841: $? = 0
configure:7854: result: no
configure:7874: checking for mips-linux-gnu-gcc -EL option to produce PIC
configure:8159: result: -fPIC -DPIC
configure:8171: checking if mips-linux-gnu-gcc -EL PIC flag -fPIC -DPIC works
configure:8189: mips-linux-gnu-gcc -EL -c -fPIC -march=mips32r2 -Wa,-mips32r2 -g -I/utils/release/sets/3_9_3_iptv_dev/csrootfs/cross_rootfs/include -fPIC -DPIC -DPIC conftest.c >&5
configure:8193: $? = 0
configure:8206: result: yes
configure:8230: checking if mips-linux-gnu-gcc -EL static flag -static works
configure:8258: result: yes
configure:8273: checking if mips-linux-gnu-gcc -EL supports -c -o file.o
configure:8294: mips-linux-gnu-gcc -EL -c -fPIC -march=mips32r2 -Wa,-mips32r2 -g -I/utils/release/sets/3_9_3_iptv_dev/csrootfs/cross_rootfs/include -o out/conftest2.o conftest.c >&5
configure:8298: $? = 0
configure:8320: result: yes
configure:8328: checking if mips-linux-gnu-gcc -EL supports -c -o file.o
configure:8375: result: yes
configure:8408: checking whether the mips-linux-gnu-gcc -EL linker (/utils/release/sets/3_9_3_iptv_dev/mips-4.3-51-mips-linux-gnu-i686-pc-linux-gnu/mips-linux-gnu/bin/ld) supports shared libraries
configure:9483: result: yes
configure:9520: checking whether -lc should be explicitly linked in
configure:9528: mips-linux-gnu-gcc -EL -c -fPIC -march=mips32r2 -Wa,-mips32r2 -g -I/utils/release/sets/3_9_3_iptv_dev/csrootfs/cross_rootfs/include conftest.c >&5
configure:9531: $? = 0
configure:9546: mips-linux-gnu-gcc -EL -shared conftest.o  -v -Wl,-soname -Wl,conftest -o conftest 2\>\&1 \| /bin/grep  -lc  \>/dev/null 2\>\&1
configure:9549: $? = 0
configure:9563: result: no
configure:9728: checking dynamic linker characteristics
configure:10196: mips-linux-gnu-gcc -EL -o conftest -fPIC -march=mips32r2 -Wa,-mips32r2 -g -I/utils/release/sets/3_9_3_iptv_dev/csrootfs/cross_rootfs/include -L/users/phai/share/GSTReamer_compilation/lib 	-L/utils/release/sets/3_9_3_iptv_dev/csrootfs/cross_rootfs/lib -Wl,-rpath -Wl,/foo conftest.c -lz >&5
configure:10196: $? = 0
configure:10418: result: GNU/Linux ld.so
configure:10525: checking how to hardcode library paths into programs
configure:10550: result: immediate
configure:11090: checking whether stripping libraries is possible
configure:11095: result: yes
configure:11130: checking if libtool supports shared libraries
configure:11132: result: yes
configure:11135: checking whether to build shared libraries
configure:11156: result: yes
configure:11159: checking whether to build static libraries
configure:11163: result: no
configure:11311: Using GStreamer FFMpeg source release as package name
configure:11335: Using Unknown package origin as package origin
configure:11350: checking for mips-linux-gnu-pkg-config
configure:11383: result: no
configure:11393: checking for pkg-config
configure:11411: found /usr/bin/pkg-config
configure:11423: result: /usr/bin/pkg-config
configure:11435: WARNING: using cross tools not prefixed with host triplet
configure:11448: checking pkg-config is at least version 0.9.0
configure:11451: result: yes
configure:11683: checking whether byte ordering is bigendian
configure:11698: mips-linux-gnu-gcc -EL -c -fPIC -march=mips32r2 -Wa,-mips32r2 -g -I/utils/release/sets/3_9_3_iptv_dev/csrootfs/cross_rootfs/include conftest.c >&5
conftest.c:27: error: expected '=', ',', ';', 'asm' or '__attribute__' before 'a'
configure:11698: $? = 1
configure: failed program was:
| /* confdefs.h */
| #define PACKAGE_NAME "GStreamer FFMpeg"
| #define PACKAGE_TARNAME "gst-ffmpeg"
| #define PACKAGE_VERSION "0.10.11"
| #define PACKAGE_STRING "GStreamer FFMpeg 0.10.11"
| #define PACKAGE_BUGREPORT "http://bugzilla.gnome.org/enter_bug.cgi?product=GStreamer"
| #define PACKAGE_URL ""
| #define PACKAGE "gst-ffmpeg"
| #define VERSION "0.10.11"
| #define STDC_HEADERS 1
| #define HAVE_SYS_TYPES_H 1
| #define HAVE_SYS_STAT_H 1
| #define HAVE_STDLIB_H 1
| #define HAVE_STRING_H 1
| #define HAVE_MEMORY_H 1
| #define HAVE_STRINGS_H 1
| #define HAVE_INTTYPES_H 1
| #define HAVE_STDINT_H 1
| #define HAVE_UNISTD_H 1
| #define HAVE_DLFCN_H 1
| #define LT_OBJDIR ".libs/"
| #define GST_PACKAGE_NAME "GStreamer FFMpeg source release"
| #define GST_PACKAGE_ORIGIN "Unknown package origin"
| #define HAVE_CPU_MIPS 1
| /* end confdefs.h.  */
| #ifndef __APPLE_CC__
| 	       not a universal capable compiler
| 	     #endif
| 	     typedef int dummy;
| 
configure:11743: mips-linux-gnu-gcc -EL -c -fPIC -march=mips32r2 -Wa,-mips32r2 -g -I/utils/release/sets/3_9_3_iptv_dev/csrootfs/cross_rootfs/include conftest.c >&5
configure:11743: $? = 0
configure:11761: mips-linux-gnu-gcc -EL -c -fPIC -march=mips32r2 -Wa,-mips32r2 -g -I/utils/release/sets/3_9_3_iptv_dev/csrootfs/cross_rootfs/include conftest.c >&5
conftest.c: In function 'main':
conftest.c:33: error: 'not' undeclared (first use in this function)
conftest.c:33: error: (Each undeclared identifier is reported only once
conftest.c:33: error: for each function it appears in.)
conftest.c:33: error: expected ';' before 'big'
configure:11761: $? = 1
configure: failed program was:
| /* confdefs.h */
| #define PACKAGE_NAME "GStreamer FFMpeg"
| #define PACKAGE_TARNAME "gst-ffmpeg"
| #define PACKAGE_VERSION "0.10.11"
| #define PACKAGE_STRING "GStreamer FFMpeg 0.10.11"
| #define PACKAGE_BUGREPORT "http://bugzilla.gnome.org/enter_bug.cgi?product=GStreamer"
| #define PACKAGE_URL ""
| #define PACKAGE "gst-ffmpeg"
| #define VERSION "0.10.11"
| #define STDC_HEADERS 1
| #define HAVE_SYS_TYPES_H 1
| #define HAVE_SYS_STAT_H 1
| #define HAVE_STDLIB_H 1
| #define HAVE_STRING_H 1
| #define HAVE_MEMORY_H 1
| #define HAVE_STRINGS_H 1
| #define HAVE_INTTYPES_H 1
| #define HAVE_STDINT_H 1
| #define HAVE_UNISTD_H 1
| #define HAVE_DLFCN_H 1
| #define LT_OBJDIR ".libs/"
| #define GST_PACKAGE_NAME "GStreamer FFMpeg source release"
| #define GST_PACKAGE_ORIGIN "Unknown package origin"
| #define HAVE_CPU_MIPS 1
| /* end confdefs.h.  */
| #include <sys/types.h>
| 		#include <sys/param.h>
| 
| int
| main ()
| {
| #if BYTE_ORDER != BIG_ENDIAN
| 		 not big endian
| 		#endif
| 
|   ;
|   return 0;
| }
configure:11889: result: no
configure:12037: checking for mips-linux-gnu-gcc
configure:12064: result: mips-linux-gnu-gcc -EL
configure:12333: checking for C compiler version
configure:12342: mips-linux-gnu-gcc -EL --version >&5
mips-linux-gnu-gcc (Sourcery G++ Lite 4.3-51) 4.3.2
Copyright (C) 2008 Free Software Foundation, Inc.
This is free software; see the source for copying conditions.  There is NO
warranty; not even for MERCHANTABILITY or FITNESS FOR A PARTICULAR PURPOSE.

configure:12353: $? = 0
configure:12342: mips-linux-gnu-gcc -EL -v >&5
Using built-in specs.
Target: mips-linux-gnu
Configured with: /scratch/clm/2008q3-src/src/gcc-4.3/configure --build=i686-pc-linux-gnu --host=i686-pc-linux-gnu --target=mips-linux-gnu --enable-threads --disable-libmudflap --disable-libssp --disable-libstdcxx-pch --with-arch=mips32r2 --with-float=hard --enable-mips-nonpic --enable-extra-sgxxlite-multilibs --with-gnu-as --with-gnu-ld --enable-languages=c,c++ --enable-shared --enable-symvers=gnu --enable-__cxa_atexit --with-pkgversion='Sourcery G++ Lite 4.3-51' --with-bugurl=https://support.codesourcery.com/GNUToolchain/ --disable-nls --prefix=/opt/codesourcery --with-sysroot=/opt/codesourcery/mips-linux-gnu/libc --with-build-sysroot=/scratch/clm/2008q3-lite/install/mips-linux-gnu/libc --with-gmp=/scratch/clm/2008q3-lite/obj/host-libs-4.3-51-mips-linux-gnu-i686-pc-linux-gnu/usr --with-mpfr=/scratch/clm/2008q3-lite/obj/host-libs-4.3-51-mips-linux-gnu-i686-pc-linux-gnu/usr --disable-libgomp --enable-poison-system-directories --with-build-time-tools=/scratch/clm/2008q3-lite/install/mips-linux-gnu/bin --with-build-time-tools=/scratch/clm/2008q3-lite/install/mips-linux-gnu/bin
Thread model: posix
gcc version 4.3.2 (Sourcery G++ Lite 4.3-51) 
configure:12353: $? = 0
configure:12342: mips-linux-gnu-gcc -EL -V >&5
mips-linux-gnu-gcc: '-V' must come at the start of the command line
configure:12353: $? = 1
configure:12342: mips-linux-gnu-gcc -EL -qversion >&5
mips-linux-gnu-gcc: unrecognized option '-qversion'
mips-linux-gnu-gcc: no input files
configure:12353: $? = 1
configure:12357: checking whether we are using the GNU C compiler
configure:12385: result: yes
configure:12394: checking whether mips-linux-gnu-gcc -EL accepts -g
configure:12455: result: yes
configure:12472: checking for mips-linux-gnu-gcc -EL option to accept ISO C89
configure:12549: result: none needed
configure:12571: checking dependency style of mips-linux-gnu-gcc -EL
configure:12681: result: gcc3
configure:12706: checking for mips-linux-gnu-gcc
configure:12733: result: mips-linux-gnu-gcc -EL
configure:13002: checking for C compiler version
configure:13011: mips-linux-gnu-gcc -EL --version >&5
mips-linux-gnu-gcc (Sourcery G++ Lite 4.3-51) 4.3.2
Copyright (C) 2008 Free Software Foundation, Inc.
This is free software; see the source for copying conditions.  There is NO
warranty; not even for MERCHANTABILITY or FITNESS FOR A PARTICULAR PURPOSE.

configure:13022: $? = 0
configure:13011: mips-linux-gnu-gcc -EL -v >&5
Using built-in specs.
Target: mips-linux-gnu
Configured with: /scratch/clm/2008q3-src/src/gcc-4.3/configure --build=i686-pc-linux-gnu --host=i686-pc-linux-gnu --target=mips-linux-gnu --enable-threads --disable-libmudflap --disable-libssp --disable-libstdcxx-pch --with-arch=mips32r2 --with-float=hard --enable-mips-nonpic --enable-extra-sgxxlite-multilibs --with-gnu-as --with-gnu-ld --enable-languages=c,c++ --enable-shared --enable-symvers=gnu --enable-__cxa_atexit --with-pkgversion='Sourcery G++ Lite 4.3-51' --with-bugurl=https://support.codesourcery.com/GNUToolchain/ --disable-nls --prefix=/opt/codesourcery --with-sysroot=/opt/codesourcery/mips-linux-gnu/libc --with-build-sysroot=/scratch/clm/2008q3-lite/install/mips-linux-gnu/libc --with-gmp=/scratch/clm/2008q3-lite/obj/host-libs-4.3-51-mips-linux-gnu-i686-pc-linux-gnu/usr --with-mpfr=/scratch/clm/2008q3-lite/obj/host-libs-4.3-51-mips-linux-gnu-i686-pc-linux-gnu/usr --disable-libgomp --enable-poison-system-directories --with-build-time-tools=/scratch/clm/2008q3-lite/install/mips-linux-gnu/bin --with-build-time-tools=/scratch/clm/2008q3-lite/install/mips-linux-gnu/bin
Thread model: posix
gcc version 4.3.2 (Sourcery G++ Lite 4.3-51) 
configure:13022: $? = 0
configure:13011: mips-linux-gnu-gcc -EL -V >&5
mips-linux-gnu-gcc: '-V' must come at the start of the command line
configure:13022: $? = 1
configure:13011: mips-linux-gnu-gcc -EL -qversion >&5
mips-linux-gnu-gcc: unrecognized option '-qversion'
mips-linux-gnu-gcc: no input files
configure:13022: $? = 1
configure:13026: checking whether we are using the GNU C compiler
configure:13054: result: yes
configure:13063: checking whether mips-linux-gnu-gcc -EL accepts -g
configure:13124: result: yes
configure:13141: checking for mips-linux-gnu-gcc -EL option to accept ISO C89
configure:13218: result: none needed
configure:13240: checking dependency style of mips-linux-gnu-gcc -EL
configure:13350: result: gcc3
configure:13371: checking whether mips-linux-gnu-gcc -EL and cc understand -c and -o together
configure:13402: mips-linux-gnu-gcc -EL -c conftest.c -o conftest2.o >&5
configure:13406: $? = 0
configure:13412: mips-linux-gnu-gcc -EL -c conftest.c -o conftest2.o >&5
configure:13416: $? = 0
configure:13427: cc -c conftest.c >&5
configure:13431: $? = 0
configure:13439: cc -c conftest.c -o conftest2.o >&5
configure:13443: $? = 0
configure:13449: cc -c conftest.c -o conftest2.o >&5
configure:13453: $? = 0
configure:13471: result: yes
configure:13499: checking for valgrind
configure:13517: found /usr/bin/valgrind
configure:13530: result: /usr/bin/valgrind
configure:14287: checking whether to build gtk-doc documentation
configure:14289: result: no
configure:14296: checking for gtkdoc-check
configure:14314: found /usr/bin/gtkdoc-check
configure:14326: result: /usr/bin/gtkdoc-check
configure:14360: Looking for Python version >= 2.1
configure:14378: checking for python
configure:14396: found /usr/bin/python
configure:14408: result: /usr/bin/python
configure:14420: checking "/usr/bin/python":
configure:14422: result: okay
configure:14438: checking local Python configuration
configure:14475: result: looks good
configure:14483: checking whether to build plugin documentation
configure:14490: result: no (gtk-doc disabled or not available)
configure:14593: checking for cos in -lm
configure:14618: mips-linux-gnu-gcc -EL -o conftest -fPIC -march=mips32r2 -Wa,-mips32r2 -g -I/utils/release/sets/3_9_3_iptv_dev/csrootfs/cross_rootfs/include -L/users/phai/share/GSTReamer_compilation/lib 	-L/utils/release/sets/3_9_3_iptv_dev/csrootfs/cross_rootfs/lib conftest.c -lm  -lz >&5
conftest.c:34: warning: conflicting types for built-in function 'cos'
configure:14618: $? = 0
configure:14627: result: yes
configure:14640: checking for ANSI C header files
configure:14744: result: yes
configure:14766: checking for GST
configure:14774: $PKG_CONFIG --exists --print-errors "$module >= $minver"
configure:14777: $? = 0
configure:14792: $PKG_CONFIG --exists --print-errors "$module >= $minver"
configure:14795: $? = 0
configure:14855: result: yes
configure:14869: using GStreamer tools in /users/phai/share/GSTReamer_compilation/bin
configure:14879: using GStreamer plug-ins in /users/phai/share/GSTReamer_compilation/lib/gstreamer-0.10
configure:14891: checking for GST_BASE
configure:14899: $PKG_CONFIG --exists --print-errors "$module >= $minver"
configure:14902: $? = 0
configure:14917: $PKG_CONFIG --exists --print-errors "$module >= $minver"
configure:14920: $? = 0
configure:14980: result: yes
configure:14997: checking for GST_PLUGINS_BASE
configure:15005: $PKG_CONFIG --exists --print-errors "$module >= $minver"
configure:15008: $? = 0
configure:15023: $PKG_CONFIG --exists --print-errors "$module >= $minver"
configure:15026: $? = 0
configure:15086: result: yes
configure:15101: using GStreamer Base Plug-ins in /users/phai/share/GSTReamer_compilation/lib/gstreamer-0.10
configure:15113: checking for GST_CHECK
configure:15121: $PKG_CONFIG --exists --print-errors "$module >= $minver"
configure:15124: $? = 0
configure:15139: $PKG_CONFIG --exists --print-errors "$module >= $minver"
configure:15142: $? = 0
configure:15202: result: yes
configure:15220: Using GStreamer Core Plugins in /users/phai/share/GSTReamer_compilation/lib/gstreamer-0.10
configure:15222: Using GStreamer Base Plugins in /users/phai/share/GSTReamer_compilation/lib/gstreamer-0.10
configure:15244: checking for ORC
configure:15252: $PKG_CONFIG --exists --print-errors "orc-0.4 >= $ORC_REQ"
Package orc-0.4 was not found in the pkg-config search path.
Perhaps you should add the directory containing `orc-0.4.pc'
to the PKG_CONFIG_PATH environment variable
No package 'orc-0.4' found
configure:15255: $? = 1
configure:15270: $PKG_CONFIG --exists --print-errors "orc-0.4 >= $ORC_REQ"
Package orc-0.4 was not found in the pkg-config search path.
Perhaps you should add the directory containing `orc-0.4.pc'
to the PKG_CONFIG_PATH environment variable
No package 'orc-0.4' found
configure:15273: $? = 1
No package 'orc-0.4' found
configure:15301: result: no
configure:15388: Using /users/phai/share/GSTReamer_compilation/lib/gstreamer-0.10 as the plugin install location
configure:15396: checking to see if compiler understands 
configure:15413: mips-linux-gnu-gcc -EL -c -fPIC -march=mips32r2 -Wa,-mips32r2 -g  -I/utils/release/sets/3_9_3_iptv_dev/csrootfs/cross_rootfs/include conftest.c >&5
configure:15413: $? = 0
configure:15428: result: yes
configure:15439: checking to see if compiler understands -Wall
configure:15456: mips-linux-gnu-gcc -EL -c -fPIC -march=mips32r2 -Wa,-mips32r2 -g -Wall -I/utils/release/sets/3_9_3_iptv_dev/csrootfs/cross_rootfs/include conftest.c >&5
configure:15456: $? = 0
configure:15471: result: yes
configure:15476: checking to see if compiler understands -Wdeclaration-after-statement
configure:15493: mips-linux-gnu-gcc -EL -c -fPIC -march=mips32r2 -Wa,-mips32r2 -g -Wdeclaration-after-statement -I/utils/release/sets/3_9_3_iptv_dev/csrootfs/cross_rootfs/include conftest.c >&5
configure:15493: $? = 0
configure:15508: result: yes
configure:15513: checking to see if compiler understands -Wvla
configure:15530: mips-linux-gnu-gcc -EL -c -fPIC -march=mips32r2 -Wa,-mips32r2 -g -Wvla -I/utils/release/sets/3_9_3_iptv_dev/csrootfs/cross_rootfs/include conftest.c >&5
configure:15530: $? = 0
configure:15545: result: yes
configure:15550: checking to see if compiler understands -Wpointer-arith
configure:15567: mips-linux-gnu-gcc -EL -c -fPIC -march=mips32r2 -Wa,-mips32r2 -g -Wpointer-arith -I/utils/release/sets/3_9_3_iptv_dev/csrootfs/cross_rootfs/include conftest.c >&5
configure:15567: $? = 0
configure:15582: result: yes
configure:15774: checking to see if compiler understands -Wmissing-declarations
configure:15791: mips-linux-gnu-gcc -EL -c -fPIC -march=mips32r2 -Wa,-mips32r2 -g -Wmissing-declarations -I/utils/release/sets/3_9_3_iptv_dev/csrootfs/cross_rootfs/include conftest.c >&5
configure:15791: $? = 0
configure:15806: result: yes
configure:15774: checking to see if compiler understands -Wmissing-prototypes
configure:15791: mips-linux-gnu-gcc -EL -c -fPIC -march=mips32r2 -Wa,-mips32r2 -g -Wmissing-prototypes -I/utils/release/sets/3_9_3_iptv_dev/csrootfs/cross_rootfs/include conftest.c >&5
configure:15791: $? = 0
configure:15806: result: yes
configure:15774: checking to see if compiler understands -Wredundant-decls
configure:15791: mips-linux-gnu-gcc -EL -c -fPIC -march=mips32r2 -Wa,-mips32r2 -g -Wredundant-decls -I/utils/release/sets/3_9_3_iptv_dev/csrootfs/cross_rootfs/include conftest.c >&5
configure:15791: $? = 0
configure:15806: result: yes
configure:15774: checking to see if compiler understands -Wundef
configure:15791: mips-linux-gnu-gcc -EL -c -fPIC -march=mips32r2 -Wa,-mips32r2 -g -Wundef -I/utils/release/sets/3_9_3_iptv_dev/csrootfs/cross_rootfs/include conftest.c >&5
configure:15791: $? = 0
configure:15806: result: yes
configure:15774: checking to see if compiler understands -Wwrite-strings
configure:15791: mips-linux-gnu-gcc -EL -c -fPIC -march=mips32r2 -Wa,-mips32r2 -g -Wwrite-strings -I/utils/release/sets/3_9_3_iptv_dev/csrootfs/cross_rootfs/include conftest.c >&5
configure:15791: $? = 0
configure:15806: result: yes
configure:15774: checking to see if compiler understands -Wformat-nonliteral
configure:15791: mips-linux-gnu-gcc -EL -c -fPIC -march=mips32r2 -Wa,-mips32r2 -g -Wformat-nonliteral -I/utils/release/sets/3_9_3_iptv_dev/csrootfs/cross_rootfs/include conftest.c >&5
cc1: warning: -Wformat-nonliteral ignored without -Wformat
configure:15791: $? = 0
configure:15806: result: yes
configure:15774: checking to see if compiler understands -Wformat-security
configure:15791: mips-linux-gnu-gcc -EL -c -fPIC -march=mips32r2 -Wa,-mips32r2 -g -Wformat-security -I/utils/release/sets/3_9_3_iptv_dev/csrootfs/cross_rootfs/include conftest.c >&5
cc1: warning: -Wformat-security ignored without -Wformat
configure:15791: $? = 0
configure:15806: result: yes
configure:15774: checking to see if compiler understands -Wold-style-definition
configure:15791: mips-linux-gnu-gcc -EL -c -fPIC -march=mips32r2 -Wa,-mips32r2 -g -Wold-style-definition -I/utils/release/sets/3_9_3_iptv_dev/csrootfs/cross_rootfs/include conftest.c >&5
conftest.c: In function 'main':
conftest.c:33: warning: old-style function definition
configure:15791: $? = 0
configure:15806: result: yes
configure:15774: checking to see if compiler understands -Wcast-align
configure:15791: mips-linux-gnu-gcc -EL -c -fPIC -march=mips32r2 -Wa,-mips32r2 -g -Wcast-align -I/utils/release/sets/3_9_3_iptv_dev/csrootfs/cross_rootfs/include conftest.c >&5
configure:15791: $? = 0
configure:15806: result: yes
configure:15774: checking to see if compiler understands -Winit-self
configure:15791: mips-linux-gnu-gcc -EL -c -fPIC -march=mips32r2 -Wa,-mips32r2 -g -Winit-self -I/utils/release/sets/3_9_3_iptv_dev/csrootfs/cross_rootfs/include conftest.c >&5
configure:15791: $? = 0
configure:15806: result: yes
configure:15774: checking to see if compiler understands -Wmissing-include-dirs
configure:15791: mips-linux-gnu-gcc -EL -c -fPIC -march=mips32r2 -Wa,-mips32r2 -g -Wmissing-include-dirs -I/utils/release/sets/3_9_3_iptv_dev/csrootfs/cross_rootfs/include conftest.c >&5
configure:15791: $? = 0
configure:15806: result: yes
configure:15774: checking to see if compiler understands -Waddress
configure:15791: mips-linux-gnu-gcc -EL -c -fPIC -march=mips32r2 -Wa,-mips32r2 -g -Waddress -I/utils/release/sets/3_9_3_iptv_dev/csrootfs/cross_rootfs/include conftest.c >&5
configure:15791: $? = 0
configure:15806: result: yes
configure:15774: checking to see if compiler understands -Waggregate-return
configure:15791: mips-linux-gnu-gcc -EL -c -fPIC -march=mips32r2 -Wa,-mips32r2 -g -Waggregate-return -I/utils/release/sets/3_9_3_iptv_dev/csrootfs/cross_rootfs/include conftest.c >&5
configure:15791: $? = 0
configure:15806: result: yes
configure:15774: checking to see if compiler understands -Wno-multichar
configure:15791: mips-linux-gnu-gcc -EL -c -fPIC -march=mips32r2 -Wa,-mips32r2 -g -Wno-multichar -I/utils/release/sets/3_9_3_iptv_dev/csrootfs/cross_rootfs/include conftest.c >&5
configure:15791: $? = 0
configure:15806: result: yes
configure:15774: checking to see if compiler understands -Wnested-externs
configure:15791: mips-linux-gnu-gcc -EL -c -fPIC -march=mips32r2 -Wa,-mips32r2 -g -Wnested-externs -I/utils/release/sets/3_9_3_iptv_dev/csrootfs/cross_rootfs/include conftest.c >&5
configure:15791: $? = 0
configure:15806: result: yes
configure:15818: set WARNING_CFLAGS to  -Wall -Wdeclaration-after-statement -Wvla -Wpointer-arith -Wmissing-declarations -Wmissing-prototypes -Wredundant-decls -Wundef -Wwrite-strings -Wformat-nonliteral -Wformat-security -Wold-style-definition -Wcast-align -Winit-self -Wmissing-include-dirs -Waddress -Waggregate-return -Wno-multichar -Wnested-externs
configure:15820: set ERROR_CFLAGS to 
configure:15878: checking for BZ2_bzlibVersion in -lbz2
configure:15903: mips-linux-gnu-gcc -EL -o conftest -fPIC -march=mips32r2 -Wa,-mips32r2 -g -I/utils/release/sets/3_9_3_iptv_dev/csrootfs/cross_rootfs/include -L/users/phai/share/GSTReamer_compilation/lib 	-L/utils/release/sets/3_9_3_iptv_dev/csrootfs/cross_rootfs/lib conftest.c -lbz2  -lz >&5
/utils/release/sets/3_9_3_iptv_dev/mips-4.3-51-mips-linux-gnu-i686-pc-linux-gnu/bin/../lib/gcc/mips-linux-gnu/4.3.2/../../../../mips-linux-gnu/bin/ld: cannot find -lbz2
collect2: ld returned 1 exit status
configure:15903: $? = 1
configure: failed program was:
| /* confdefs.h */
| #define PACKAGE_NAME "GStreamer FFMpeg"
| #define PACKAGE_TARNAME "gst-ffmpeg"
| #define PACKAGE_VERSION "0.10.11"
| #define PACKAGE_STRING "GStreamer FFMpeg 0.10.11"
| #define PACKAGE_BUGREPORT "http://bugzilla.gnome.org/enter_bug.cgi?product=GStreamer"
| #define PACKAGE_URL ""
| #define PACKAGE "gst-ffmpeg"
| #define VERSION "0.10.11"
| #define STDC_HEADERS 1
| #define HAVE_SYS_TYPES_H 1
| #define HAVE_SYS_STAT_H 1
| #define HAVE_STDLIB_H 1
| #define HAVE_STRING_H 1
| #define HAVE_MEMORY_H 1
| #define HAVE_STRINGS_H 1
| #define HAVE_INTTYPES_H 1
| #define HAVE_STDINT_H 1
| #define HAVE_UNISTD_H 1
| #define HAVE_DLFCN_H 1
| #define LT_OBJDIR ".libs/"
| #define GST_PACKAGE_NAME "GStreamer FFMpeg source release"
| #define GST_PACKAGE_ORIGIN "Unknown package origin"
| #define HAVE_CPU_MIPS 1
| #define HOST_CPU "mips"
| #define STDC_HEADERS 1
| #define DISABLE_ORC 1
| #define PLUGINDIR "/users/phai/share/GSTReamer_compilation/lib/gstreamer-0.10"
| #define GST_LEVEL_DEFAULT GST_LEVEL_NONE
| /* end confdefs.h.  */
| 
| /* Override any GCC internal prototype to avoid an error.
|    Use char because int might match the return type of a GCC
|    builtin and then its argument prototype would still apply.  */
| #ifdef __cplusplus
| extern "C"
| #endif
| char BZ2_bzlibVersion ();
| int
| main ()
| {
| return BZ2_bzlibVersion ();
|   ;
|   return 0;
| }
configure:15912: result: no
configure:15949: WARNING: libbz2 not found, matroska demuxer will not be able to read bz2 tracks
configure:16317: Using ffmpeg revision 23623
configure:16420: Using included FFMpeg code
configure:16684: creating ./config.status

## ---------------------- ##
## Running config.status. ##
## ---------------------- ##

This file was extended by GStreamer FFMpeg config.status 0.10.11, which was
generated by GNU Autoconf 2.65.  Invocation command line was

  CONFIG_FILES    = 
  CONFIG_HEADERS  = 
  CONFIG_LINKS    = 
  CONFIG_COMMANDS = 
  $ ./config.status 

on panda

config.status:1247: creating Makefile
config.status:1247: creating common/Makefile
config.status:1247: creating common/m4/Makefile
config.status:1247: creating gst-ffmpeg.spec
config.status:1247: creating ext/Makefile
config.status:1247: creating ext/ffmpeg/Makefile
config.status:1247: creating ext/libpostproc/Makefile
config.status:1247: creating ext/libswscale/Makefile
config.status:1247: creating gst-libs/Makefile
config.status:1247: creating gst-libs/ext/Makefile
config.status:1247: creating docs/Makefile
config.status:1247: creating docs/version.entities
config.status:1247: creating tests/Makefile
config.status:1247: creating tests/check/Makefile
config.status:1247: creating tests/files/Makefile
config.status:1247: creating config.h
config.status:1419: config.h is unchanged
config.status:1467: executing depfiles commands
config.status:1467: executing libtool commands
config.status:1467: executing configure-embedded-ffmpeg commands
config.status:2226: error: Failed to configure embedded FFmpeg tree

## ---------------- ##
## Cache variables. ##
## ---------------- ##

ac_cv_build=i686-pc-linux-gnu
ac_cv_c_bigendian=no
ac_cv_c_compiler_gnu=yes
ac_cv_env_CC_set=set
ac_cv_env_CC_value='mips-linux-gnu-gcc -EL'
ac_cv_env_CFLAGS_set=set
ac_cv_env_CFLAGS_value='-fPIC -march=mips32r2 -Wa,-mips32r2 -g'
ac_cv_env_CPPFLAGS_set=set
ac_cv_env_CPPFLAGS_value=-I/utils/release/sets/3_9_3_iptv_dev/csrootfs/cross_rootfs/include
ac_cv_env_CPP_set=
ac_cv_env_CPP_value=
ac_cv_env_FFMPEG_CFLAGS_set=
ac_cv_env_FFMPEG_CFLAGS_value=
ac_cv_env_FFMPEG_LIBS_set=
ac_cv_env_FFMPEG_LIBS_value=
ac_cv_env_GST_BASE_CFLAGS_set=
ac_cv_env_GST_BASE_CFLAGS_value=
ac_cv_env_GST_BASE_LIBS_set=
ac_cv_env_GST_BASE_LIBS_value=
ac_cv_env_GST_CFLAGS_set=
ac_cv_env_GST_CFLAGS_value=
ac_cv_env_GST_CHECK_CFLAGS_set=
ac_cv_env_GST_CHECK_CFLAGS_value=
ac_cv_env_GST_CHECK_LIBS_set=
ac_cv_env_GST_CHECK_LIBS_value=
ac_cv_env_GST_LIBS_set=
ac_cv_env_GST_LIBS_value=
ac_cv_env_GST_PLUGINS_BASE_CFLAGS_set=
ac_cv_env_GST_PLUGINS_BASE_CFLAGS_value=
ac_cv_env_GST_PLUGINS_BASE_LIBS_set=
ac_cv_env_GST_PLUGINS_BASE_LIBS_value=
ac_cv_env_LDFLAGS_set=set
ac_cv_env_LDFLAGS_value='-L/users/phai/share/GSTReamer_compilation/lib 	-L/utils/release/sets/3_9_3_iptv_dev/csrootfs/cross_rootfs/lib'
ac_cv_env_LIBS_set=set
ac_cv_env_LIBS_value=-lz
ac_cv_env_ORC_CFLAGS_set=
ac_cv_env_ORC_CFLAGS_value=
ac_cv_env_ORC_LIBS_set=
ac_cv_env_ORC_LIBS_value=
ac_cv_env_PKG_CONFIG_set=
ac_cv_env_PKG_CONFIG_value=
ac_cv_env_POSTPROC_CFLAGS_set=
ac_cv_env_POSTPROC_CFLAGS_value=
ac_cv_env_POSTPROC_LIBS_set=
ac_cv_env_POSTPROC_LIBS_value=
ac_cv_env_SWSCALE_CFLAGS_set=
ac_cv_env_SWSCALE_CFLAGS_value=
ac_cv_env_SWSCALE_LIBS_set=
ac_cv_env_SWSCALE_LIBS_value=
ac_cv_env_VALGRIND_CFLAGS_set=
ac_cv_env_VALGRIND_CFLAGS_value=
ac_cv_env_VALGRIND_LIBS_set=
ac_cv_env_VALGRIND_LIBS_value=
ac_cv_env_build_alias_set=
ac_cv_env_build_alias_value=
ac_cv_env_host_alias_set=set
ac_cv_env_host_alias_value=mips-linux-gnu
ac_cv_env_target_alias_set=set
ac_cv_env_target_alias_value=mips-linux-gnu
ac_cv_header_dlfcn_h=yes
ac_cv_header_inttypes_h=yes
ac_cv_header_memory_h=yes
ac_cv_header_stdc=yes
ac_cv_header_stdint_h=yes
ac_cv_header_stdlib_h=yes
ac_cv_header_string_h=yes
ac_cv_header_strings_h=yes
ac_cv_header_sys_stat_h=yes
ac_cv_header_sys_types_h=yes
ac_cv_header_unistd_h=yes
ac_cv_host=mips-unknown-linux-gnu
ac_cv_lib_bz2_BZ2_bzlibVersion=no
ac_cv_lib_m_cos=yes
ac_cv_objext=o
ac_cv_path_EGREP='/bin/grep -E'
ac_cv_path_FGREP='/bin/grep -F'
ac_cv_path_GREP=/bin/grep
ac_cv_path_GTKDOC_CHECK=/usr/bin/gtkdoc-check
ac_cv_path_PYTHON=/usr/bin/python
ac_cv_path_SED=/utils/release/sets/3_9_3_iptv_dev/csrootfs/cross_rootfs/bin/sed
ac_cv_path_VALGRIND_PATH=/usr/bin/valgrind
ac_cv_path_ac_pt_PKG_CONFIG=/usr/bin/pkg-config
ac_cv_path_install='/usr/bin/install -c'
ac_cv_path_mkdir=/bin/mkdir
ac_cv_prog_AR=mips-linux-gnu-ar
ac_cv_prog_AWK=gawk
ac_cv_prog_CC='mips-linux-gnu-gcc -EL'
ac_cv_prog_CPP='mips-linux-gnu-gcc -EL -E'
ac_cv_prog_OBJDUMP=objdump
ac_cv_prog_RANLIB=mips-linux-gnu-ranlib
ac_cv_prog_STRIP=mips-linux-gnu-strip
ac_cv_prog_cc_c89=
ac_cv_prog_cc_g=yes
ac_cv_prog_cc_mips_linux_gnu_gcc_c_o=yes
ac_cv_prog_make_make_set=yes
am_cv_CC_dependencies_compiler_type=gcc3
am_cv_prog_cc_stdc=
lt_cv_archive_cmds_need_lc=no
lt_cv_deplibs_check_method=pass_all
lt_cv_file_magic_cmd='$MAGIC_CMD'
lt_cv_file_magic_test_file=
lt_cv_ld_reload_flag=-r
lt_cv_nm_interface='BSD nm'
lt_cv_objdir=.libs
lt_cv_path_LD=/utils/release/sets/3_9_3_iptv_dev/mips-4.3-51-mips-linux-gnu-i686-pc-linux-gnu/mips-linux-gnu/bin/ld
lt_cv_path_NM='/utils/release/sets/3_9_3_iptv_dev/cstoolchain/bin//mips-linux-gnu-nm -B'
lt_cv_prog_compiler_c_o=yes
lt_cv_prog_compiler_pic_works=yes
lt_cv_prog_compiler_rtti_exceptions=no
lt_cv_prog_compiler_static_works=yes
lt_cv_prog_gnu_ld=yes
lt_cv_shlibpath_overrides_runpath=no
lt_cv_sys_global_symbol_pipe='sed -n -e '\''s/^.*[	 ]\([ABCDGIRSTW][ABCDGIRSTW]*\)[	 ][	 ]*\([_A-Za-z][_A-Za-z0-9]*\)$/\1 \2 \2/p'\'''
lt_cv_sys_global_symbol_to_c_name_address='sed -n -e '\''s/^: \([^ ]*\) $/  {\"\1\", (void *) 0},/p'\'' -e '\''s/^[ABCDGIRSTW]* \([^ ]*\) \([^ ]*\)$/  {"\2", (void *) \&\2},/p'\'''
lt_cv_sys_global_symbol_to_c_name_address_lib_prefix='sed -n -e '\''s/^: \([^ ]*\) $/  {\"\1\", (void *) 0},/p'\'' -e '\''s/^[ABCDGIRSTW]* \([^ ]*\) \(lib[^ ]*\)$/  {"\2", (void *) \&\2},/p'\'' -e '\''s/^[ABCDGIRSTW]* \([^ ]*\) \([^ ]*\)$/  {"lib\2", (void *) \&\2},/p'\'''
lt_cv_sys_global_symbol_to_cdecl='sed -n -e '\''s/^T .* \(.*\)$/extern int \1();/p'\'' -e '\''s/^[ABCDGIRSTW]* .* \(.*\)$/extern char \1;/p'\'''
lt_cv_sys_max_cmd_len=1572864
pkg_cv_GST_BASE_CFLAGS='-pthread -I/users/phai/share/GSTReamer_compilation/include/gstreamer-0.10 -I/users/phai/share/GSTReamer_compilation/include/glib-2.0 -I/users/phai/share/GSTReamer_compilation/lib/glib-2.0/include -I/users/phai/share/GSTReamer_compilation/include/libxml2  '
pkg_cv_GST_BASE_LIBS='-pthread -L/users/phai/share/GSTReamer_compilation/lib -lgstbase-0.10 -lgstreamer-0.10 -lgobject-2.0 -lgmodule-2.0 -lxml2 -lgthread-2.0 -lrt -lglib-2.0  '
pkg_cv_GST_CFLAGS='-pthread -I/users/phai/share/GSTReamer_compilation/include/gstreamer-0.10 -I/users/phai/share/GSTReamer_compilation/include/glib-2.0 -I/users/phai/share/GSTReamer_compilation/lib/glib-2.0/include -I/users/phai/share/GSTReamer_compilation/include/libxml2  '
pkg_cv_GST_CHECK_CFLAGS='-pthread -I/users/phai/share/GSTReamer_compilation/include/gstreamer-0.10 -I/users/phai/share/GSTReamer_compilation/include/glib-2.0 -I/users/phai/share/GSTReamer_compilation/lib/glib-2.0/include -I/users/phai/share/GSTReamer_compilation/include/libxml2  '
pkg_cv_GST_CHECK_LIBS='-pthread -L/users/phai/share/GSTReamer_compilation/lib -lgstcheck-0.10 -lm -lgstreamer-0.10 -lgobject-2.0 -lgmodule-2.0 -lxml2 -lgthread-2.0 -lrt -lglib-2.0  '
pkg_cv_GST_LIBS='-pthread -L/users/phai/share/GSTReamer_compilation/lib -lgstreamer-0.10 -lgobject-2.0 -lgmodule-2.0 -lxml2 -lgthread-2.0 -lrt -lglib-2.0  '
pkg_cv_GST_PLUGINS_BASE_CFLAGS='-pthread -I/users/phai/share/GSTReamer_compilation/include/gstreamer-0.10 -I/users/phai/share/GSTReamer_compilation/include/glib-2.0 -I/users/phai/share/GSTReamer_compilation/lib/glib-2.0/include -I/users/phai/share/GSTReamer_compilation/include/libxml2  '
pkg_cv_GST_PLUGINS_BASE_LIBS='-pthread -L/users/phai/share/GSTReamer_compilation/lib -lgstreamer-0.10 -lgobject-2.0 -lgmodule-2.0 -lxml2 -lgthread-2.0 -lrt -lglib-2.0  '

## ----------------- ##
## Output variables. ##
## ----------------- ##

ACLOCAL='${SHELL} /users/phai/share/GSTReamer_compilation/gst-ffmpeg-0.10.11/missing --run aclocal-1.11'
ACLOCAL_AMFLAGS='-I m4 -I common/m4'
AMDEPBACKSLASH='\'
AMDEP_FALSE='#'
AMDEP_TRUE=''
AMTAR='${SHELL} /users/phai/share/GSTReamer_compilation/gst-ffmpeg-0.10.11/missing --run tar'
AM_BACKSLASH='\'
AM_DEFAULT_VERBOSITY='0'
AR='mips-linux-gnu-ar'
AS='mips-linux-gnu-gcc -EL'
AUTOCONF='${SHELL} /users/phai/share/GSTReamer_compilation/gst-ffmpeg-0.10.11/missing --run autoconf'
AUTOHEADER='${SHELL} /users/phai/share/GSTReamer_compilation/gst-ffmpeg-0.10.11/missing --run autoheader'
AUTOMAKE='${SHELL} /users/phai/share/GSTReamer_compilation/gst-ffmpeg-0.10.11/missing --run automake-1.11'
AWK='gawk'
CAT_ENTRY_END=''
CAT_ENTRY_START=''
CC='mips-linux-gnu-gcc -EL'
CCDEPMODE='depmode=gcc3'
CFLAGS='-fPIC -march=mips32r2 -Wa,-mips32r2 -g'
CPP='mips-linux-gnu-gcc -EL -E'
CPPFLAGS='-I/utils/release/sets/3_9_3_iptv_dev/csrootfs/cross_rootfs/include'
CYGPATH_W='echo'
DARWIN_LDFLAGS=''
DEFS='-DHAVE_CONFIG_H'
DEPDIR='.deps'
DEPRECATED_CFLAGS=''
DLLTOOL='dlltool'
DOCBOOK_ROOT=''
DOC_HTML_FALSE=''
DOC_HTML_TRUE='#'
DOC_PDF_FALSE=''
DOC_PDF_TRUE='#'
DOC_PS_FALSE=''
DOC_PS_TRUE='#'
DSYMUTIL=''
DUMPBIN=''
ECHO_C=''
ECHO_N='-n'
ECHO_T=''
EGREP='/bin/grep -E'
ENABLE_DOCBOOK_FALSE=''
ENABLE_DOCBOOK_TRUE='#'
ENABLE_GTK_DOC_FALSE=''
ENABLE_GTK_DOC_TRUE='#'
ENABLE_PLUGIN_DOCS_FALSE=''
ENABLE_PLUGIN_DOCS_TRUE='#'
ERROR_CFLAGS=''
EXEEXT=''
FFMPEG_CFLAGS='-I $(top_srcdir)/gst-libs/ext/ffmpeg/libavformat                  -I $(top_srcdir)/gst-libs/ext/ffmpeg/libavutil                  -I $(top_srcdir)/gst-libs/ext/ffmpeg/libavcodec 		 -I $(top_srcdir)/gst-libs/ext/ffmpeg 		 -I $(top_builddir)/gst-libs/ext/ffmpeg                  -Wno-deprecated-declarations'
FFMPEG_CO_DIR='gst-libs/ext/ffmpeg'
FFMPEG_EXTERNALS_REVISION=''
FFMPEG_LIBS='$(top_builddir)/gst-libs/ext/ffmpeg/libavformat/libavformat.a                $(top_builddir)/gst-libs/ext/ffmpeg/libavcodec/libavcodec.a                $(top_builddir)/gst-libs/ext/ffmpeg/libavutil/libavutil.a'
FFMPEG_REVISION='23623'
FFMPEG_SUBDIRS='gst-libs'
FFMPEG_SVN='svn://svn.ffmpeg.org/ffmpeg/branches/0.6'
FGREP='/bin/grep -F'
GREP='/bin/grep'
GSTPB_PLUGINS_DIR='/users/phai/share/GSTReamer_compilation/lib/gstreamer-0.10'
GST_ALL_LDFLAGS='-no-undefined'
GST_BASE_CFLAGS='-pthread -I/users/phai/share/GSTReamer_compilation/include/gstreamer-0.10 -I/users/phai/share/GSTReamer_compilation/include/glib-2.0 -I/users/phai/share/GSTReamer_compilation/lib/glib-2.0/include -I/users/phai/share/GSTReamer_compilation/include/libxml2  '
GST_BASE_LIBS='-pthread -L/users/phai/share/GSTReamer_compilation/lib -lgstbase-0.10 -lgstreamer-0.10 -lgobject-2.0 -lgmodule-2.0 -lxml2 -lgthread-2.0 -lrt -lglib-2.0  '
GST_CFLAGS='-I$(top_srcdir)/gst-libs -I$(top_builddir)/gst-libs -pthread -I/users/phai/share/GSTReamer_compilation/include/gstreamer-0.10 -I/users/phai/share/GSTReamer_compilation/include/glib-2.0 -I/users/phai/share/GSTReamer_compilation/lib/glib-2.0/include -I/users/phai/share/GSTReamer_compilation/include/libxml2    $(GST_OPTION_CFLAGS)'
GST_CHECK_CFLAGS='-pthread -I/users/phai/share/GSTReamer_compilation/include/gstreamer-0.10 -I/users/phai/share/GSTReamer_compilation/include/glib-2.0 -I/users/phai/share/GSTReamer_compilation/lib/glib-2.0/include -I/users/phai/share/GSTReamer_compilation/include/libxml2  '
GST_CHECK_LIBS='-pthread -L/users/phai/share/GSTReamer_compilation/lib -lgstcheck-0.10 -lm -lgstreamer-0.10 -lgobject-2.0 -lgmodule-2.0 -lxml2 -lgthread-2.0 -lrt -lglib-2.0  '
GST_LEVEL_DEFAULT='GST_LEVEL_NONE'
GST_LIBS='-pthread -L/users/phai/share/GSTReamer_compilation/lib -lgstreamer-0.10 -lgobject-2.0 -lgmodule-2.0 -lxml2 -lgthread-2.0 -lrt -lglib-2.0  '
GST_MAJORMINOR='0.10'
GST_OPTION_CFLAGS='$(WARNING_CFLAGS) $(ERROR_CFLAGS) $(DEBUG_CFLAGS) $(PROFILE_CFLAGS) $(GCOV_CFLAGS) $(OPT_CFLAGS) $(DEPRECATED_CFLAGS)'
GST_PACKAGE_NAME='GStreamer FFMpeg source release'
GST_PACKAGE_ORIGIN='Unknown package origin'
GST_PLUGINS_BASE_CFLAGS='-pthread -I/users/phai/share/GSTReamer_compilation/include/gstreamer-0.10 -I/users/phai/share/GSTReamer_compilation/include/glib-2.0 -I/users/phai/share/GSTReamer_compilation/lib/glib-2.0/include -I/users/phai/share/GSTReamer_compilation/include/libxml2  '
GST_PLUGINS_BASE_LIBS='-pthread -L/users/phai/share/GSTReamer_compilation/lib -lgstreamer-0.10 -lgobject-2.0 -lgmodule-2.0 -lxml2 -lgthread-2.0 -lrt -lglib-2.0  '
GST_PLUGINS_DIR='/users/phai/share/GSTReamer_compilation/lib/gstreamer-0.10'
GST_PLUGIN_LDFLAGS='-module -avoid-version -export-symbols-regex '\''^_*gst_plugin_desc$$'\'' -no-undefined'
GST_TOOLS_DIR='/users/phai/share/GSTReamer_compilation/bin'
GTKDOC_CHECK='/usr/bin/gtkdoc-check'
GTK_DOC_USE_LIBTOOL_FALSE='#'
GTK_DOC_USE_LIBTOOL_TRUE=''
HAVE_BZ2='no'
HAVE_BZ2_FALSE=''
HAVE_BZ2_TRUE='#'
HAVE_CPU_ALPHA_FALSE=''
HAVE_CPU_ALPHA_TRUE='#'
HAVE_CPU_ARM_FALSE=''
HAVE_CPU_ARM_TRUE='#'
HAVE_CPU_CRISV32_FALSE=''
HAVE_CPU_CRISV32_TRUE='#'
HAVE_CPU_CRIS_FALSE=''
HAVE_CPU_CRIS_TRUE='#'
HAVE_CPU_HPPA_FALSE=''
HAVE_CPU_HPPA_TRUE='#'
HAVE_CPU_I386_FALSE=''
HAVE_CPU_I386_TRUE='#'
HAVE_CPU_IA64_FALSE=''
HAVE_CPU_IA64_TRUE='#'
HAVE_CPU_M68K_FALSE=''
HAVE_CPU_M68K_TRUE='#'
HAVE_CPU_MIPS_FALSE='#'
HAVE_CPU_MIPS_TRUE=''
HAVE_CPU_PPC64_FALSE=''
HAVE_CPU_PPC64_TRUE='#'
HAVE_CPU_PPC_FALSE=''
HAVE_CPU_PPC_TRUE='#'
HAVE_CPU_S390_FALSE=''
HAVE_CPU_S390_TRUE='#'
HAVE_CPU_SPARC_FALSE=''
HAVE_CPU_SPARC_TRUE='#'
HAVE_CPU_X86_64_FALSE=''
HAVE_CPU_X86_64_TRUE='#'
HAVE_DOCBOOK2HTML=''
HAVE_DOCBOOK2PS=''
HAVE_DVIPS=''
HAVE_EPSTOPDF=''
HAVE_FFMPEG_UNINSTALLED_FALSE='#'
HAVE_FFMPEG_UNINSTALLED_TRUE=''
HAVE_FIG2DEV=''
HAVE_GST_CHECK_FALSE='#'
HAVE_GST_CHECK_TRUE=''
HAVE_JADETEX=''
HAVE_ORC_FALSE=''
HAVE_ORC_TRUE='#'
HAVE_PNGTOPNM=''
HAVE_PNMTOPS=''
HAVE_PS2PDF=''
HAVE_VALGRIND_FALSE='#'
HAVE_VALGRIND_TRUE=''
HAVE_XMLLINT=''
HTML_DIR='${datadir}/gtk-doc/html'
INSTALL_DATA='${INSTALL} -m 644'
INSTALL_PROGRAM='${INSTALL}'
INSTALL_SCRIPT='${INSTALL}'
INSTALL_STRIP_PROGRAM='$(install_sh) -c -s'
LD='/utils/release/sets/3_9_3_iptv_dev/mips-4.3-51-mips-linux-gnu-i686-pc-linux-gnu/mips-linux-gnu/bin/ld'
LDFLAGS='-L/users/phai/share/GSTReamer_compilation/lib 	-L/utils/release/sets/3_9_3_iptv_dev/csrootfs/cross_rootfs/lib'
LIBM='-lm'
LIBOBJS=''
LIBS='-lz'
LIBTOOL='$(SHELL) $(top_builddir)/libtool'
LIPO=''
LN_S='ln -s'
LTLIBOBJS=''
MAINT='#'
MAINTAINER_MODE_FALSE=''
MAINTAINER_MODE_TRUE='#'
MAKEINFO='${SHELL} /users/phai/share/GSTReamer_compilation/gst-ffmpeg-0.10.11/missing --run makeinfo'
MKDIR_P='/bin/mkdir -p'
NM='/utils/release/sets/3_9_3_iptv_dev/cstoolchain/bin//mips-linux-gnu-nm -B'
NMEDIT=''
OBJDUMP='objdump'
OBJEXT='o'
ORCC=''
ORC_CFLAGS=''
ORC_LIBS=''
OTOOL64=''
OTOOL=''
PACKAGE='gst-ffmpeg'
PACKAGE_BUGREPORT='http://bugzilla.gnome.org/enter_bug.cgi?product=GStreamer'
PACKAGE_NAME='GStreamer FFMpeg'
PACKAGE_STRING='GStreamer FFMpeg 0.10.11'
PACKAGE_TARNAME='gst-ffmpeg'
PACKAGE_URL=''
PACKAGE_VERSION='0.10.11'
PACKAGE_VERSION_MAJOR='0'
PACKAGE_VERSION_MICRO='11'
PACKAGE_VERSION_MINOR='10'
PACKAGE_VERSION_NANO='0'
PACKAGE_VERSION_RELEASE='1'
PATH_SEPARATOR=':'
PKG_CONFIG='/usr/bin/pkg-config'
PLUGINDIR='/users/phai/share/GSTReamer_compilation/lib/gstreamer-0.10'
POSTPROC_CFLAGS='-I $(top_srcdir)/gst-libs/ext/ffmpeg/libpostproc	                   -I $(top_srcdir)/gst-libs/ext/ffmpeg/libavutil 	                   -I $(top_srcdir)/gst-libs/ext/ffmpeg/libavcodec 	                   -I $(top_srcdir)/gst-libs/ext/ffmpeg 			   -I $(top_builddir)/gst-libs/ext/ffmpeg                    -Wno-deprecated-declarations'
POSTPROC_LIBS='$(top_builddir)/gst-libs/ext/ffmpeg/libpostproc/libpostproc.a   		 $(top_builddir)/gst-libs/ext/ffmpeg/libavutil/libavutil.a'
PROFILE_CFLAGS=''
PYTHON='/usr/bin/python'
PYTHON_EXEC_PREFIX='${exec_prefix}'
PYTHON_PLATFORM='linux2'
PYTHON_PREFIX='${prefix}'
PYTHON_VERSION='2.6'
RANLIB='mips-linux-gnu-ranlib'
SED='/utils/release/sets/3_9_3_iptv_dev/csrootfs/cross_rootfs/bin/sed'
SET_MAKE=''
SHELL='/bin/bash'
STRIP='mips-linux-gnu-strip'
SWSCALE_CFLAGS='-I $(top_srcdir)/gst-libs/ext/ffmpeg/libswscale	                  -I $(top_srcdir)/gst-libs/ext/ffmpeg/libavutil 	                  -I $(top_srcdir)/gst-libs/ext/ffmpeg 			   -I $(top_builddir)/gst-libs/ext/ffmpeg                   -Wno-deprecated-declarations'
SWSCALE_LIBS='$(top_builddir)/gst-libs/ext/ffmpeg/libswscale/libswscale.a                 $(top_builddir)/gst-libs/ext/ffmpeg/libavutil/libavutil.a'
VALGRIND_CFLAGS=''
VALGRIND_LIBS=''
VALGRIND_PATH='/usr/bin/valgrind'
VERSION='0.10.11'
WARNING_CFLAGS=' -Wall -Wdeclaration-after-statement -Wvla -Wpointer-arith -Wmissing-declarations -Wmissing-prototypes -Wredundant-decls -Wundef -Wwrite-strings -Wformat-nonliteral -Wformat-security -Wold-style-definition -Wcast-align -Winit-self -Wmissing-include-dirs -Waddress -Waggregate-return -Wno-multichar -Wnested-externs'
WIN32_LIBS=''
XML_CATALOG=''
XSLTPROC=''
XSLTPROC_FLAGS=''
ac_ct_CC=''
ac_ct_DUMPBIN=''
am__EXEEXT_FALSE=''
am__EXEEXT_TRUE='#'
am__fastdepCC_FALSE='#'
am__fastdepCC_TRUE=''
am__include='include'
am__isrc=''
am__leading_dot='.'
am__quote=''
am__tar='${AMTAR} chof - "$$tardir"'
am__untar='${AMTAR} xf -'
bindir='${exec_prefix}/bin'
build='i686-pc-linux-gnu'
build_alias=''
build_cpu='i686'
build_os='linux-gnu'
build_vendor='pc'
datadir='${datarootdir}'
datarootdir='${prefix}/share'
docdir='$(datadir)/doc/gst-ffmpeg-0.10'
dvidir='${docdir}'
exec_prefix='${prefix}'
host='mips-unknown-linux-gnu'
host_alias='mips-linux-gnu'
host_cpu='mips'
host_os='linux-gnu'
host_vendor='unknown'
htmldir='${docdir}'
includedir='${prefix}/include'
infodir='${datarootdir}/info'
install_sh='${SHELL} /users/phai/share/GSTReamer_compilation/gst-ffmpeg-0.10.11/install-sh'
libdir='${exec_prefix}/lib'
libexecdir='${exec_prefix}/libexec'
localedir='${datarootdir}/locale'
localstatedir='${prefix}/var'
mandir='${datarootdir}/man'
mkdir_p='/bin/mkdir -p'
oldincludedir='/usr/include'
pdfdir='${docdir}'
pkgpyexecdir='${pyexecdir}/gst-ffmpeg'
pkgpythondir='${pythondir}/gst-ffmpeg'
plugindir='$(libdir)/gstreamer-0.10'
prefix='/users/phai/share/GSTReamer_compilation'
program_transform_name='s,x,x,'
psdir='${docdir}'
pyexecdir='${exec_prefix}/lib/python2.6/site-packages'
pythondir='${prefix}/lib/python2.6/site-packages'
sbindir='${exec_prefix}/sbin'
sharedstatedir='${prefix}/com'
sysconfdir='${prefix}/etc'
target_alias='mips-linux-gnu'

## ----------- ##
## confdefs.h. ##
## ----------- ##

/* confdefs.h */
#define PACKAGE_NAME "GStreamer FFMpeg"
#define PACKAGE_TARNAME "gst-ffmpeg"
#define PACKAGE_VERSION "0.10.11"
#define PACKAGE_STRING "GStreamer FFMpeg 0.10.11"
#define PACKAGE_BUGREPORT "http://bugzilla.gnome.org/enter_bug.cgi?product=GStreamer"
#define PACKAGE_URL ""
#define PACKAGE "gst-ffmpeg"
#define VERSION "0.10.11"
#define STDC_HEADERS 1
#define HAVE_SYS_TYPES_H 1
#define HAVE_SYS_STAT_H 1
#define HAVE_STDLIB_H 1
#define HAVE_STRING_H 1
#define HAVE_MEMORY_H 1
#define HAVE_STRINGS_H 1
#define HAVE_INTTYPES_H 1
#define HAVE_STDINT_H 1
#define HAVE_UNISTD_H 1
#define HAVE_DLFCN_H 1
#define LT_OBJDIR ".libs/"
#define GST_PACKAGE_NAME "GStreamer FFMpeg source release"
#define GST_PACKAGE_ORIGIN "Unknown package origin"
#define HAVE_CPU_MIPS 1
#define HOST_CPU "mips"
#define STDC_HEADERS 1
#define DISABLE_ORC 1
#define PLUGINDIR "/users/phai/share/GSTReamer_compilation/lib/gstreamer-0.10"
#define GST_LEVEL_DEFAULT GST_LEVEL_NONE
#define HAVE_AVI_H 1
#define FFMPEG_SOURCE "local snapshot"
#define HAVE_FFMPEG_UNINSTALLED /**/

configure: exit 1
